[0.016s] Invoking command in '/home/ros2_ws/build/demo_nodes_cpp': CMAKE_PREFIX_PATH=/opt/ros/foxy /usr/bin/cmake /home/ros2_ws/src/demos/demo_nodes_cpp -DCMAKE_INSTALL_PREFIX=/home/ros2_ws/install/demo_nodes_cpp
[0.117s] -- The C compiler identification is GNU 9.3.0
[0.187s] -- The CXX compiler identification is GNU 9.3.0
[0.192s] -- Check for working C compiler: /usr/bin/cc
[0.344s] -- Check for working C compiler: /usr/bin/cc -- works
[0.345s] -- Detecting C compiler ABI info
[0.439s] -- Detecting C compiler ABI info - done
[0.451s] -- Detecting C compile features
[0.451s] -- Detecting C compile features - done
[0.454s] -- Check for working CXX compiler: /usr/bin/c++
[0.663s] -- Check for working CXX compiler: /usr/bin/c++ -- works
[0.664s] -- Detecting CXX compiler ABI info
[0.891s] -- Detecting CXX compiler ABI info - done
[0.907s] -- Detecting CXX compile features
[0.908s] -- Detecting CXX compile features - done
[0.909s] -- Found ament_cmake: 0.9.8 (/opt/ros/foxy/share/ament_cmake/cmake)
[0.929s] -- Found PythonInterp: /usr/bin/python3 (found suitable version "3.8.10", minimum required is "3") 
[0.932s] -- Using PYTHON_EXECUTABLE: /usr/bin/python3
[1.103s] -- Found example_interfaces: 0.9.1 (/opt/ros/foxy/share/example_interfaces/cmake)
[1.167s] -- Using all available rosidl_typesupport_c: rosidl_typesupport_fastrtps_c;rosidl_typesupport_introspection_c
[1.174s] -- Found rosidl_adapter: 1.2.1 (/opt/ros/foxy/share/rosidl_adapter/cmake)
[1.257s] -- Found OpenSSL: /usr/lib/x86_64-linux-gnu/libcrypto.so (found version "1.1.1f")  
[1.280s] -- Found FastRTPS: /opt/ros/foxy/include  
[1.369s] -- Using all available rosidl_typesupport_cpp: rosidl_typesupport_fastrtps_cpp;rosidl_typesupport_introspection_cpp
[1.533s] -- Found rclcpp: 2.3.1 (/opt/ros/foxy/share/rclcpp/cmake)
[1.576s] -- Found rmw_implementation_cmake: 1.0.3 (/opt/ros/foxy/share/rmw_implementation_cmake/cmake)
[1.578s] -- Using RMW implementation 'rmw_fastrtps_cpp' as default
[1.580s] -- Looking for pthread.h
[1.702s] -- Looking for pthread.h - found
[1.702s] -- Performing Test CMAKE_HAVE_LIBC_PTHREAD
[1.830s] -- Performing Test CMAKE_HAVE_LIBC_PTHREAD - Failed
[1.833s] -- Looking for pthread_create in pthreads
[1.936s] -- Looking for pthread_create in pthreads - not found
[1.937s] -- Looking for pthread_create in pthread
[2.060s] -- Looking for pthread_create in pthread - found
[2.062s] -- Found Threads: TRUE  
[2.221s] -- Found rclcpp_components: 2.3.1 (/opt/ros/foxy/share/rclcpp_components/cmake)
[2.311s] -- Found ament_lint_auto: 0.9.6 (/opt/ros/foxy/share/ament_lint_auto/cmake)
[2.417s] -- Found python_cmake_module: 0.8.1 (/opt/ros/foxy/share/python_cmake_module/cmake)
[2.442s] -- Found PythonInterp: /usr/bin/python3 (found suitable version "3.8.10", minimum required is "3.5") 
[2.444s] -- Found PythonLibs: /usr/lib/x86_64-linux-gnu/libpython3.8.so (found suitable version "3.8.10", minimum required is "3.5") 
[2.444s] -- Using PYTHON_EXECUTABLE: /usr/bin/python3
[2.445s] -- Using PYTHON_INCLUDE_DIRS: /usr/include/python3.8
[2.445s] -- Using PYTHON_LIBRARIES: /usr/lib/x86_64-linux-gnu/libpython3.8.so
[2.462s] -- Found PythonExtra: .so  
[2.653s] -- Added test 'copyright' to check source files copyright and LICENSE
[2.657s] -- Added test 'cppcheck' to perform static code analysis on C / C++ code
[2.658s] -- Configured cppcheck include dirs: /home/ros2_ws/src/demos/demo_nodes_cpp/include
[2.658s] -- Configured cppcheck exclude dirs and/or files: 
[2.661s] -- Added test 'cpplint' to check C / C++ code against the Google style
[2.661s] -- Configured cpplint exclude dirs and/or files: 
[2.661s] -- Added test 'flake8' to check Python code syntax and style conventions
[2.669s] -- Added test 'lint_cmake' to check CMake code style
[2.669s] -- Added test 'pep257' to check Python code against some of the style conventions in PEP 257
[2.678s] -- Added test 'uncrustify' to check C / C++ code style
[2.678s] -- Configured uncrustify additional arguments: 
[2.679s] -- Added test 'xmllint' to check XML markup files
[2.683s] -- Configuring done
[2.853s] -- Generating done
[2.865s] -- Build files have been written to: /home/ros2_ws/build/demo_nodes_cpp
[2.880s] Invoked command in '/home/ros2_ws/build/demo_nodes_cpp' returned '0': CMAKE_PREFIX_PATH=/opt/ros/foxy /usr/bin/cmake /home/ros2_ws/src/demos/demo_nodes_cpp -DCMAKE_INSTALL_PREFIX=/home/ros2_ws/install/demo_nodes_cpp
[2.880s] Invoking command in '/home/ros2_ws/build/demo_nodes_cpp': CMAKE_PREFIX_PATH=/opt/ros/foxy /usr/bin/cmake --build /home/ros2_ws/build/demo_nodes_cpp -- -j4 -l4
[3.047s] [35m[1mScanning dependencies of target parameters_library[0m
[3.054s] [35m[1mScanning dependencies of target talker_serialized_message[0m
[3.059s] [35m[1mScanning dependencies of target list_parameters[0m
[3.083s] [35m[1mScanning dependencies of target parameter_events[0m
[3.147s] [  1%] [32mBuilding CXX object CMakeFiles/talker_serialized_message.dir/rclcpp_components/node_main_talker_serialized_message.cpp.o[0m
[3.229s] [  3%] [32mBuilding CXX object CMakeFiles/list_parameters.dir/rclcpp_components/node_main_list_parameters.cpp.o[0m
[3.247s] [  5%] [32mBuilding CXX object CMakeFiles/parameter_events.dir/src/parameters/parameter_events.cpp.o[0m
[3.285s] [  6%] [32mBuilding CXX object CMakeFiles/parameters_library.dir/src/parameters/list_parameters.cpp.o[0m
[8.261s] [  8%] [32m[1mLinking CXX executable list_parameters[0m
[8.612s] [  8%] Built target list_parameters
[8.671s] [35m[1mScanning dependencies of target reuse_timer[0m
[8.816s] [ 10%] [32mBuilding CXX object CMakeFiles/reuse_timer.dir/rclcpp_components/node_main_reuse_timer.cpp.o[0m
[9.936s] [ 11%] [32mBuilding CXX object CMakeFiles/parameters_library.dir/src/parameters/parameter_blackboard.cpp.o[0m
[10.558s] [ 13%] [32m[1mLinking CXX executable talker_serialized_message[0m
[11.197s] [ 13%] Built target talker_serialized_message
[11.257s] [35m[1mScanning dependencies of target timers_library[0m
[11.449s] [ 15%] [32mBuilding CXX object CMakeFiles/timers_library.dir/src/timers/one_off_timer.cpp.o[0m
[16.043s] [ 16%] [32m[1mLinking CXX executable reuse_timer[0m
[16.406s] [ 18%] [32mBuilding CXX object CMakeFiles/parameters_library.dir/src/parameters/set_and_get_parameters.cpp.o[0m
[16.557s] [ 18%] Built target reuse_timer
[17.252s] [ 20%] [32mBuilding CXX object CMakeFiles/timers_library.dir/src/timers/reuse_timer.cpp.o[0m
[19.006s] [ 21%] [32m[1mLinking CXX executable parameter_events[0m
[19.784s] [ 21%] Built target parameter_events
[20.631s] [ 23%] [32mBuilding CXX object CMakeFiles/parameters_library.dir/src/parameters/parameter_events_async.cpp.o[0m
[21.255s] [ 25%] [32m[1mLinking CXX shared library libtimers_library.so[0m
[21.559s] [ 25%] Built target timers_library
[26.172s] [ 26%] [32mBuilding CXX object CMakeFiles/parameters_library.dir/src/parameters/even_parameters_node.cpp.o[0m
[28.487s] [ 28%] [32m[1mLinking CXX shared library libparameters_library.so[0m
[28.955s] [ 28%] Built target parameters_library
[28.965s] [35m[1mScanning dependencies of target add_two_ints_client[0m
[29.024s] [ 30%] [32mBuilding CXX object CMakeFiles/add_two_ints_client.dir/src/services/add_two_ints_client.cpp.o[0m
[31.351s] [ 31%] [32m[1mLinking CXX executable add_two_ints_client[0m
[31.516s] [ 31%] Built target add_two_ints_client
[31.525s] [35m[1mScanning dependencies of target listener_best_effort[0m
[31.565s] [ 33%] [32mBuilding CXX object CMakeFiles/listener_best_effort.dir/rclcpp_components/node_main_listener_best_effort.cpp.o[0m
[33.591s] [ 35%] [32m[1mLinking CXX executable listener_best_effort[0m
[33.734s] [ 35%] Built target listener_best_effort
[33.743s] [35m[1mScanning dependencies of target one_off_timer[0m
[33.783s] [ 36%] [32mBuilding CXX object CMakeFiles/one_off_timer.dir/rclcpp_components/node_main_one_off_timer.cpp.o[0m
[36.111s] [ 38%] [32m[1mLinking CXX executable one_off_timer[0m
[36.289s] [ 38%] Built target one_off_timer
[36.300s] [35m[1mScanning dependencies of target add_two_ints_client_async[0m
[36.390s] [ 40%] [32mBuilding CXX object CMakeFiles/add_two_ints_client_async.dir/rclcpp_components/node_main_add_two_ints_client_async.cpp.o[0m
[38.528s] [ 41%] [32m[1mLinking CXX executable add_two_ints_client_async[0m
[38.671s] [ 41%] Built target add_two_ints_client_async
[38.683s] [35m[1mScanning dependencies of target talker[0m
[38.719s] [ 43%] [32mBuilding CXX object CMakeFiles/talker.dir/rclcpp_components/node_main_talker.cpp.o[0m
[40.758s] [ 45%] [32m[1mLinking CXX executable talker[0m
[40.942s] [ 45%] Built target talker
[40.952s] [35m[1mScanning dependencies of target allocator_tutorial[0m
[41.058s] [ 46%] [32mBuilding CXX object CMakeFiles/allocator_tutorial.dir/src/topics/allocator_tutorial.cpp.o[0m
[47.403s] [ 48%] [32m[1mLinking CXX executable allocator_tutorial[0m
[47.748s] [ 48%] Built target allocator_tutorial
[47.760s] [35m[1mScanning dependencies of target set_and_get_parameters_async[0m
[47.802s] [ 50%] [32mBuilding CXX object CMakeFiles/set_and_get_parameters_async.dir/src/parameters/set_and_get_parameters_async.cpp.o[0m
[50.185s] [ 51%] [32m[1mLinking CXX executable set_and_get_parameters_async[0m
[50.353s] [ 51%] Built target set_and_get_parameters_async
[50.363s] [35m[1mScanning dependencies of target services_library[0m
[50.411s] [ 53%] [32mBuilding CXX object CMakeFiles/services_library.dir/src/services/add_two_ints_server.cpp.o[0m
[52.711s] [ 55%] [32mBuilding CXX object CMakeFiles/services_library.dir/src/services/add_two_ints_client.cpp.o[0m
[55.168s] [ 56%] [32mBuilding CXX object CMakeFiles/services_library.dir/src/services/add_two_ints_client_async.cpp.o[0m
[57.894s] [ 58%] [32m[1mLinking CXX shared library libservices_library.so[0m
[58.102s] [ 58%] Built target services_library
[58.111s] [35m[1mScanning dependencies of target parameter_blackboard[0m
[58.175s] [ 60%] [32mBuilding CXX object CMakeFiles/parameter_blackboard.dir/rclcpp_components/node_main_parameter_blackboard.cpp.o[0m
[60.283s] [ 61%] [32m[1mLinking CXX executable parameter_blackboard[0m
[60.426s] [ 61%] Built target parameter_blackboard
[60.441s] [35m[1mScanning dependencies of target parameter_events_async[0m
[60.476s] [ 63%] [32mBuilding CXX object CMakeFiles/parameter_events_async.dir/rclcpp_components/node_main_parameter_events_async.cpp.o[0m
[62.569s] [ 65%] [32m[1mLinking CXX executable parameter_events_async[0m
[62.717s] [ 65%] Built target parameter_events_async
[62.728s] [35m[1mScanning dependencies of target even_parameters_node[0m
[62.768s] [ 66%] [32mBuilding CXX object CMakeFiles/even_parameters_node.dir/rclcpp_components/node_main_even_parameters_node.cpp.o[0m
[64.852s] [ 68%] [32m[1mLinking CXX executable even_parameters_node[0m
[64.995s] [ 68%] Built target even_parameters_node
[65.004s] [35m[1mScanning dependencies of target topics_library[0m
[65.061s] [ 70%] [32mBuilding CXX object CMakeFiles/topics_library.dir/src/topics/talker.cpp.o[0m
[68.210s] [ 71%] [32mBuilding CXX object CMakeFiles/topics_library.dir/src/topics/talker_loaned_message.cpp.o[0m
[71.970s] [ 73%] [32mBuilding CXX object CMakeFiles/topics_library.dir/src/topics/talker_serialized_message.cpp.o[0m
[75.037s] [ 75%] [32mBuilding CXX object CMakeFiles/topics_library.dir/src/topics/listener.cpp.o[0m
[79.675s] [ 76%] [32mBuilding CXX object CMakeFiles/topics_library.dir/src/topics/listener_serialized_message.cpp.o[0m
[84.168s] [ 78%] [32mBuilding CXX object CMakeFiles/topics_library.dir/src/topics/listener_best_effort.cpp.o[0m
[88.621s] [ 80%] [32m[1mLinking CXX shared library libtopics_library.so[0m
[89.286s] [ 80%] Built target topics_library
[89.295s] [35m[1mScanning dependencies of target talker_loaned_message[0m
[89.331s] [ 81%] [32mBuilding CXX object CMakeFiles/talker_loaned_message.dir/rclcpp_components/node_main_talker_loaned_message.cpp.o[0m
[91.217s] [ 83%] [32m[1mLinking CXX executable talker_loaned_message[0m
[91.340s] [ 83%] Built target talker_loaned_message
[91.349s] [35m[1mScanning dependencies of target add_two_ints_server[0m
[91.384s] [ 85%] [32mBuilding CXX object CMakeFiles/add_two_ints_server.dir/rclcpp_components/node_main_add_two_ints_server.cpp.o[0m
[93.228s] [ 86%] [32m[1mLinking CXX executable add_two_ints_server[0m
[93.353s] [ 86%] Built target add_two_ints_server
[93.362s] [35m[1mScanning dependencies of target listener[0m
[93.396s] [ 88%] [32mBuilding CXX object CMakeFiles/listener.dir/rclcpp_components/node_main_listener.cpp.o[0m
[95.194s] [ 90%] [32m[1mLinking CXX executable listener[0m
[95.318s] [ 90%] Built target listener
[95.328s] [35m[1mScanning dependencies of target list_parameters_async[0m
[95.360s] [ 91%] [32mBuilding CXX object CMakeFiles/list_parameters_async.dir/src/parameters/list_parameters_async.cpp.o[0m
[97.138s] [ 93%] [32m[1mLinking CXX executable list_parameters_async[0m
[97.264s] [ 93%] Built target list_parameters_async
[97.273s] [35m[1mScanning dependencies of target listener_serialized_message[0m
[97.273s] [35m[1mScanning dependencies of target set_and_get_parameters[0m
[97.309s] [ 95%] [32mBuilding CXX object CMakeFiles/set_and_get_parameters.dir/rclcpp_components/node_main_set_and_get_parameters.cpp.o[0m
[97.314s] [ 96%] [32mBuilding CXX object CMakeFiles/listener_serialized_message.dir/rclcpp_components/node_main_listener_serialized_message.cpp.o[0m
[99.189s] [ 98%] [32m[1mLinking CXX executable set_and_get_parameters[0m
[99.204s] [100%] [32m[1mLinking CXX executable listener_serialized_message[0m
[99.328s] [100%] Built target set_and_get_parameters
[99.345s] [100%] Built target listener_serialized_message
[99.356s] Invoked command in '/home/ros2_ws/build/demo_nodes_cpp' returned '0': CMAKE_PREFIX_PATH=/opt/ros/foxy /usr/bin/cmake --build /home/ros2_ws/build/demo_nodes_cpp -- -j4 -l4
[99.432s] Invoking command in '/home/ros2_ws/build/demo_nodes_cpp': CMAKE_PREFIX_PATH=/opt/ros/foxy /usr/bin/cmake --install /home/ros2_ws/build/demo_nodes_cpp
[99.444s] -- Install configuration: ""
[99.444s] -- Installing: /home/ros2_ws/install/demo_nodes_cpp/lib/demo_nodes_cpp/allocator_tutorial
[99.446s] -- Set runtime path of "/home/ros2_ws/install/demo_nodes_cpp/lib/demo_nodes_cpp/allocator_tutorial" to ""
[99.446s] -- Installing: /home/ros2_ws/install/demo_nodes_cpp/lib/demo_nodes_cpp/add_two_ints_client
[99.447s] -- Set runtime path of "/home/ros2_ws/install/demo_nodes_cpp/lib/demo_nodes_cpp/add_two_ints_client" to ""
[99.447s] -- Installing: /home/ros2_ws/install/demo_nodes_cpp/lib/demo_nodes_cpp/list_parameters_async
[99.447s] -- Set runtime path of "/home/ros2_ws/install/demo_nodes_cpp/lib/demo_nodes_cpp/list_parameters_async" to ""
[99.447s] -- Installing: /home/ros2_ws/install/demo_nodes_cpp/lib/demo_nodes_cpp/parameter_events
[99.450s] -- Set runtime path of "/home/ros2_ws/install/demo_nodes_cpp/lib/demo_nodes_cpp/parameter_events" to ""
[99.450s] -- Installing: /home/ros2_ws/install/demo_nodes_cpp/lib/demo_nodes_cpp/set_and_get_parameters_async
[99.450s] -- Set runtime path of "/home/ros2_ws/install/demo_nodes_cpp/lib/demo_nodes_cpp/set_and_get_parameters_async" to ""
[99.450s] -- Installing: /home/ros2_ws/install/demo_nodes_cpp/lib/demo_nodes_cpp/one_off_timer
[99.451s] -- Set runtime path of "/home/ros2_ws/install/demo_nodes_cpp/lib/demo_nodes_cpp/one_off_timer" to ""
[99.451s] -- Installing: /home/ros2_ws/install/demo_nodes_cpp/lib/demo_nodes_cpp/reuse_timer
[99.452s] -- Set runtime path of "/home/ros2_ws/install/demo_nodes_cpp/lib/demo_nodes_cpp/reuse_timer" to ""
[99.452s] -- Installing: /home/ros2_ws/install/demo_nodes_cpp/lib/demo_nodes_cpp/add_two_ints_server
[99.452s] -- Set runtime path of "/home/ros2_ws/install/demo_nodes_cpp/lib/demo_nodes_cpp/add_two_ints_server" to ""
[99.452s] -- Installing: /home/ros2_ws/install/demo_nodes_cpp/lib/demo_nodes_cpp/add_two_ints_client_async
[99.453s] -- Set runtime path of "/home/ros2_ws/install/demo_nodes_cpp/lib/demo_nodes_cpp/add_two_ints_client_async" to ""
[99.453s] -- Installing: /home/ros2_ws/install/demo_nodes_cpp/lib/demo_nodes_cpp/list_parameters
[99.454s] -- Set runtime path of "/home/ros2_ws/install/demo_nodes_cpp/lib/demo_nodes_cpp/list_parameters" to ""
[99.454s] -- Installing: /home/ros2_ws/install/demo_nodes_cpp/lib/demo_nodes_cpp/parameter_blackboard
[99.454s] -- Set runtime path of "/home/ros2_ws/install/demo_nodes_cpp/lib/demo_nodes_cpp/parameter_blackboard" to ""
[99.455s] -- Installing: /home/ros2_ws/install/demo_nodes_cpp/lib/demo_nodes_cpp/set_and_get_parameters
[99.455s] -- Set runtime path of "/home/ros2_ws/install/demo_nodes_cpp/lib/demo_nodes_cpp/set_and_get_parameters" to ""
[99.455s] -- Installing: /home/ros2_ws/install/demo_nodes_cpp/lib/demo_nodes_cpp/parameter_events_async
[99.456s] -- Set runtime path of "/home/ros2_ws/install/demo_nodes_cpp/lib/demo_nodes_cpp/parameter_events_async" to ""
[99.456s] -- Installing: /home/ros2_ws/install/demo_nodes_cpp/lib/demo_nodes_cpp/even_parameters_node
[99.457s] -- Set runtime path of "/home/ros2_ws/install/demo_nodes_cpp/lib/demo_nodes_cpp/even_parameters_node" to ""
[99.457s] -- Installing: /home/ros2_ws/install/demo_nodes_cpp/lib/demo_nodes_cpp/talker
[99.457s] -- Set runtime path of "/home/ros2_ws/install/demo_nodes_cpp/lib/demo_nodes_cpp/talker" to ""
[99.457s] -- Installing: /home/ros2_ws/install/demo_nodes_cpp/lib/demo_nodes_cpp/talker_loaned_message
[99.458s] -- Set runtime path of "/home/ros2_ws/install/demo_nodes_cpp/lib/demo_nodes_cpp/talker_loaned_message" to ""
[99.458s] -- Installing: /home/ros2_ws/install/demo_nodes_cpp/lib/demo_nodes_cpp/talker_serialized_message
[99.459s] -- Set runtime path of "/home/ros2_ws/install/demo_nodes_cpp/lib/demo_nodes_cpp/talker_serialized_message" to ""
[99.459s] -- Installing: /home/ros2_ws/install/demo_nodes_cpp/lib/demo_nodes_cpp/listener
[99.461s] -- Set runtime path of "/home/ros2_ws/install/demo_nodes_cpp/lib/demo_nodes_cpp/listener" to ""
[99.461s] -- Installing: /home/ros2_ws/install/demo_nodes_cpp/lib/demo_nodes_cpp/listener_serialized_message
[99.461s] -- Set runtime path of "/home/ros2_ws/install/demo_nodes_cpp/lib/demo_nodes_cpp/listener_serialized_message" to ""
[99.461s] -- Installing: /home/ros2_ws/install/demo_nodes_cpp/lib/demo_nodes_cpp/listener_best_effort
[99.461s] -- Set runtime path of "/home/ros2_ws/install/demo_nodes_cpp/lib/demo_nodes_cpp/listener_best_effort" to ""
[99.461s] -- Installing: /home/ros2_ws/install/demo_nodes_cpp/lib/libtimers_library.so
[99.462s] -- Set runtime path of "/home/ros2_ws/install/demo_nodes_cpp/lib/libtimers_library.so" to ""
[99.462s] -- Installing: /home/ros2_ws/install/demo_nodes_cpp/lib/libservices_library.so
[99.464s] -- Set runtime path of "/home/ros2_ws/install/demo_nodes_cpp/lib/libservices_library.so" to ""
[99.464s] -- Installing: /home/ros2_ws/install/demo_nodes_cpp/lib/libparameters_library.so
[99.468s] -- Set runtime path of "/home/ros2_ws/install/demo_nodes_cpp/lib/libparameters_library.so" to ""
[99.468s] -- Installing: /home/ros2_ws/install/demo_nodes_cpp/lib/libtopics_library.so
[99.474s] -- Set runtime path of "/home/ros2_ws/install/demo_nodes_cpp/lib/libtopics_library.so" to ""
[99.474s] -- Installing: /home/ros2_ws/install/demo_nodes_cpp/share/demo_nodes_cpp//launch
[99.474s] -- Installing: /home/ros2_ws/install/demo_nodes_cpp/share/demo_nodes_cpp//launch/services
[99.474s] -- Installing: /home/ros2_ws/install/demo_nodes_cpp/share/demo_nodes_cpp//launch/services/add_two_ints.launch.py
[99.474s] -- Installing: /home/ros2_ws/install/demo_nodes_cpp/share/demo_nodes_cpp//launch/services/add_two_ints.launch.xml
[99.474s] -- Installing: /home/ros2_ws/install/demo_nodes_cpp/share/demo_nodes_cpp//launch/services/add_two_ints_async.launch.xml
[99.475s] -- Installing: /home/ros2_ws/install/demo_nodes_cpp/share/demo_nodes_cpp//launch/services/add_two_ints_async.launch.py
[99.475s] -- Installing: /home/ros2_ws/install/demo_nodes_cpp/share/demo_nodes_cpp//launch/topics
[99.475s] -- Installing: /home/ros2_ws/install/demo_nodes_cpp/share/demo_nodes_cpp//launch/topics/talker_listener.launch.xml
[99.475s] -- Installing: /home/ros2_ws/install/demo_nodes_cpp/share/demo_nodes_cpp//launch/topics/talker_listener_best_effort.launch.xml
[99.475s] -- Installing: /home/ros2_ws/install/demo_nodes_cpp/share/demo_nodes_cpp//launch/topics/talker_listener_best_effort.launch.py
[99.475s] -- Installing: /home/ros2_ws/install/demo_nodes_cpp/share/demo_nodes_cpp//launch/topics/talker_listener.launch.py
[99.475s] -- Installing: /home/ros2_ws/install/demo_nodes_cpp/share/ament_index/resource_index/package_run_dependencies/demo_nodes_cpp
[99.475s] -- Installing: /home/ros2_ws/install/demo_nodes_cpp/share/ament_index/resource_index/parent_prefix_path/demo_nodes_cpp
[99.475s] -- Installing: /home/ros2_ws/install/demo_nodes_cpp/share/demo_nodes_cpp/environment/ament_prefix_path.sh
[99.476s] -- Installing: /home/ros2_ws/install/demo_nodes_cpp/share/demo_nodes_cpp/environment/ament_prefix_path.dsv
[99.476s] -- Installing: /home/ros2_ws/install/demo_nodes_cpp/share/demo_nodes_cpp/environment/path.sh
[99.476s] -- Installing: /home/ros2_ws/install/demo_nodes_cpp/share/demo_nodes_cpp/environment/path.dsv
[99.476s] -- Installing: /home/ros2_ws/install/demo_nodes_cpp/share/demo_nodes_cpp/local_setup.bash
[99.477s] -- Installing: /home/ros2_ws/install/demo_nodes_cpp/share/demo_nodes_cpp/local_setup.sh
[99.477s] -- Installing: /home/ros2_ws/install/demo_nodes_cpp/share/demo_nodes_cpp/local_setup.zsh
[99.477s] -- Installing: /home/ros2_ws/install/demo_nodes_cpp/share/demo_nodes_cpp/local_setup.dsv
[99.477s] -- Installing: /home/ros2_ws/install/demo_nodes_cpp/share/demo_nodes_cpp/package.dsv
[99.477s] -- Installing: /home/ros2_ws/install/demo_nodes_cpp/share/ament_index/resource_index/packages/demo_nodes_cpp
[99.478s] -- Installing: /home/ros2_ws/install/demo_nodes_cpp/share/ament_index/resource_index/rclcpp_components/demo_nodes_cpp
[99.479s] -- Installing: /home/ros2_ws/install/demo_nodes_cpp/share/demo_nodes_cpp/cmake/demo_nodes_cppConfig.cmake
[99.479s] -- Installing: /home/ros2_ws/install/demo_nodes_cpp/share/demo_nodes_cpp/cmake/demo_nodes_cppConfig-version.cmake
[99.481s] -- Installing: /home/ros2_ws/install/demo_nodes_cpp/share/demo_nodes_cpp/package.xml
[99.483s] Invoked command in '/home/ros2_ws/build/demo_nodes_cpp' returned '0': CMAKE_PREFIX_PATH=/opt/ros/foxy /usr/bin/cmake --install /home/ros2_ws/build/demo_nodes_cpp
