-- Found ament_cmake: 0.9.8 (/opt/ros/foxy/share/ament_cmake/cmake)
-- Using PYTHON_EXECUTABLE: /usr/bin/python3
-- Found rclcpp: 2.3.1 (/opt/ros/foxy/share/rclcpp/cmake)
-- Using all available rosidl_typesupport_c: rosidl_typesupport_fastrtps_c;rosidl_typesupport_introspection_c
-- Found rosidl_adapter: 1.2.1 (/opt/ros/foxy/share/rosidl_adapter/cmake)
-- Using all available rosidl_typesupport_cpp: rosidl_typesupport_fastrtps_cpp;rosidl_typesupport_introspection_cpp
-- Found rmw_implementation_cmake: 1.0.3 (/opt/ros/foxy/share/rmw_implementation_cmake/cmake)
-- Using RMW implementation 'rmw_fastrtps_cpp' as default
-- Found tutorial_interfaces: 1.0.0 (/root/ros2_ws/install/tutorial_interfaces/share/tutorial_interfaces/cmake)
-- Configuring done
-- Generating done
-- Build files have been written to: /root/ros2_ws/build/tutorial_topic
[35m[1mScanning dependencies of target subscriber_async[0m
[35m[1mScanning dependencies of target publisher[0m
[35m[1mScanning dependencies of target subscriber[0m
[35m[1mScanning dependencies of target subscriber_custom[0m
[ 10%] [32mBuilding CXX object CMakeFiles/subscriber_custom.dir/src/subscriber_custom.cpp.o[0m
[ 20%] [32mBuilding CXX object CMakeFiles/publisher.dir/src/publisher.cpp.o[0m
[ 30%] [32mBuilding CXX object CMakeFiles/subscriber.dir/src/subscriber.cpp.o[0m
[ 40%] [32mBuilding CXX object CMakeFiles/subscriber_async.dir/src/subscriber_async.cpp.o[0m
[ 50%] [32m[1mLinking CXX executable publisher[0m
[ 50%] Built target publisher
[ 60%] [32m[1mLinking CXX executable subscriber[0m
[ 70%] [32m[1mLinking CXX executable subscriber_custom[0m
[ 70%] Built target subscriber
[ 70%] Built target subscriber_custom
