/home/ros2_ws/install/demo_nodes_py/lib/python3.8/site-packages/demo_nodes_py/__init__.py
/home/ros2_ws/install/demo_nodes_py/lib/python3.8/site-packages/demo_nodes_py/services/add_two_ints_server.py
/home/ros2_ws/install/demo_nodes_py/lib/python3.8/site-packages/demo_nodes_py/services/__init__.py
/home/ros2_ws/install/demo_nodes_py/lib/python3.8/site-packages/demo_nodes_py/services/add_two_ints_client_async.py
/home/ros2_ws/install/demo_nodes_py/lib/python3.8/site-packages/demo_nodes_py/services/add_two_ints_client.py
/home/ros2_ws/install/demo_nodes_py/lib/python3.8/site-packages/demo_nodes_py/topics/listener_serialized.py
/home/ros2_ws/install/demo_nodes_py/lib/python3.8/site-packages/demo_nodes_py/topics/talker_qos.py
/home/ros2_ws/install/demo_nodes_py/lib/python3.8/site-packages/demo_nodes_py/topics/listener.py
/home/ros2_ws/install/demo_nodes_py/lib/python3.8/site-packages/demo_nodes_py/topics/listener_qos.py
/home/ros2_ws/install/demo_nodes_py/lib/python3.8/site-packages/demo_nodes_py/topics/__init__.py
/home/ros2_ws/install/demo_nodes_py/lib/python3.8/site-packages/demo_nodes_py/topics/talker.py
/home/ros2_ws/install/demo_nodes_py/lib/python3.8/site-packages/demo_nodes_py/__pycache__/__init__.cpython-38.pyc
/home/ros2_ws/install/demo_nodes_py/lib/python3.8/site-packages/demo_nodes_py/services/__pycache__/add_two_ints_server.cpython-38.pyc
/home/ros2_ws/install/demo_nodes_py/lib/python3.8/site-packages/demo_nodes_py/services/__pycache__/__init__.cpython-38.pyc
/home/ros2_ws/install/demo_nodes_py/lib/python3.8/site-packages/demo_nodes_py/services/__pycache__/add_two_ints_client_async.cpython-38.pyc
/home/ros2_ws/install/demo_nodes_py/lib/python3.8/site-packages/demo_nodes_py/services/__pycache__/add_two_ints_client.cpython-38.pyc
/home/ros2_ws/install/demo_nodes_py/lib/python3.8/site-packages/demo_nodes_py/topics/__pycache__/listener_serialized.cpython-38.pyc
/home/ros2_ws/install/demo_nodes_py/lib/python3.8/site-packages/demo_nodes_py/topics/__pycache__/talker_qos.cpython-38.pyc
/home/ros2_ws/install/demo_nodes_py/lib/python3.8/site-packages/demo_nodes_py/topics/__pycache__/listener.cpython-38.pyc
/home/ros2_ws/install/demo_nodes_py/lib/python3.8/site-packages/demo_nodes_py/topics/__pycache__/listener_qos.cpython-38.pyc
/home/ros2_ws/install/demo_nodes_py/lib/python3.8/site-packages/demo_nodes_py/topics/__pycache__/__init__.cpython-38.pyc
/home/ros2_ws/install/demo_nodes_py/lib/python3.8/site-packages/demo_nodes_py/topics/__pycache__/talker.cpython-38.pyc
/home/ros2_ws/install/demo_nodes_py/share/ament_index/resource_index/packages/demo_nodes_py
/home/ros2_ws/install/demo_nodes_py/share/demo_nodes_py/package.xml
/home/ros2_ws/install/demo_nodes_py/lib/python3.8/site-packages/demo_nodes_py-0.9.3-py3.8.egg-info/entry_points.txt
/home/ros2_ws/install/demo_nodes_py/lib/python3.8/site-packages/demo_nodes_py-0.9.3-py3.8.egg-info/SOURCES.txt
/home/ros2_ws/install/demo_nodes_py/lib/python3.8/site-packages/demo_nodes_py-0.9.3-py3.8.egg-info/top_level.txt
/home/ros2_ws/install/demo_nodes_py/lib/python3.8/site-packages/demo_nodes_py-0.9.3-py3.8.egg-info/zip-safe
/home/ros2_ws/install/demo_nodes_py/lib/python3.8/site-packages/demo_nodes_py-0.9.3-py3.8.egg-info/PKG-INFO
/home/ros2_ws/install/demo_nodes_py/lib/python3.8/site-packages/demo_nodes_py-0.9.3-py3.8.egg-info/requires.txt
/home/ros2_ws/install/demo_nodes_py/lib/python3.8/site-packages/demo_nodes_py-0.9.3-py3.8.egg-info/dependency_links.txt
/home/ros2_ws/install/demo_nodes_py/lib/demo_nodes_py/add_two_ints_client
/home/ros2_ws/install/demo_nodes_py/lib/demo_nodes_py/add_two_ints_client_async
/home/ros2_ws/install/demo_nodes_py/lib/demo_nodes_py/add_two_ints_server
/home/ros2_ws/install/demo_nodes_py/lib/demo_nodes_py/listener
/home/ros2_ws/install/demo_nodes_py/lib/demo_nodes_py/listener_qos
/home/ros2_ws/install/demo_nodes_py/lib/demo_nodes_py/listener_serialized
/home/ros2_ws/install/demo_nodes_py/lib/demo_nodes_py/talker
/home/ros2_ws/install/demo_nodes_py/lib/demo_nodes_py/talker_qos
