[0.049s] Invoking command in '/home/ros2_ws/build/logging_demo': CMAKE_PREFIX_PATH=/opt/ros/foxy /usr/bin/cmake /home/ros2_ws/src/demos/logging_demo -DCMAKE_INSTALL_PREFIX=/home/ros2_ws/install/logging_demo
[0.144s] -- The C compiler identification is GNU 9.3.0
[0.220s] -- The CXX compiler identification is GNU 9.3.0
[0.230s] -- Check for working C compiler: /usr/bin/cc
[0.351s] -- Check for working C compiler: /usr/bin/cc -- works
[0.351s] -- Detecting C compiler ABI info
[0.515s] -- Detecting C compiler ABI info - done
[0.530s] -- Detecting C compile features
[0.530s] -- Detecting C compile features - done
[0.534s] -- Check for working CXX compiler: /usr/bin/c++
[0.726s] -- Check for working CXX compiler: /usr/bin/c++ -- works
[0.729s] -- Detecting CXX compiler ABI info
[0.854s] -- Detecting CXX compiler ABI info - done
[0.870s] -- Detecting CXX compile features
[0.872s] -- Detecting CXX compile features - done
[0.880s] -- Found ament_cmake: 0.9.8 (/opt/ros/foxy/share/ament_cmake/cmake)
[0.899s] -- Found PythonInterp: /usr/bin/python3 (found suitable version "3.8.10", minimum required is "3") 
[0.899s] -- Using PYTHON_EXECUTABLE: /usr/bin/python3
[1.076s] -- Found rclcpp: 2.3.1 (/opt/ros/foxy/share/rclcpp/cmake)
[1.117s] -- Using all available rosidl_typesupport_c: rosidl_typesupport_fastrtps_c;rosidl_typesupport_introspection_c
[1.126s] -- Found rosidl_adapter: 1.2.1 (/opt/ros/foxy/share/rosidl_adapter/cmake)
[1.213s] -- Found OpenSSL: /usr/lib/x86_64-linux-gnu/libcrypto.so (found version "1.1.1f")  
[1.237s] -- Found FastRTPS: /opt/ros/foxy/include  
[1.317s] -- Using all available rosidl_typesupport_cpp: rosidl_typesupport_fastrtps_cpp;rosidl_typesupport_introspection_cpp
[1.380s] -- Found rmw_implementation_cmake: 1.0.3 (/opt/ros/foxy/share/rmw_implementation_cmake/cmake)
[1.382s] -- Using RMW implementation 'rmw_fastrtps_cpp' as default
[1.383s] -- Looking for pthread.h
[1.481s] -- Looking for pthread.h - found
[1.483s] -- Performing Test CMAKE_HAVE_LIBC_PTHREAD
[1.605s] -- Performing Test CMAKE_HAVE_LIBC_PTHREAD - Failed
[1.605s] -- Looking for pthread_create in pthreads
[1.748s] -- Looking for pthread_create in pthreads - not found
[1.748s] -- Looking for pthread_create in pthread
[1.858s] -- Looking for pthread_create in pthread - found
[1.859s] -- Found Threads: TRUE  
[2.020s] -- Found rclcpp_components: 2.3.1 (/opt/ros/foxy/share/rclcpp_components/cmake)
[2.087s] -- Found rosidl_default_generators: 1.0.1 (/opt/ros/foxy/share/rosidl_default_generators/cmake)
[2.116s] -- Found PythonInterp: /usr/bin/python3 (found version "3.8.10") 
[2.256s] -- Found ament_cmake_ros: 0.9.2 (/opt/ros/foxy/share/ament_cmake_ros/cmake)
[2.357s] -- Using all available rosidl_typesupport_c: rosidl_typesupport_fastrtps_c;rosidl_typesupport_introspection_c
[2.371s] -- Using all available rosidl_typesupport_cpp: rosidl_typesupport_fastrtps_cpp;rosidl_typesupport_introspection_cpp
[2.389s] -- Found PythonInterp: /usr/bin/python3 (found suitable version "3.8.10", minimum required is "3.5") 
[2.391s] -- Found python_cmake_module: 0.8.1 (/opt/ros/foxy/share/python_cmake_module/cmake)
[2.412s] -- Found PythonLibs: /usr/lib/x86_64-linux-gnu/libpython3.8.so (found suitable version "3.8.10", minimum required is "3.5") 
[2.412s] -- Using PYTHON_EXECUTABLE: /usr/bin/python3
[2.412s] -- Using PYTHON_INCLUDE_DIRS: /usr/include/python3.8
[2.412s] -- Using PYTHON_LIBRARIES: /usr/lib/x86_64-linux-gnu/libpython3.8.so
[2.429s] -- Found PythonExtra: .so  
[2.488s] -- Found ament_lint_auto: 0.9.6 (/opt/ros/foxy/share/ament_lint_auto/cmake)
[2.556s] -- Using PYTHON_EXECUTABLE: /usr/bin/python3
[2.556s] -- Using PYTHON_INCLUDE_DIRS: /usr/include/python3.8
[2.556s] -- Using PYTHON_LIBRARIES: /usr/lib/x86_64-linux-gnu/libpython3.8.so
[2.680s] -- Added test 'copyright' to check source files copyright and LICENSE
[2.684s] -- Added test 'cppcheck' to perform static code analysis on C / C++ code
[2.687s] -- Configured cppcheck include dirs: /home/ros2_ws/src/demos/logging_demo/include
[2.687s] -- Configured cppcheck exclude dirs and/or files: 
[2.689s] -- Added test 'cpplint' to check C / C++ code against the Google style
[2.689s] -- Configured cpplint exclude dirs and/or files: 
[2.692s] -- Added test 'lint_cmake' to check CMake code style
[2.694s] -- Added test 'uncrustify' to check C / C++ code style
[2.694s] -- Configured uncrustify additional arguments: 
[2.695s] -- Added test 'xmllint' to check XML markup files
[2.704s] -- Configuring done
[2.791s] -- Generating done
[2.796s] -- Build files have been written to: /home/ros2_ws/build/logging_demo
[2.816s] Invoked command in '/home/ros2_ws/build/logging_demo' returned '0': CMAKE_PREFIX_PATH=/opt/ros/foxy /usr/bin/cmake /home/ros2_ws/src/demos/logging_demo -DCMAKE_INSTALL_PREFIX=/home/ros2_ws/install/logging_demo
[2.816s] Invoking command in '/home/ros2_ws/build/logging_demo': CMAKE_PREFIX_PATH=/opt/ros/foxy /usr/bin/cmake --build /home/ros2_ws/build/logging_demo -- -j4 -l4
[2.875s] [35m[1mScanning dependencies of target logging_demo__cpp[0m
[2.891s] [  2%] [34m[1mGenerating C++ code for ROS interfaces[0m
[3.204s] [  2%] Built target logging_demo__cpp
[3.215s] [35m[1mScanning dependencies of target logger_usage_component[0m
[3.311s] [  5%] [32mBuilding CXX object CMakeFiles/logger_usage_component.dir/src/logger_usage_component.cpp.o[0m
[6.769s] [  8%] [32m[1mLinking CXX shared library liblogger_usage_component.so[0m
[6.992s] [  8%] Built target logger_usage_component
[7.004s] [ 10%] [34m[1mGenerating C++ type support for eProsima Fast-RTPS[0m
[7.296s] [35m[1mScanning dependencies of target logging_demo__rosidl_typesupport_fastrtps_cpp[0m
[7.344s] [ 13%] [32mBuilding CXX object CMakeFiles/logging_demo__rosidl_typesupport_fastrtps_cpp.dir/rosidl_typesupport_fastrtps_cpp/logging_demo/srv/detail/dds_fastrtps/config_logger__type_support.cpp.o[0m
[7.764s] [ 16%] [32m[1mLinking CXX shared library liblogging_demo__rosidl_typesupport_fastrtps_cpp.so[0m
[7.976s] [ 16%] Built target logging_demo__rosidl_typesupport_fastrtps_cpp
[7.987s] [ 18%] [34m[1mGenerating C++ introspection for ROS interfaces[0m
[8.267s] [35m[1mScanning dependencies of target logging_demo__rosidl_typesupport_introspection_cpp[0m
[8.281s] [ 21%] [32mBuilding CXX object CMakeFiles/logging_demo__rosidl_typesupport_introspection_cpp.dir/rosidl_typesupport_introspection_cpp/logging_demo/srv/detail/config_logger__type_support.cpp.o[0m
[8.559s] [ 24%] [32m[1mLinking CXX shared library liblogging_demo__rosidl_typesupport_introspection_cpp.so[0m
[8.626s] [ 24%] Built target logging_demo__rosidl_typesupport_introspection_cpp
[8.635s] [ 27%] [34m[1mGenerating C++ type support dispatch for ROS interfaces[0m
[8.867s] [35m[1mScanning dependencies of target logging_demo__rosidl_typesupport_cpp[0m
[8.881s] [ 29%] [32mBuilding CXX object CMakeFiles/logging_demo__rosidl_typesupport_cpp.dir/rosidl_typesupport_cpp/logging_demo/srv/config_logger__type_support.cpp.o[0m
[9.185s] [ 32%] [32m[1mLinking CXX shared library liblogging_demo__rosidl_typesupport_cpp.so[0m
[9.250s] [ 32%] Built target logging_demo__rosidl_typesupport_cpp
[9.272s] [ 35%] [34m[1mGenerating C code for ROS interfaces[0m
[9.600s] [35m[1mScanning dependencies of target logging_demo__rosidl_generator_c[0m
[9.620s] [ 37%] [32mBuilding C object CMakeFiles/logging_demo__rosidl_generator_c.dir/rosidl_generator_c/logging_demo/srv/detail/config_logger__functions.c.o[0m
[9.685s] [ 40%] [32m[1mLinking C shared library liblogging_demo__rosidl_generator_c.so[0m
[9.741s] [ 40%] Built target logging_demo__rosidl_generator_c
[9.753s] [ 43%] [34m[1mGenerating C introspection for ROS interfaces[0m
[10.016s] [35m[1mScanning dependencies of target logging_demo__rosidl_typesupport_introspection_c[0m
[10.029s] [ 45%] [32mBuilding C object CMakeFiles/logging_demo__rosidl_typesupport_introspection_c.dir/rosidl_typesupport_introspection_c/logging_demo/srv/detail/config_logger__type_support.c.o[0m
[10.067s] [ 48%] [32m[1mLinking C shared library liblogging_demo__rosidl_typesupport_introspection_c.so[0m
[10.116s] [ 48%] Built target logging_demo__rosidl_typesupport_introspection_c
[10.116s] [ 51%] [34m[1mGenerating C type support for eProsima Fast-RTPS[0m
[10.410s] [35m[1mScanning dependencies of target logging_demo__rosidl_typesupport_fastrtps_c[0m
[10.430s] [ 54%] [32mBuilding CXX object CMakeFiles/logging_demo__rosidl_typesupport_fastrtps_c.dir/rosidl_typesupport_fastrtps_c/logging_demo/srv/detail/config_logger__type_support_c.cpp.o[0m
[10.817s] [ 56%] [32m[1mLinking CXX shared library liblogging_demo__rosidl_typesupport_fastrtps_c.so[0m
[10.908s] [ 56%] Built target logging_demo__rosidl_typesupport_fastrtps_c
[10.917s] [ 59%] [34m[1mGenerating C type support dispatch for ROS interfaces[0m
[11.153s] [35m[1mScanning dependencies of target logging_demo__rosidl_typesupport_c[0m
[11.191s] [ 62%] [32mBuilding CXX object CMakeFiles/logging_demo__rosidl_typesupport_c.dir/rosidl_typesupport_c/logging_demo/srv/config_logger__type_support.cpp.o[0m
[11.249s] [ 64%] [32m[1mLinking CXX shared library liblogging_demo__rosidl_typesupport_c.so[0m
[11.312s] [ 64%] Built target logging_demo__rosidl_typesupport_c
[11.323s] [35m[1mScanning dependencies of target logging_demo[0m
[11.340s] [ 64%] Built target logging_demo
[11.363s] [35m[1mScanning dependencies of target logger_config_component[0m
[11.467s] [ 67%] [32mBuilding CXX object CMakeFiles/logger_config_component.dir/src/logger_config_component.cpp.o[0m
[13.955s] [ 70%] [32m[1mLinking CXX shared library liblogger_config_component.so[0m
[14.157s] [ 70%] Built target logger_config_component
[14.168s] [35m[1mScanning dependencies of target logging_demo__py[0m
[14.186s] [ 72%] [34m[1mGenerating Python code for ROS interfaces[0m
[14.810s] [ 72%] Built target logging_demo__py
[14.836s] [35m[1mScanning dependencies of target logging_demo_main[0m
[14.937s] [ 75%] [32mBuilding CXX object CMakeFiles/logging_demo_main.dir/src/logging_demo_main.cpp.o[0m
[16.965s] [ 78%] [32m[1mLinking CXX executable logging_demo_main[0m
[17.127s] [ 78%] Built target logging_demo_main
[17.138s] [35m[1mScanning dependencies of target logging_demo__python[0m
[17.160s] [ 81%] [32mBuilding C object CMakeFiles/logging_demo__python.dir/rosidl_generator_py/logging_demo/srv/_config_logger_s.c.o[0m
[17.260s] [ 83%] [32m[1mLinking C shared library rosidl_generator_py/logging_demo/liblogging_demo__python.so[0m
[17.327s] [ 83%] Built target logging_demo__python
[17.349s] [35m[1mScanning dependencies of target logging_demo__rosidl_typesupport_c__pyext[0m
[17.382s] [ 86%] [32mBuilding C object CMakeFiles/logging_demo__rosidl_typesupport_c__pyext.dir/rosidl_generator_py/logging_demo/_logging_demo_s.ep.rosidl_typesupport_c.c.o[0m
[17.475s] [ 89%] [32m[1mLinking C shared library rosidl_generator_py/logging_demo/logging_demo_s__rosidl_typesupport_c.cpython-38-x86_64-linux-gnu.so[0m
[17.509s] [ 89%] Built target logging_demo__rosidl_typesupport_c__pyext
[17.519s] [35m[1mScanning dependencies of target logging_demo__rosidl_typesupport_fastrtps_c__pyext[0m
[17.544s] [ 91%] [32mBuilding C object CMakeFiles/logging_demo__rosidl_typesupport_fastrtps_c__pyext.dir/rosidl_generator_py/logging_demo/_logging_demo_s.ep.rosidl_typesupport_fastrtps_c.c.o[0m
[17.637s] [ 94%] [32m[1mLinking CXX shared library rosidl_generator_py/logging_demo/logging_demo_s__rosidl_typesupport_fastrtps_c.cpython-38-x86_64-linux-gnu.so[0m
[17.717s] [ 94%] Built target logging_demo__rosidl_typesupport_fastrtps_c__pyext
[17.730s] [35m[1mScanning dependencies of target logging_demo__rosidl_typesupport_introspection_c__pyext[0m
[17.751s] [ 97%] [32mBuilding C object CMakeFiles/logging_demo__rosidl_typesupport_introspection_c__pyext.dir/rosidl_generator_py/logging_demo/_logging_demo_s.ep.rosidl_typesupport_introspection_c.c.o[0m
[17.839s] [100%] [32m[1mLinking C shared library rosidl_generator_py/logging_demo/logging_demo_s__rosidl_typesupport_introspection_c.cpython-38-x86_64-linux-gnu.so[0m
[17.875s] [100%] Built target logging_demo__rosidl_typesupport_introspection_c__pyext
[17.888s] Invoked command in '/home/ros2_ws/build/logging_demo' returned '0': CMAKE_PREFIX_PATH=/opt/ros/foxy /usr/bin/cmake --build /home/ros2_ws/build/logging_demo -- -j4 -l4
[17.959s] Invoking command in '/home/ros2_ws/build/logging_demo': CMAKE_PREFIX_PATH=/opt/ros/foxy /usr/bin/cmake --install /home/ros2_ws/build/logging_demo
[17.970s] -- Install configuration: ""
[17.971s] -- Installing: /home/ros2_ws/install/logging_demo/share/ament_index/resource_index/rosidl_interfaces/logging_demo
[17.972s] -- Installing: /home/ros2_ws/install/logging_demo/include/logging_demo
[17.972s] -- Installing: /home/ros2_ws/install/logging_demo/include/logging_demo/srv
[17.973s] -- Installing: /home/ros2_ws/install/logging_demo/include/logging_demo/srv/config_logger.h
[17.973s] -- Installing: /home/ros2_ws/install/logging_demo/include/logging_demo/srv/detail
[17.974s] -- Installing: /home/ros2_ws/install/logging_demo/include/logging_demo/srv/detail/config_logger__struct.h
[17.975s] -- Installing: /home/ros2_ws/install/logging_demo/include/logging_demo/srv/detail/config_logger__functions.c
[17.976s] -- Installing: /home/ros2_ws/install/logging_demo/include/logging_demo/srv/detail/config_logger__type_support.h
[17.977s] -- Installing: /home/ros2_ws/install/logging_demo/include/logging_demo/srv/detail/config_logger__functions.h
[17.978s] -- Installing: /home/ros2_ws/install/logging_demo/include/logging_demo/msg
[17.978s] -- Installing: /home/ros2_ws/install/logging_demo/include/logging_demo/msg/rosidl_generator_c__visibility_control.h
[17.979s] -- Installing: /home/ros2_ws/install/logging_demo/share/logging_demo/environment/library_path.sh
[17.980s] -- Installing: /home/ros2_ws/install/logging_demo/share/logging_demo/environment/library_path.dsv
[17.981s] -- Installing: /home/ros2_ws/install/logging_demo/lib/liblogging_demo__rosidl_generator_c.so
[17.982s] -- Set runtime path of "/home/ros2_ws/install/logging_demo/lib/liblogging_demo__rosidl_generator_c.so" to ""
[17.983s] -- Up-to-date: /home/ros2_ws/install/logging_demo/include/logging_demo
[17.983s] -- Up-to-date: /home/ros2_ws/install/logging_demo/include/logging_demo/srv
[17.983s] -- Up-to-date: /home/ros2_ws/install/logging_demo/include/logging_demo/srv/detail
[17.983s] -- Installing: /home/ros2_ws/install/logging_demo/include/logging_demo/srv/detail/config_logger__rosidl_typesupport_fastrtps_c.h
[17.983s] -- Up-to-date: /home/ros2_ws/install/logging_demo/include/logging_demo/msg
[17.983s] -- Installing: /home/ros2_ws/install/logging_demo/include/logging_demo/msg/rosidl_typesupport_fastrtps_c__visibility_control.h
[17.984s] -- Installing: /home/ros2_ws/install/logging_demo/lib/liblogging_demo__rosidl_typesupport_fastrtps_c.so
[17.984s] -- Set runtime path of "/home/ros2_ws/install/logging_demo/lib/liblogging_demo__rosidl_typesupport_fastrtps_c.so" to ""
[17.985s] -- Up-to-date: /home/ros2_ws/install/logging_demo/include/logging_demo
[17.985s] -- Up-to-date: /home/ros2_ws/install/logging_demo/include/logging_demo/srv
[17.985s] -- Up-to-date: /home/ros2_ws/install/logging_demo/include/logging_demo/srv/detail
[17.985s] -- Installing: /home/ros2_ws/install/logging_demo/include/logging_demo/srv/detail/dds_fastrtps
[17.985s] -- Installing: /home/ros2_ws/install/logging_demo/include/logging_demo/srv/detail/config_logger__rosidl_typesupport_fastrtps_cpp.hpp
[17.986s] -- Up-to-date: /home/ros2_ws/install/logging_demo/include/logging_demo/msg
[17.986s] -- Installing: /home/ros2_ws/install/logging_demo/include/logging_demo/msg/rosidl_typesupport_fastrtps_cpp__visibility_control.h
[17.986s] -- Installing: /home/ros2_ws/install/logging_demo/lib/liblogging_demo__rosidl_typesupport_fastrtps_cpp.so
[17.987s] -- Set runtime path of "/home/ros2_ws/install/logging_demo/lib/liblogging_demo__rosidl_typesupport_fastrtps_cpp.so" to ""
[17.987s] -- Up-to-date: /home/ros2_ws/install/logging_demo/include/logging_demo
[17.987s] -- Up-to-date: /home/ros2_ws/install/logging_demo/include/logging_demo/srv
[17.988s] -- Up-to-date: /home/ros2_ws/install/logging_demo/include/logging_demo/srv/detail
[17.988s] -- Installing: /home/ros2_ws/install/logging_demo/include/logging_demo/srv/detail/config_logger__rosidl_typesupport_introspection_c.h
[17.989s] -- Installing: /home/ros2_ws/install/logging_demo/include/logging_demo/srv/detail/config_logger__type_support.c
[17.990s] -- Up-to-date: /home/ros2_ws/install/logging_demo/include/logging_demo/msg
[17.990s] -- Installing: /home/ros2_ws/install/logging_demo/include/logging_demo/msg/rosidl_typesupport_introspection_c__visibility_control.h
[17.991s] -- Installing: /home/ros2_ws/install/logging_demo/lib/liblogging_demo__rosidl_typesupport_introspection_c.so
[17.993s] -- Set runtime path of "/home/ros2_ws/install/logging_demo/lib/liblogging_demo__rosidl_typesupport_introspection_c.so" to ""
[17.994s] -- Installing: /home/ros2_ws/install/logging_demo/lib/liblogging_demo__rosidl_typesupport_c.so
[17.995s] -- Set runtime path of "/home/ros2_ws/install/logging_demo/lib/liblogging_demo__rosidl_typesupport_c.so" to ""
[17.996s] -- Up-to-date: /home/ros2_ws/install/logging_demo/include/logging_demo
[17.996s] -- Up-to-date: /home/ros2_ws/install/logging_demo/include/logging_demo/srv
[17.996s] -- Up-to-date: /home/ros2_ws/install/logging_demo/include/logging_demo/srv/detail
[17.996s] -- Installing: /home/ros2_ws/install/logging_demo/include/logging_demo/srv/detail/config_logger__traits.hpp
[17.996s] -- Installing: /home/ros2_ws/install/logging_demo/include/logging_demo/srv/detail/config_logger__builder.hpp
[17.996s] -- Installing: /home/ros2_ws/install/logging_demo/include/logging_demo/srv/detail/config_logger__struct.hpp
[17.997s] -- Installing: /home/ros2_ws/install/logging_demo/include/logging_demo/srv/config_logger.hpp
[17.997s] -- Up-to-date: /home/ros2_ws/install/logging_demo/include/logging_demo
[17.997s] -- Up-to-date: /home/ros2_ws/install/logging_demo/include/logging_demo/srv
[17.997s] -- Up-to-date: /home/ros2_ws/install/logging_demo/include/logging_demo/srv/detail
[17.998s] -- Installing: /home/ros2_ws/install/logging_demo/include/logging_demo/srv/detail/config_logger__rosidl_typesupport_introspection_cpp.hpp
[17.998s] -- Installing: /home/ros2_ws/install/logging_demo/include/logging_demo/srv/detail/config_logger__type_support.cpp
[17.998s] -- Installing: /home/ros2_ws/install/logging_demo/lib/liblogging_demo__rosidl_typesupport_introspection_cpp.so
[17.999s] -- Set runtime path of "/home/ros2_ws/install/logging_demo/lib/liblogging_demo__rosidl_typesupport_introspection_cpp.so" to ""
[17.999s] -- Installing: /home/ros2_ws/install/logging_demo/lib/liblogging_demo__rosidl_typesupport_cpp.so
[18.000s] -- Set runtime path of "/home/ros2_ws/install/logging_demo/lib/liblogging_demo__rosidl_typesupport_cpp.so" to ""
[18.000s] -- Installing: /home/ros2_ws/install/logging_demo/share/logging_demo/environment/pythonpath.sh
[18.000s] -- Installing: /home/ros2_ws/install/logging_demo/share/logging_demo/environment/pythonpath.dsv
[18.001s] -- Installing: /home/ros2_ws/install/logging_demo/lib/python3.8/site-packages/logging_demo/__init__.py
[18.046s] Compiling '/home/ros2_ws/install/logging_demo/lib/python3.8/site-packages/logging_demo/__init__.py'...
[18.053s] -- Installing: /home/ros2_ws/install/logging_demo/lib/python3.8/site-packages/logging_demo/srv
[18.053s] -- Installing: /home/ros2_ws/install/logging_demo/lib/python3.8/site-packages/logging_demo/srv/_config_logger_s.c
[18.054s] -- Installing: /home/ros2_ws/install/logging_demo/lib/python3.8/site-packages/logging_demo/srv/__init__.py
[18.055s] -- Installing: /home/ros2_ws/install/logging_demo/lib/python3.8/site-packages/logging_demo/srv/_config_logger.py
[18.056s] -- Installing: /home/ros2_ws/install/logging_demo/lib/python3.8/site-packages/logging_demo/logging_demo_s__rosidl_typesupport_fastrtps_c.cpython-38-x86_64-linux-gnu.so
[18.057s] -- Set runtime path of "/home/ros2_ws/install/logging_demo/lib/python3.8/site-packages/logging_demo/logging_demo_s__rosidl_typesupport_fastrtps_c.cpython-38-x86_64-linux-gnu.so" to ""
[18.058s] -- Installing: /home/ros2_ws/install/logging_demo/lib/python3.8/site-packages/logging_demo/logging_demo_s__rosidl_typesupport_introspection_c.cpython-38-x86_64-linux-gnu.so
[18.059s] -- Set runtime path of "/home/ros2_ws/install/logging_demo/lib/python3.8/site-packages/logging_demo/logging_demo_s__rosidl_typesupport_introspection_c.cpython-38-x86_64-linux-gnu.so" to ""
[18.059s] -- Installing: /home/ros2_ws/install/logging_demo/lib/python3.8/site-packages/logging_demo/logging_demo_s__rosidl_typesupport_c.cpython-38-x86_64-linux-gnu.so
[18.060s] -- Set runtime path of "/home/ros2_ws/install/logging_demo/lib/python3.8/site-packages/logging_demo/logging_demo_s__rosidl_typesupport_c.cpython-38-x86_64-linux-gnu.so" to ""
[18.061s] -- Installing: /home/ros2_ws/install/logging_demo/lib/liblogging_demo__python.so
[18.063s] -- Set runtime path of "/home/ros2_ws/install/logging_demo/lib/liblogging_demo__python.so" to ""
[18.064s] -- Installing: /home/ros2_ws/install/logging_demo/share/logging_demo/srv/ConfigLogger.idl
[18.064s] -- Installing: /home/ros2_ws/install/logging_demo/share/logging_demo/srv/ConfigLogger.srv
[18.065s] -- Installing: /home/ros2_ws/install/logging_demo/share/logging_demo/srv/ConfigLogger_Request.msg
[18.066s] -- Installing: /home/ros2_ws/install/logging_demo/share/logging_demo/srv/ConfigLogger_Response.msg
[18.067s] -- Installing: /home/ros2_ws/install/logging_demo/lib/liblogger_config_component.so
[18.069s] -- Set runtime path of "/home/ros2_ws/install/logging_demo/lib/liblogger_config_component.so" to ""
[18.070s] -- Installing: /home/ros2_ws/install/logging_demo/lib/liblogger_usage_component.so
[18.072s] -- Set runtime path of "/home/ros2_ws/install/logging_demo/lib/liblogger_usage_component.so" to ""
[18.073s] -- Installing: /home/ros2_ws/install/logging_demo/lib/logging_demo/logging_demo_main
[18.074s] -- Set runtime path of "/home/ros2_ws/install/logging_demo/lib/logging_demo/logging_demo_main" to ""
[18.076s] -- Installing: /home/ros2_ws/install/logging_demo/share/ament_index/resource_index/package_run_dependencies/logging_demo
[18.076s] -- Installing: /home/ros2_ws/install/logging_demo/share/ament_index/resource_index/parent_prefix_path/logging_demo
[18.077s] -- Installing: /home/ros2_ws/install/logging_demo/share/logging_demo/environment/ament_prefix_path.sh
[18.077s] -- Installing: /home/ros2_ws/install/logging_demo/share/logging_demo/environment/ament_prefix_path.dsv
[18.077s] -- Installing: /home/ros2_ws/install/logging_demo/share/logging_demo/environment/path.sh
[18.078s] -- Installing: /home/ros2_ws/install/logging_demo/share/logging_demo/environment/path.dsv
[18.078s] -- Installing: /home/ros2_ws/install/logging_demo/share/logging_demo/local_setup.bash
[18.079s] -- Installing: /home/ros2_ws/install/logging_demo/share/logging_demo/local_setup.sh
[18.079s] -- Installing: /home/ros2_ws/install/logging_demo/share/logging_demo/local_setup.zsh
[18.079s] -- Installing: /home/ros2_ws/install/logging_demo/share/logging_demo/local_setup.dsv
[18.080s] -- Installing: /home/ros2_ws/install/logging_demo/share/logging_demo/package.dsv
[18.080s] -- Installing: /home/ros2_ws/install/logging_demo/share/ament_index/resource_index/packages/logging_demo
[18.081s] -- Installing: /home/ros2_ws/install/logging_demo/share/logging_demo/cmake/logging_demo__rosidl_generator_cExport.cmake
[18.082s] -- Installing: /home/ros2_ws/install/logging_demo/share/logging_demo/cmake/logging_demo__rosidl_generator_cExport-noconfig.cmake
[18.083s] -- Installing: /home/ros2_ws/install/logging_demo/share/logging_demo/cmake/logging_demo__rosidl_typesupport_introspection_cExport.cmake
[18.084s] -- Installing: /home/ros2_ws/install/logging_demo/share/logging_demo/cmake/logging_demo__rosidl_typesupport_introspection_cExport-noconfig.cmake
[18.085s] -- Installing: /home/ros2_ws/install/logging_demo/share/logging_demo/cmake/logging_demo__rosidl_typesupport_cExport.cmake
[18.086s] -- Installing: /home/ros2_ws/install/logging_demo/share/logging_demo/cmake/logging_demo__rosidl_typesupport_cExport-noconfig.cmake
[18.087s] -- Installing: /home/ros2_ws/install/logging_demo/share/logging_demo/cmake/logging_demo__rosidl_generator_cppExport.cmake
[18.088s] -- Installing: /home/ros2_ws/install/logging_demo/share/logging_demo/cmake/logging_demo__rosidl_typesupport_introspection_cppExport.cmake
[18.089s] -- Installing: /home/ros2_ws/install/logging_demo/share/logging_demo/cmake/logging_demo__rosidl_typesupport_introspection_cppExport-noconfig.cmake
[18.090s] -- Installing: /home/ros2_ws/install/logging_demo/share/logging_demo/cmake/logging_demo__rosidl_typesupport_cppExport.cmake
[18.090s] -- Installing: /home/ros2_ws/install/logging_demo/share/logging_demo/cmake/logging_demo__rosidl_typesupport_cppExport-noconfig.cmake
[18.091s] -- Installing: /home/ros2_ws/install/logging_demo/share/ament_index/resource_index/rclcpp_components/logging_demo
[18.093s] -- Installing: /home/ros2_ws/install/logging_demo/share/logging_demo/cmake/rosidl_cmake-extras.cmake
[18.094s] -- Installing: /home/ros2_ws/install/logging_demo/share/logging_demo/cmake/ament_cmake_export_dependencies-extras.cmake
[18.095s] -- Installing: /home/ros2_ws/install/logging_demo/share/logging_demo/cmake/ament_cmake_export_libraries-extras.cmake
[18.095s] -- Installing: /home/ros2_ws/install/logging_demo/share/logging_demo/cmake/ament_cmake_export_targets-extras.cmake
[18.096s] -- Installing: /home/ros2_ws/install/logging_demo/share/logging_demo/cmake/ament_cmake_export_include_directories-extras.cmake
[18.096s] -- Installing: /home/ros2_ws/install/logging_demo/share/logging_demo/cmake/rosidl_cmake_export_typesupport_libraries-extras.cmake
[18.096s] -- Installing: /home/ros2_ws/install/logging_demo/share/logging_demo/cmake/rosidl_cmake_export_typesupport_targets-extras.cmake
[18.097s] -- Installing: /home/ros2_ws/install/logging_demo/share/logging_demo/cmake/logging_demoConfig.cmake
[18.097s] -- Installing: /home/ros2_ws/install/logging_demo/share/logging_demo/cmake/logging_demoConfig-version.cmake
[18.098s] -- Installing: /home/ros2_ws/install/logging_demo/share/logging_demo/package.xml
[18.104s] Invoked command in '/home/ros2_ws/build/logging_demo' returned '0': CMAKE_PREFIX_PATH=/opt/ros/foxy /usr/bin/cmake --install /home/ros2_ws/build/logging_demo
