[0.033s] Invoking command in '/home/ros2_ws/build/pendulum_msgs': CMAKE_PREFIX_PATH=/opt/ros/foxy /usr/bin/cmake /home/ros2_ws/src/demos/pendulum_msgs -DCMAKE_INSTALL_PREFIX=/home/ros2_ws/install/pendulum_msgs
[0.184s] -- The C compiler identification is GNU 9.3.0
[0.259s] -- The CXX compiler identification is GNU 9.3.0
[0.264s] -- Check for working C compiler: /usr/bin/cc
[0.375s] -- Check for working C compiler: /usr/bin/cc -- works
[0.375s] -- Detecting C compiler ABI info
[0.472s] -- Detecting C compiler ABI info - done
[0.486s] -- Detecting C compile features
[0.487s] -- Detecting C compile features - done
[0.489s] -- Check for working CXX compiler: /usr/bin/c++
[0.604s] -- Check for working CXX compiler: /usr/bin/c++ -- works
[0.606s] -- Detecting CXX compiler ABI info
[0.733s] -- Detecting CXX compiler ABI info - done
[0.748s] -- Detecting CXX compile features
[0.751s] -- Detecting CXX compile features - done
[0.759s] -- Found ament_cmake: 0.9.8 (/opt/ros/foxy/share/ament_cmake/cmake)
[0.778s] -- Found PythonInterp: /usr/bin/python3 (found suitable version "3.8.10", minimum required is "3") 
[0.778s] -- Using PYTHON_EXECUTABLE: /usr/bin/python3
[0.940s] -- Found builtin_interfaces: 1.0.0 (/opt/ros/foxy/share/builtin_interfaces/cmake)
[0.962s] -- Using all available rosidl_typesupport_c: rosidl_typesupport_fastrtps_c;rosidl_typesupport_introspection_c
[0.968s] -- Found rosidl_adapter: 1.2.1 (/opt/ros/foxy/share/rosidl_adapter/cmake)
[1.048s] -- Found OpenSSL: /usr/lib/x86_64-linux-gnu/libcrypto.so (found version "1.1.1f")  
[1.074s] -- Found FastRTPS: /opt/ros/foxy/include  
[1.155s] -- Using all available rosidl_typesupport_cpp: rosidl_typesupport_fastrtps_cpp;rosidl_typesupport_introspection_cpp
[1.196s] -- Found rosidl_default_generators: 1.0.1 (/opt/ros/foxy/share/rosidl_default_generators/cmake)
[1.238s] -- Found PythonInterp: /usr/bin/python3 (found version "3.8.10") 
[1.374s] -- Found ament_cmake_ros: 0.9.2 (/opt/ros/foxy/share/ament_cmake_ros/cmake)
[1.477s] -- Using all available rosidl_typesupport_c: rosidl_typesupport_fastrtps_c;rosidl_typesupport_introspection_c
[1.489s] -- Using all available rosidl_typesupport_cpp: rosidl_typesupport_fastrtps_cpp;rosidl_typesupport_introspection_cpp
[1.510s] -- Found PythonInterp: /usr/bin/python3 (found suitable version "3.8.10", minimum required is "3.5") 
[1.511s] -- Found python_cmake_module: 0.8.1 (/opt/ros/foxy/share/python_cmake_module/cmake)
[1.532s] -- Found PythonLibs: /usr/lib/x86_64-linux-gnu/libpython3.8.so (found suitable version "3.8.10", minimum required is "3.5") 
[1.532s] -- Using PYTHON_EXECUTABLE: /usr/bin/python3
[1.532s] -- Using PYTHON_INCLUDE_DIRS: /usr/include/python3.8
[1.532s] -- Using PYTHON_LIBRARIES: /usr/lib/x86_64-linux-gnu/libpython3.8.so
[1.554s] -- Found PythonExtra: .so  
[1.606s] -- Configuring done
[1.659s] -- Generating done
[1.663s] -- Build files have been written to: /home/ros2_ws/build/pendulum_msgs
[1.675s] Invoked command in '/home/ros2_ws/build/pendulum_msgs' returned '0': CMAKE_PREFIX_PATH=/opt/ros/foxy /usr/bin/cmake /home/ros2_ws/src/demos/pendulum_msgs -DCMAKE_INSTALL_PREFIX=/home/ros2_ws/install/pendulum_msgs
[1.675s] Invoking command in '/home/ros2_ws/build/pendulum_msgs': CMAKE_PREFIX_PATH=/opt/ros/foxy /usr/bin/cmake --build /home/ros2_ws/build/pendulum_msgs -- -j4 -l4
[1.718s] [35m[1mScanning dependencies of target pendulum_msgs__cpp[0m
[1.727s] [  2%] [34m[1mGenerating C code for ROS interfaces[0m
[1.739s] [  4%] [34m[1mGenerating C++ code for ROS interfaces[0m
[2.543s] [  4%] Built target pendulum_msgs__cpp
[2.560s] [  6%] [34m[1mGenerating C++ introspection for ROS interfaces[0m
[2.625s] [  8%] [34m[1mGenerating C++ type support for eProsima Fast-RTPS[0m
[2.636s] [ 10%] [34m[1mGenerating C++ type support dispatch for ROS interfaces[0m
[2.657s] [35m[1mScanning dependencies of target pendulum_msgs__rosidl_generator_c[0m
[2.727s] [ 12%] [32mBuilding C object CMakeFiles/pendulum_msgs__rosidl_generator_c.dir/rosidl_generator_c/pendulum_msgs/msg/detail/joint_state__functions.c.o[0m
[2.886s] [ 14%] [32mBuilding C object CMakeFiles/pendulum_msgs__rosidl_generator_c.dir/rosidl_generator_c/pendulum_msgs/msg/detail/joint_command__functions.c.o[0m
[3.028s] [ 17%] [32mBuilding C object CMakeFiles/pendulum_msgs__rosidl_generator_c.dir/rosidl_generator_c/pendulum_msgs/msg/detail/rttest_results__functions.c.o[0m
[3.188s] [ 19%] [32m[1mLinking C shared library libpendulum_msgs__rosidl_generator_c.so[0m
[3.329s] [ 19%] Built target pendulum_msgs__rosidl_generator_c
[3.374s] [ 21%] [34m[1mGenerating C introspection for ROS interfaces[0m
[3.428s] [35m[1mScanning dependencies of target pendulum_msgs__rosidl_typesupport_fastrtps_cpp[0m
[3.465s] [35m[1mScanning dependencies of target pendulum_msgs__rosidl_typesupport_cpp[0m
[3.487s] [35m[1mScanning dependencies of target pendulum_msgs__rosidl_typesupport_introspection_cpp[0m
[3.519s] [ 23%] [32mBuilding CXX object CMakeFiles/pendulum_msgs__rosidl_typesupport_fastrtps_cpp.dir/rosidl_typesupport_fastrtps_cpp/pendulum_msgs/msg/detail/dds_fastrtps/joint_state__type_support.cpp.o[0m
[3.562s] [ 25%] [32mBuilding CXX object CMakeFiles/pendulum_msgs__rosidl_typesupport_cpp.dir/rosidl_typesupport_cpp/pendulum_msgs/msg/joint_state__type_support.cpp.o[0m
[3.576s] [ 27%] [32mBuilding CXX object CMakeFiles/pendulum_msgs__rosidl_typesupport_introspection_cpp.dir/rosidl_typesupport_introspection_cpp/pendulum_msgs/msg/detail/joint_state__type_support.cpp.o[0m
[4.084s] [ 29%] [32mBuilding CXX object CMakeFiles/pendulum_msgs__rosidl_typesupport_cpp.dir/rosidl_typesupport_cpp/pendulum_msgs/msg/joint_command__type_support.cpp.o[0m
[4.158s] [35m[1mScanning dependencies of target pendulum_msgs__rosidl_typesupport_introspection_c[0m
[4.178s] [ 31%] [32mBuilding CXX object CMakeFiles/pendulum_msgs__rosidl_typesupport_introspection_cpp.dir/rosidl_typesupport_introspection_cpp/pendulum_msgs/msg/detail/joint_command__type_support.cpp.o[0m
[4.253s] [ 34%] [32mBuilding C object CMakeFiles/pendulum_msgs__rosidl_typesupport_introspection_c.dir/rosidl_typesupport_introspection_c/pendulum_msgs/msg/detail/joint_state__type_support.c.o[0m
[4.428s] [ 36%] [32mBuilding C object CMakeFiles/pendulum_msgs__rosidl_typesupport_introspection_c.dir/rosidl_typesupport_introspection_c/pendulum_msgs/msg/detail/joint_command__type_support.c.o[0m
[4.555s] [ 38%] [32mBuilding C object CMakeFiles/pendulum_msgs__rosidl_typesupport_introspection_c.dir/rosidl_typesupport_introspection_c/pendulum_msgs/msg/detail/rttest_results__type_support.c.o[0m
[4.565s] [ 40%] [32mBuilding CXX object CMakeFiles/pendulum_msgs__rosidl_typesupport_introspection_cpp.dir/rosidl_typesupport_introspection_cpp/pendulum_msgs/msg/detail/rttest_results__type_support.cpp.o[0m
[4.671s] [ 42%] [32m[1mLinking C shared library libpendulum_msgs__rosidl_typesupport_introspection_c.so[0m
[4.845s] [ 42%] Built target pendulum_msgs__rosidl_typesupport_introspection_c
[4.896s] [ 44%] [34m[1mGenerating C type support dispatch for ROS interfaces[0m
[4.913s] [ 46%] [32mBuilding CXX object CMakeFiles/pendulum_msgs__rosidl_typesupport_cpp.dir/rosidl_typesupport_cpp/pendulum_msgs/msg/rttest_results__type_support.cpp.o[0m
[5.064s] [ 48%] [32m[1mLinking CXX shared library libpendulum_msgs__rosidl_typesupport_introspection_cpp.so[0m
[5.128s] [ 51%] [32mBuilding CXX object CMakeFiles/pendulum_msgs__rosidl_typesupport_fastrtps_cpp.dir/rosidl_typesupport_fastrtps_cpp/pendulum_msgs/msg/detail/dds_fastrtps/joint_command__type_support.cpp.o[0m
[5.351s] [ 51%] Built target pendulum_msgs__rosidl_typesupport_introspection_cpp
[5.408s] [ 53%] [32mBuilding CXX object CMakeFiles/pendulum_msgs__rosidl_typesupport_fastrtps_cpp.dir/rosidl_typesupport_fastrtps_cpp/pendulum_msgs/msg/detail/dds_fastrtps/rttest_results__type_support.cpp.o[0m
[5.435s] [ 55%] [32m[1mLinking CXX shared library libpendulum_msgs__rosidl_typesupport_cpp.so[0m
[5.601s] [ 55%] Built target pendulum_msgs__rosidl_typesupport_cpp
[5.690s] [35m[1mScanning dependencies of target pendulum_msgs__rosidl_typesupport_c[0m
[5.808s] [ 57%] [32mBuilding CXX object CMakeFiles/pendulum_msgs__rosidl_typesupport_c.dir/rosidl_typesupport_c/pendulum_msgs/msg/joint_command__type_support.cpp.o[0m
[5.808s] [ 59%] [32mBuilding CXX object CMakeFiles/pendulum_msgs__rosidl_typesupport_c.dir/rosidl_typesupport_c/pendulum_msgs/msg/joint_state__type_support.cpp.o[0m
[5.880s] [ 61%] [32mBuilding CXX object CMakeFiles/pendulum_msgs__rosidl_typesupport_c.dir/rosidl_typesupport_c/pendulum_msgs/msg/rttest_results__type_support.cpp.o[0m
[5.994s] [ 63%] [32m[1mLinking CXX shared library libpendulum_msgs__rosidl_typesupport_c.so[0m
[6.118s] [ 63%] Built target pendulum_msgs__rosidl_typesupport_c
[6.202s] [ 65%] [32m[1mLinking CXX shared library libpendulum_msgs__rosidl_typesupport_fastrtps_cpp.so[0m
[6.341s] [ 65%] Built target pendulum_msgs__rosidl_typesupport_fastrtps_cpp
[6.367s] [ 68%] [34m[1mGenerating C type support for eProsima Fast-RTPS[0m
[6.860s] [35m[1mScanning dependencies of target pendulum_msgs__rosidl_typesupport_fastrtps_c[0m
[6.888s] [ 70%] [32mBuilding CXX object CMakeFiles/pendulum_msgs__rosidl_typesupport_fastrtps_c.dir/rosidl_typesupport_fastrtps_c/pendulum_msgs/msg/detail/joint_state__type_support_c.cpp.o[0m
[6.903s] [ 72%] [32mBuilding CXX object CMakeFiles/pendulum_msgs__rosidl_typesupport_fastrtps_c.dir/rosidl_typesupport_fastrtps_c/pendulum_msgs/msg/detail/joint_command__type_support_c.cpp.o[0m
[6.916s] [ 74%] [32mBuilding CXX object CMakeFiles/pendulum_msgs__rosidl_typesupport_fastrtps_c.dir/rosidl_typesupport_fastrtps_c/pendulum_msgs/msg/detail/rttest_results__type_support_c.cpp.o[0m
[7.869s] [ 76%] [32m[1mLinking CXX shared library libpendulum_msgs__rosidl_typesupport_fastrtps_c.so[0m
[8.101s] [ 76%] Built target pendulum_msgs__rosidl_typesupport_fastrtps_c
[8.123s] [35m[1mScanning dependencies of target pendulum_msgs[0m
[8.132s] [ 76%] Built target pendulum_msgs
[8.142s] [35m[1mScanning dependencies of target pendulum_msgs__py[0m
[8.152s] [ 78%] [34m[1mGenerating Python code for ROS interfaces[0m
[8.847s] [ 78%] Built target pendulum_msgs__py
[8.857s] [35m[1mScanning dependencies of target pendulum_msgs__python[0m
[8.905s] [ 80%] [32mBuilding C object CMakeFiles/pendulum_msgs__python.dir/rosidl_generator_py/pendulum_msgs/msg/_joint_state_s.c.o[0m
[8.910s] [ 82%] [32mBuilding C object CMakeFiles/pendulum_msgs__python.dir/rosidl_generator_py/pendulum_msgs/msg/_joint_command_s.c.o[0m
[8.918s] [ 85%] [32mBuilding C object CMakeFiles/pendulum_msgs__python.dir/rosidl_generator_py/pendulum_msgs/msg/_rttest_results_s.c.o[0m
[9.053s] [ 87%] [32m[1mLinking C shared library rosidl_generator_py/pendulum_msgs/libpendulum_msgs__python.so[0m
[9.108s] [ 87%] Built target pendulum_msgs__python
[9.118s] [35m[1mScanning dependencies of target pendulum_msgs__rosidl_typesupport_c__pyext[0m
[9.118s] [35m[1mScanning dependencies of target pendulum_msgs__rosidl_typesupport_fastrtps_c__pyext[0m
[9.137s] [35m[1mScanning dependencies of target pendulum_msgs__rosidl_typesupport_introspection_c__pyext[0m
[9.167s] [ 89%] [32mBuilding C object CMakeFiles/pendulum_msgs__rosidl_typesupport_c__pyext.dir/rosidl_generator_py/pendulum_msgs/_pendulum_msgs_s.ep.rosidl_typesupport_c.c.o[0m
[9.173s] [ 91%] [32mBuilding C object CMakeFiles/pendulum_msgs__rosidl_typesupport_introspection_c__pyext.dir/rosidl_generator_py/pendulum_msgs/_pendulum_msgs_s.ep.rosidl_typesupport_introspection_c.c.o[0m
[9.200s] [ 93%] [32mBuilding C object CMakeFiles/pendulum_msgs__rosidl_typesupport_fastrtps_c__pyext.dir/rosidl_generator_py/pendulum_msgs/_pendulum_msgs_s.ep.rosidl_typesupport_fastrtps_c.c.o[0m
[9.265s] [ 95%] [32m[1mLinking C shared library rosidl_generator_py/pendulum_msgs/pendulum_msgs_s__rosidl_typesupport_introspection_c.cpython-38-x86_64-linux-gnu.so[0m
[9.296s] [ 97%] [32m[1mLinking C shared library rosidl_generator_py/pendulum_msgs/pendulum_msgs_s__rosidl_typesupport_c.cpython-38-x86_64-linux-gnu.so[0m
[9.333s] [ 97%] Built target pendulum_msgs__rosidl_typesupport_c__pyext
[9.336s] [ 97%] Built target pendulum_msgs__rosidl_typesupport_introspection_c__pyext
[9.389s] [100%] [32m[1mLinking CXX shared library rosidl_generator_py/pendulum_msgs/pendulum_msgs_s__rosidl_typesupport_fastrtps_c.cpython-38-x86_64-linux-gnu.so[0m
[9.542s] [100%] Built target pendulum_msgs__rosidl_typesupport_fastrtps_c__pyext
[9.579s] Invoked command in '/home/ros2_ws/build/pendulum_msgs' returned '0': CMAKE_PREFIX_PATH=/opt/ros/foxy /usr/bin/cmake --build /home/ros2_ws/build/pendulum_msgs -- -j4 -l4
[9.735s] Invoking command in '/home/ros2_ws/build/pendulum_msgs': CMAKE_PREFIX_PATH=/opt/ros/foxy /usr/bin/cmake --install /home/ros2_ws/build/pendulum_msgs
[9.769s] -- Install configuration: ""
[9.769s] -- Installing: /home/ros2_ws/install/pendulum_msgs/share/ament_index/resource_index/rosidl_interfaces/pendulum_msgs
[9.770s] -- Installing: /home/ros2_ws/install/pendulum_msgs/include/pendulum_msgs
[9.771s] -- Installing: /home/ros2_ws/install/pendulum_msgs/include/pendulum_msgs/msg
[9.771s] -- Installing: /home/ros2_ws/install/pendulum_msgs/include/pendulum_msgs/msg/joint_state.h
[9.772s] -- Installing: /home/ros2_ws/install/pendulum_msgs/include/pendulum_msgs/msg/joint_command.h
[9.773s] -- Installing: /home/ros2_ws/install/pendulum_msgs/include/pendulum_msgs/msg/rttest_results.h
[9.774s] -- Installing: /home/ros2_ws/install/pendulum_msgs/include/pendulum_msgs/msg/detail
[9.774s] -- Installing: /home/ros2_ws/install/pendulum_msgs/include/pendulum_msgs/msg/detail/rttest_results__struct.h
[9.775s] -- Installing: /home/ros2_ws/install/pendulum_msgs/include/pendulum_msgs/msg/detail/joint_command__functions.h
[9.776s] -- Installing: /home/ros2_ws/install/pendulum_msgs/include/pendulum_msgs/msg/detail/rttest_results__type_support.h
[9.778s] -- Installing: /home/ros2_ws/install/pendulum_msgs/include/pendulum_msgs/msg/detail/joint_state__type_support.h
[9.778s] -- Installing: /home/ros2_ws/install/pendulum_msgs/include/pendulum_msgs/msg/detail/joint_command__type_support.h
[9.779s] -- Installing: /home/ros2_ws/install/pendulum_msgs/include/pendulum_msgs/msg/detail/rttest_results__functions.c
[9.780s] -- Installing: /home/ros2_ws/install/pendulum_msgs/include/pendulum_msgs/msg/detail/joint_command__functions.c
[9.781s] -- Installing: /home/ros2_ws/install/pendulum_msgs/include/pendulum_msgs/msg/detail/joint_state__functions.h
[9.782s] -- Installing: /home/ros2_ws/install/pendulum_msgs/include/pendulum_msgs/msg/detail/joint_state__struct.h
[9.782s] -- Installing: /home/ros2_ws/install/pendulum_msgs/include/pendulum_msgs/msg/detail/joint_command__struct.h
[9.783s] -- Installing: /home/ros2_ws/install/pendulum_msgs/include/pendulum_msgs/msg/detail/joint_state__functions.c
[9.783s] -- Installing: /home/ros2_ws/install/pendulum_msgs/include/pendulum_msgs/msg/detail/rttest_results__functions.h
[9.784s] -- Installing: /home/ros2_ws/install/pendulum_msgs/include/pendulum_msgs/msg/rosidl_generator_c__visibility_control.h
[9.784s] -- Installing: /home/ros2_ws/install/pendulum_msgs/share/pendulum_msgs/environment/library_path.sh
[9.785s] -- Installing: /home/ros2_ws/install/pendulum_msgs/share/pendulum_msgs/environment/library_path.dsv
[9.785s] -- Installing: /home/ros2_ws/install/pendulum_msgs/lib/libpendulum_msgs__rosidl_generator_c.so
[9.786s] -- Set runtime path of "/home/ros2_ws/install/pendulum_msgs/lib/libpendulum_msgs__rosidl_generator_c.so" to ""
[9.789s] -- Up-to-date: /home/ros2_ws/install/pendulum_msgs/include/pendulum_msgs
[9.789s] -- Up-to-date: /home/ros2_ws/install/pendulum_msgs/include/pendulum_msgs/msg
[9.794s] -- Installing: /home/ros2_ws/install/pendulum_msgs/include/pendulum_msgs/msg/rosidl_typesupport_fastrtps_c__visibility_control.h
[9.797s] -- Up-to-date: /home/ros2_ws/install/pendulum_msgs/include/pendulum_msgs/msg/detail
[9.797s] -- Installing: /home/ros2_ws/install/pendulum_msgs/include/pendulum_msgs/msg/detail/rttest_results__rosidl_typesupport_fastrtps_c.h
[9.800s] -- Installing: /home/ros2_ws/install/pendulum_msgs/include/pendulum_msgs/msg/detail/joint_command__rosidl_typesupport_fastrtps_c.h
[9.800s] -- Installing: /home/ros2_ws/install/pendulum_msgs/include/pendulum_msgs/msg/detail/joint_state__rosidl_typesupport_fastrtps_c.h
[9.800s] -- Installing: /home/ros2_ws/install/pendulum_msgs/lib/libpendulum_msgs__rosidl_typesupport_fastrtps_c.so
[9.804s] -- Set runtime path of "/home/ros2_ws/install/pendulum_msgs/lib/libpendulum_msgs__rosidl_typesupport_fastrtps_c.so" to ""
[9.806s] -- Up-to-date: /home/ros2_ws/install/pendulum_msgs/include/pendulum_msgs
[9.806s] -- Up-to-date: /home/ros2_ws/install/pendulum_msgs/include/pendulum_msgs/msg
[9.806s] -- Installing: /home/ros2_ws/install/pendulum_msgs/include/pendulum_msgs/msg/rosidl_typesupport_fastrtps_cpp__visibility_control.h
[9.807s] -- Up-to-date: /home/ros2_ws/install/pendulum_msgs/include/pendulum_msgs/msg/detail
[9.807s] -- Installing: /home/ros2_ws/install/pendulum_msgs/include/pendulum_msgs/msg/detail/joint_command__rosidl_typesupport_fastrtps_cpp.hpp
[9.807s] -- Installing: /home/ros2_ws/install/pendulum_msgs/include/pendulum_msgs/msg/detail/rttest_results__rosidl_typesupport_fastrtps_cpp.hpp
[9.807s] -- Installing: /home/ros2_ws/install/pendulum_msgs/include/pendulum_msgs/msg/detail/dds_fastrtps
[9.808s] -- Installing: /home/ros2_ws/install/pendulum_msgs/include/pendulum_msgs/msg/detail/joint_state__rosidl_typesupport_fastrtps_cpp.hpp
[9.808s] -- Installing: /home/ros2_ws/install/pendulum_msgs/lib/libpendulum_msgs__rosidl_typesupport_fastrtps_cpp.so
[9.808s] -- Set runtime path of "/home/ros2_ws/install/pendulum_msgs/lib/libpendulum_msgs__rosidl_typesupport_fastrtps_cpp.so" to ""
[9.809s] -- Up-to-date: /home/ros2_ws/install/pendulum_msgs/include/pendulum_msgs
[9.810s] -- Up-to-date: /home/ros2_ws/install/pendulum_msgs/include/pendulum_msgs/msg
[9.811s] -- Installing: /home/ros2_ws/install/pendulum_msgs/include/pendulum_msgs/msg/rosidl_typesupport_introspection_c__visibility_control.h
[9.811s] -- Up-to-date: /home/ros2_ws/install/pendulum_msgs/include/pendulum_msgs/msg/detail
[9.812s] -- Installing: /home/ros2_ws/install/pendulum_msgs/include/pendulum_msgs/msg/detail/rttest_results__type_support.c
[9.813s] -- Installing: /home/ros2_ws/install/pendulum_msgs/include/pendulum_msgs/msg/detail/rttest_results__rosidl_typesupport_introspection_c.h
[9.813s] -- Installing: /home/ros2_ws/install/pendulum_msgs/include/pendulum_msgs/msg/detail/joint_command__type_support.c
[9.813s] -- Installing: /home/ros2_ws/install/pendulum_msgs/include/pendulum_msgs/msg/detail/joint_state__rosidl_typesupport_introspection_c.h
[9.813s] -- Installing: /home/ros2_ws/install/pendulum_msgs/include/pendulum_msgs/msg/detail/joint_state__type_support.c
[9.813s] -- Installing: /home/ros2_ws/install/pendulum_msgs/include/pendulum_msgs/msg/detail/joint_command__rosidl_typesupport_introspection_c.h
[9.813s] -- Installing: /home/ros2_ws/install/pendulum_msgs/lib/libpendulum_msgs__rosidl_typesupport_introspection_c.so
[9.814s] -- Set runtime path of "/home/ros2_ws/install/pendulum_msgs/lib/libpendulum_msgs__rosidl_typesupport_introspection_c.so" to ""
[9.815s] -- Installing: /home/ros2_ws/install/pendulum_msgs/lib/libpendulum_msgs__rosidl_typesupport_c.so
[9.815s] -- Set runtime path of "/home/ros2_ws/install/pendulum_msgs/lib/libpendulum_msgs__rosidl_typesupport_c.so" to ""
[9.815s] -- Up-to-date: /home/ros2_ws/install/pendulum_msgs/include/pendulum_msgs
[9.815s] -- Up-to-date: /home/ros2_ws/install/pendulum_msgs/include/pendulum_msgs/msg
[9.815s] -- Installing: /home/ros2_ws/install/pendulum_msgs/include/pendulum_msgs/msg/joint_command.hpp
[9.815s] -- Installing: /home/ros2_ws/install/pendulum_msgs/include/pendulum_msgs/msg/rttest_results.hpp
[9.815s] -- Up-to-date: /home/ros2_ws/install/pendulum_msgs/include/pendulum_msgs/msg/detail
[9.815s] -- Installing: /home/ros2_ws/install/pendulum_msgs/include/pendulum_msgs/msg/detail/joint_state__builder.hpp
[9.835s] -- Installing: /home/ros2_ws/install/pendulum_msgs/include/pendulum_msgs/msg/detail/joint_command__struct.hpp
[9.836s] -- Installing: /home/ros2_ws/install/pendulum_msgs/include/pendulum_msgs/msg/detail/joint_command__builder.hpp
[9.836s] -- Installing: /home/ros2_ws/install/pendulum_msgs/include/pendulum_msgs/msg/detail/joint_state__traits.hpp
[9.836s] -- Installing: /home/ros2_ws/install/pendulum_msgs/include/pendulum_msgs/msg/detail/rttest_results__traits.hpp
[9.836s] -- Installing: /home/ros2_ws/install/pendulum_msgs/include/pendulum_msgs/msg/detail/rttest_results__builder.hpp
[9.836s] -- Installing: /home/ros2_ws/install/pendulum_msgs/include/pendulum_msgs/msg/detail/joint_command__traits.hpp
[9.836s] -- Installing: /home/ros2_ws/install/pendulum_msgs/include/pendulum_msgs/msg/detail/joint_state__struct.hpp
[9.836s] -- Installing: /home/ros2_ws/install/pendulum_msgs/include/pendulum_msgs/msg/detail/rttest_results__struct.hpp
[9.836s] -- Installing: /home/ros2_ws/install/pendulum_msgs/include/pendulum_msgs/msg/joint_state.hpp
[9.836s] -- Up-to-date: /home/ros2_ws/install/pendulum_msgs/include/pendulum_msgs
[9.836s] -- Up-to-date: /home/ros2_ws/install/pendulum_msgs/include/pendulum_msgs/msg
[9.836s] -- Up-to-date: /home/ros2_ws/install/pendulum_msgs/include/pendulum_msgs/msg/detail
[9.837s] -- Installing: /home/ros2_ws/install/pendulum_msgs/include/pendulum_msgs/msg/detail/joint_state__rosidl_typesupport_introspection_cpp.hpp
[9.837s] -- Installing: /home/ros2_ws/install/pendulum_msgs/include/pendulum_msgs/msg/detail/rttest_results__rosidl_typesupport_introspection_cpp.hpp
[9.837s] -- Installing: /home/ros2_ws/install/pendulum_msgs/include/pendulum_msgs/msg/detail/joint_command__type_support.cpp
[9.837s] -- Installing: /home/ros2_ws/install/pendulum_msgs/include/pendulum_msgs/msg/detail/joint_command__rosidl_typesupport_introspection_cpp.hpp
[9.837s] -- Installing: /home/ros2_ws/install/pendulum_msgs/include/pendulum_msgs/msg/detail/joint_state__type_support.cpp
[9.837s] -- Installing: /home/ros2_ws/install/pendulum_msgs/include/pendulum_msgs/msg/detail/rttest_results__type_support.cpp
[9.837s] -- Installing: /home/ros2_ws/install/pendulum_msgs/lib/libpendulum_msgs__rosidl_typesupport_introspection_cpp.so
[9.837s] -- Set runtime path of "/home/ros2_ws/install/pendulum_msgs/lib/libpendulum_msgs__rosidl_typesupport_introspection_cpp.so" to ""
[9.837s] -- Installing: /home/ros2_ws/install/pendulum_msgs/lib/libpendulum_msgs__rosidl_typesupport_cpp.so
[9.837s] -- Set runtime path of "/home/ros2_ws/install/pendulum_msgs/lib/libpendulum_msgs__rosidl_typesupport_cpp.so" to ""
[9.837s] -- Installing: /home/ros2_ws/install/pendulum_msgs/share/pendulum_msgs/environment/pythonpath.sh
[9.837s] -- Installing: /home/ros2_ws/install/pendulum_msgs/share/pendulum_msgs/environment/pythonpath.dsv
[9.837s] -- Installing: /home/ros2_ws/install/pendulum_msgs/lib/python3.8/site-packages/pendulum_msgs/__init__.py
[9.840s] Compiling '/home/ros2_ws/install/pendulum_msgs/lib/python3.8/site-packages/pendulum_msgs/__init__.py'...
[9.845s] -- Installing: /home/ros2_ws/install/pendulum_msgs/lib/python3.8/site-packages/pendulum_msgs/msg
[9.845s] -- Installing: /home/ros2_ws/install/pendulum_msgs/lib/python3.8/site-packages/pendulum_msgs/msg/_joint_state_s.c
[9.845s] -- Installing: /home/ros2_ws/install/pendulum_msgs/lib/python3.8/site-packages/pendulum_msgs/msg/_joint_command_s.c
[9.845s] -- Installing: /home/ros2_ws/install/pendulum_msgs/lib/python3.8/site-packages/pendulum_msgs/msg/_rttest_results.py
[9.845s] -- Installing: /home/ros2_ws/install/pendulum_msgs/lib/python3.8/site-packages/pendulum_msgs/msg/_rttest_results_s.c
[9.845s] -- Installing: /home/ros2_ws/install/pendulum_msgs/lib/python3.8/site-packages/pendulum_msgs/msg/_joint_command.py
[9.845s] -- Installing: /home/ros2_ws/install/pendulum_msgs/lib/python3.8/site-packages/pendulum_msgs/msg/_joint_state.py
[9.845s] -- Installing: /home/ros2_ws/install/pendulum_msgs/lib/python3.8/site-packages/pendulum_msgs/msg/__init__.py
[9.846s] -- Installing: /home/ros2_ws/install/pendulum_msgs/lib/python3.8/site-packages/pendulum_msgs/pendulum_msgs_s__rosidl_typesupport_fastrtps_c.cpython-38-x86_64-linux-gnu.so
[9.846s] -- Set runtime path of "/home/ros2_ws/install/pendulum_msgs/lib/python3.8/site-packages/pendulum_msgs/pendulum_msgs_s__rosidl_typesupport_fastrtps_c.cpython-38-x86_64-linux-gnu.so" to ""
[9.846s] -- Installing: /home/ros2_ws/install/pendulum_msgs/lib/python3.8/site-packages/pendulum_msgs/pendulum_msgs_s__rosidl_typesupport_introspection_c.cpython-38-x86_64-linux-gnu.so
[9.847s] -- Set runtime path of "/home/ros2_ws/install/pendulum_msgs/lib/python3.8/site-packages/pendulum_msgs/pendulum_msgs_s__rosidl_typesupport_introspection_c.cpython-38-x86_64-linux-gnu.so" to ""
[9.847s] -- Installing: /home/ros2_ws/install/pendulum_msgs/lib/python3.8/site-packages/pendulum_msgs/pendulum_msgs_s__rosidl_typesupport_c.cpython-38-x86_64-linux-gnu.so
[9.847s] -- Set runtime path of "/home/ros2_ws/install/pendulum_msgs/lib/python3.8/site-packages/pendulum_msgs/pendulum_msgs_s__rosidl_typesupport_c.cpython-38-x86_64-linux-gnu.so" to ""
[9.848s] -- Installing: /home/ros2_ws/install/pendulum_msgs/lib/libpendulum_msgs__python.so
[9.848s] -- Set runtime path of "/home/ros2_ws/install/pendulum_msgs/lib/libpendulum_msgs__python.so" to ""
[9.848s] -- Installing: /home/ros2_ws/install/pendulum_msgs/share/pendulum_msgs/msg/JointState.idl
[9.848s] -- Installing: /home/ros2_ws/install/pendulum_msgs/share/pendulum_msgs/msg/JointCommand.idl
[9.848s] -- Installing: /home/ros2_ws/install/pendulum_msgs/share/pendulum_msgs/msg/RttestResults.idl
[9.848s] -- Installing: /home/ros2_ws/install/pendulum_msgs/share/pendulum_msgs/msg/JointState.msg
[9.849s] -- Installing: /home/ros2_ws/install/pendulum_msgs/share/pendulum_msgs/msg/JointCommand.msg
[9.849s] -- Installing: /home/ros2_ws/install/pendulum_msgs/share/pendulum_msgs/msg/RttestResults.msg
[9.849s] -- Installing: /home/ros2_ws/install/pendulum_msgs/share/ament_index/resource_index/package_run_dependencies/pendulum_msgs
[9.849s] -- Installing: /home/ros2_ws/install/pendulum_msgs/share/ament_index/resource_index/parent_prefix_path/pendulum_msgs
[9.849s] -- Installing: /home/ros2_ws/install/pendulum_msgs/share/pendulum_msgs/environment/ament_prefix_path.sh
[9.849s] -- Installing: /home/ros2_ws/install/pendulum_msgs/share/pendulum_msgs/environment/ament_prefix_path.dsv
[9.850s] -- Installing: /home/ros2_ws/install/pendulum_msgs/share/pendulum_msgs/environment/path.sh
[9.850s] -- Installing: /home/ros2_ws/install/pendulum_msgs/share/pendulum_msgs/environment/path.dsv
[9.850s] -- Installing: /home/ros2_ws/install/pendulum_msgs/share/pendulum_msgs/local_setup.bash
[9.850s] -- Installing: /home/ros2_ws/install/pendulum_msgs/share/pendulum_msgs/local_setup.sh
[9.850s] -- Installing: /home/ros2_ws/install/pendulum_msgs/share/pendulum_msgs/local_setup.zsh
[9.850s] -- Installing: /home/ros2_ws/install/pendulum_msgs/share/pendulum_msgs/local_setup.dsv
[9.850s] -- Installing: /home/ros2_ws/install/pendulum_msgs/share/pendulum_msgs/package.dsv
[9.850s] -- Installing: /home/ros2_ws/install/pendulum_msgs/share/ament_index/resource_index/packages/pendulum_msgs
[9.851s] -- Installing: /home/ros2_ws/install/pendulum_msgs/share/pendulum_msgs/cmake/pendulum_msgs__rosidl_generator_cExport.cmake
[9.851s] -- Installing: /home/ros2_ws/install/pendulum_msgs/share/pendulum_msgs/cmake/pendulum_msgs__rosidl_generator_cExport-noconfig.cmake
[9.851s] -- Installing: /home/ros2_ws/install/pendulum_msgs/share/pendulum_msgs/cmake/pendulum_msgs__rosidl_typesupport_introspection_cExport.cmake
[9.851s] -- Installing: /home/ros2_ws/install/pendulum_msgs/share/pendulum_msgs/cmake/pendulum_msgs__rosidl_typesupport_introspection_cExport-noconfig.cmake
[9.851s] -- Installing: /home/ros2_ws/install/pendulum_msgs/share/pendulum_msgs/cmake/pendulum_msgs__rosidl_typesupport_cExport.cmake
[9.851s] -- Installing: /home/ros2_ws/install/pendulum_msgs/share/pendulum_msgs/cmake/pendulum_msgs__rosidl_typesupport_cExport-noconfig.cmake
[9.852s] -- Installing: /home/ros2_ws/install/pendulum_msgs/share/pendulum_msgs/cmake/pendulum_msgs__rosidl_generator_cppExport.cmake
[9.852s] -- Installing: /home/ros2_ws/install/pendulum_msgs/share/pendulum_msgs/cmake/pendulum_msgs__rosidl_typesupport_introspection_cppExport.cmake
[9.852s] -- Installing: /home/ros2_ws/install/pendulum_msgs/share/pendulum_msgs/cmake/pendulum_msgs__rosidl_typesupport_introspection_cppExport-noconfig.cmake
[9.852s] -- Installing: /home/ros2_ws/install/pendulum_msgs/share/pendulum_msgs/cmake/pendulum_msgs__rosidl_typesupport_cppExport.cmake
[9.852s] -- Installing: /home/ros2_ws/install/pendulum_msgs/share/pendulum_msgs/cmake/pendulum_msgs__rosidl_typesupport_cppExport-noconfig.cmake
[9.852s] -- Installing: /home/ros2_ws/install/pendulum_msgs/share/pendulum_msgs/cmake/rosidl_cmake-extras.cmake
[9.853s] -- Installing: /home/ros2_ws/install/pendulum_msgs/share/pendulum_msgs/cmake/ament_cmake_export_dependencies-extras.cmake
[9.853s] -- Installing: /home/ros2_ws/install/pendulum_msgs/share/pendulum_msgs/cmake/ament_cmake_export_libraries-extras.cmake
[9.853s] -- Installing: /home/ros2_ws/install/pendulum_msgs/share/pendulum_msgs/cmake/ament_cmake_export_targets-extras.cmake
[9.853s] -- Installing: /home/ros2_ws/install/pendulum_msgs/share/pendulum_msgs/cmake/ament_cmake_export_include_directories-extras.cmake
[9.853s] -- Installing: /home/ros2_ws/install/pendulum_msgs/share/pendulum_msgs/cmake/rosidl_cmake_export_typesupport_libraries-extras.cmake
[9.853s] -- Installing: /home/ros2_ws/install/pendulum_msgs/share/pendulum_msgs/cmake/rosidl_cmake_export_typesupport_targets-extras.cmake
[9.853s] -- Installing: /home/ros2_ws/install/pendulum_msgs/share/pendulum_msgs/cmake/pendulum_msgsConfig.cmake
[9.854s] -- Installing: /home/ros2_ws/install/pendulum_msgs/share/pendulum_msgs/cmake/pendulum_msgsConfig-version.cmake
[9.854s] -- Installing: /home/ros2_ws/install/pendulum_msgs/share/pendulum_msgs/package.xml
[9.859s] Invoked command in '/home/ros2_ws/build/pendulum_msgs' returned '0': CMAKE_PREFIX_PATH=/opt/ros/foxy /usr/bin/cmake --install /home/ros2_ws/build/pendulum_msgs
