/home/ros2_ws/install/quality_of_service_demo_py/lib/python3.8/site-packages/quality_of_service_demo_py/common_nodes.py
/home/ros2_ws/install/quality_of_service_demo_py/lib/python3.8/site-packages/quality_of_service_demo_py/liveliness.py
/home/ros2_ws/install/quality_of_service_demo_py/lib/python3.8/site-packages/quality_of_service_demo_py/incompatible_qos.py
/home/ros2_ws/install/quality_of_service_demo_py/lib/python3.8/site-packages/quality_of_service_demo_py/lifespan.py
/home/ros2_ws/install/quality_of_service_demo_py/lib/python3.8/site-packages/quality_of_service_demo_py/deadline.py
/home/ros2_ws/install/quality_of_service_demo_py/lib/python3.8/site-packages/quality_of_service_demo_py/__init__.py
/home/ros2_ws/install/quality_of_service_demo_py/lib/python3.8/site-packages/quality_of_service_demo_py/__pycache__/common_nodes.cpython-38.pyc
/home/ros2_ws/install/quality_of_service_demo_py/lib/python3.8/site-packages/quality_of_service_demo_py/__pycache__/liveliness.cpython-38.pyc
/home/ros2_ws/install/quality_of_service_demo_py/lib/python3.8/site-packages/quality_of_service_demo_py/__pycache__/incompatible_qos.cpython-38.pyc
/home/ros2_ws/install/quality_of_service_demo_py/lib/python3.8/site-packages/quality_of_service_demo_py/__pycache__/lifespan.cpython-38.pyc
/home/ros2_ws/install/quality_of_service_demo_py/lib/python3.8/site-packages/quality_of_service_demo_py/__pycache__/deadline.cpython-38.pyc
/home/ros2_ws/install/quality_of_service_demo_py/lib/python3.8/site-packages/quality_of_service_demo_py/__pycache__/__init__.cpython-38.pyc
/home/ros2_ws/install/quality_of_service_demo_py/share/ament_index/resource_index/packages/quality_of_service_demo_py
/home/ros2_ws/install/quality_of_service_demo_py/share/quality_of_service_demo_py/package.xml
/home/ros2_ws/install/quality_of_service_demo_py/lib/python3.8/site-packages/quality_of_service_demo_py-0.9.3-py3.8.egg-info/entry_points.txt
/home/ros2_ws/install/quality_of_service_demo_py/lib/python3.8/site-packages/quality_of_service_demo_py-0.9.3-py3.8.egg-info/SOURCES.txt
/home/ros2_ws/install/quality_of_service_demo_py/lib/python3.8/site-packages/quality_of_service_demo_py-0.9.3-py3.8.egg-info/top_level.txt
/home/ros2_ws/install/quality_of_service_demo_py/lib/python3.8/site-packages/quality_of_service_demo_py-0.9.3-py3.8.egg-info/zip-safe
/home/ros2_ws/install/quality_of_service_demo_py/lib/python3.8/site-packages/quality_of_service_demo_py-0.9.3-py3.8.egg-info/PKG-INFO
/home/ros2_ws/install/quality_of_service_demo_py/lib/python3.8/site-packages/quality_of_service_demo_py-0.9.3-py3.8.egg-info/requires.txt
/home/ros2_ws/install/quality_of_service_demo_py/lib/python3.8/site-packages/quality_of_service_demo_py-0.9.3-py3.8.egg-info/dependency_links.txt
/home/ros2_ws/install/quality_of_service_demo_py/lib/quality_of_service_demo_py/deadline
/home/ros2_ws/install/quality_of_service_demo_py/lib/quality_of_service_demo_py/incompatible_qos
/home/ros2_ws/install/quality_of_service_demo_py/lib/quality_of_service_demo_py/lifespan
/home/ros2_ws/install/quality_of_service_demo_py/lib/quality_of_service_demo_py/liveliness
