[0.249s] Invoking command in '/home/ros2_ws/src/demos/demo_nodes_py': PYTHONPATH=/home/ros2_ws/install/demo_nodes_py/lib/python3.8/site-packages:${PYTHONPATH} /usr/bin/python3 setup.py egg_info --egg-base ../../../build/demo_nodes_py build --build-base /home/ros2_ws/build/demo_nodes_py/build install --prefix /home/ros2_ws/install/demo_nodes_py --record /home/ros2_ws/build/demo_nodes_py/install.log --single-version-externally-managed
[0.446s] running egg_info
[0.447s] creating ../../../build/demo_nodes_py/demo_nodes_py.egg-info
[0.447s] writing ../../../build/demo_nodes_py/demo_nodes_py.egg-info/PKG-INFO
[0.448s] writing dependency_links to ../../../build/demo_nodes_py/demo_nodes_py.egg-info/dependency_links.txt
[0.448s] writing entry points to ../../../build/demo_nodes_py/demo_nodes_py.egg-info/entry_points.txt
[0.448s] writing requirements to ../../../build/demo_nodes_py/demo_nodes_py.egg-info/requires.txt
[0.448s] writing top-level names to ../../../build/demo_nodes_py/demo_nodes_py.egg-info/top_level.txt
[0.449s] writing manifest file '../../../build/demo_nodes_py/demo_nodes_py.egg-info/SOURCES.txt'
[0.489s] reading manifest file '../../../build/demo_nodes_py/demo_nodes_py.egg-info/SOURCES.txt'
[0.491s] writing manifest file '../../../build/demo_nodes_py/demo_nodes_py.egg-info/SOURCES.txt'
[0.491s] running build
[0.491s] running build_py
[0.492s] creating /home/ros2_ws/build/demo_nodes_py/build
[0.492s] creating /home/ros2_ws/build/demo_nodes_py/build/lib
[0.492s] creating /home/ros2_ws/build/demo_nodes_py/build/lib/demo_nodes_py
[0.492s] copying demo_nodes_py/__init__.py -> /home/ros2_ws/build/demo_nodes_py/build/lib/demo_nodes_py
[0.493s] creating /home/ros2_ws/build/demo_nodes_py/build/lib/demo_nodes_py/services
[0.493s] copying demo_nodes_py/services/add_two_ints_server.py -> /home/ros2_ws/build/demo_nodes_py/build/lib/demo_nodes_py/services
[0.493s] copying demo_nodes_py/services/__init__.py -> /home/ros2_ws/build/demo_nodes_py/build/lib/demo_nodes_py/services
[0.493s] copying demo_nodes_py/services/add_two_ints_client_async.py -> /home/ros2_ws/build/demo_nodes_py/build/lib/demo_nodes_py/services
[0.493s] copying demo_nodes_py/services/add_two_ints_client.py -> /home/ros2_ws/build/demo_nodes_py/build/lib/demo_nodes_py/services
[0.494s] creating /home/ros2_ws/build/demo_nodes_py/build/lib/demo_nodes_py/topics
[0.494s] copying demo_nodes_py/topics/listener_serialized.py -> /home/ros2_ws/build/demo_nodes_py/build/lib/demo_nodes_py/topics
[0.494s] copying demo_nodes_py/topics/talker_qos.py -> /home/ros2_ws/build/demo_nodes_py/build/lib/demo_nodes_py/topics
[0.494s] copying demo_nodes_py/topics/listener.py -> /home/ros2_ws/build/demo_nodes_py/build/lib/demo_nodes_py/topics
[0.494s] copying demo_nodes_py/topics/listener_qos.py -> /home/ros2_ws/build/demo_nodes_py/build/lib/demo_nodes_py/topics
[0.494s] copying demo_nodes_py/topics/__init__.py -> /home/ros2_ws/build/demo_nodes_py/build/lib/demo_nodes_py/topics
[0.495s] copying demo_nodes_py/topics/talker.py -> /home/ros2_ws/build/demo_nodes_py/build/lib/demo_nodes_py/topics
[0.495s] running install
[0.495s] running install_lib
[0.497s] creating /home/ros2_ws/install/demo_nodes_py/lib/python3.8/site-packages/demo_nodes_py
[0.497s] creating /home/ros2_ws/install/demo_nodes_py/lib/python3.8/site-packages/demo_nodes_py/services
[0.497s] copying /home/ros2_ws/build/demo_nodes_py/build/lib/demo_nodes_py/services/add_two_ints_server.py -> /home/ros2_ws/install/demo_nodes_py/lib/python3.8/site-packages/demo_nodes_py/services
[0.498s] copying /home/ros2_ws/build/demo_nodes_py/build/lib/demo_nodes_py/services/__init__.py -> /home/ros2_ws/install/demo_nodes_py/lib/python3.8/site-packages/demo_nodes_py/services
[0.498s] copying /home/ros2_ws/build/demo_nodes_py/build/lib/demo_nodes_py/services/add_two_ints_client_async.py -> /home/ros2_ws/install/demo_nodes_py/lib/python3.8/site-packages/demo_nodes_py/services
[0.498s] copying /home/ros2_ws/build/demo_nodes_py/build/lib/demo_nodes_py/services/add_two_ints_client.py -> /home/ros2_ws/install/demo_nodes_py/lib/python3.8/site-packages/demo_nodes_py/services
[0.498s] creating /home/ros2_ws/install/demo_nodes_py/lib/python3.8/site-packages/demo_nodes_py/topics
[0.499s] copying /home/ros2_ws/build/demo_nodes_py/build/lib/demo_nodes_py/topics/listener_serialized.py -> /home/ros2_ws/install/demo_nodes_py/lib/python3.8/site-packages/demo_nodes_py/topics
[0.499s] copying /home/ros2_ws/build/demo_nodes_py/build/lib/demo_nodes_py/topics/talker_qos.py -> /home/ros2_ws/install/demo_nodes_py/lib/python3.8/site-packages/demo_nodes_py/topics
[0.499s] copying /home/ros2_ws/build/demo_nodes_py/build/lib/demo_nodes_py/topics/listener.py -> /home/ros2_ws/install/demo_nodes_py/lib/python3.8/site-packages/demo_nodes_py/topics
[0.500s] copying /home/ros2_ws/build/demo_nodes_py/build/lib/demo_nodes_py/topics/listener_qos.py -> /home/ros2_ws/install/demo_nodes_py/lib/python3.8/site-packages/demo_nodes_py/topics
[0.500s] copying /home/ros2_ws/build/demo_nodes_py/build/lib/demo_nodes_py/topics/__init__.py -> /home/ros2_ws/install/demo_nodes_py/lib/python3.8/site-packages/demo_nodes_py/topics
[0.500s] copying /home/ros2_ws/build/demo_nodes_py/build/lib/demo_nodes_py/topics/talker.py -> /home/ros2_ws/install/demo_nodes_py/lib/python3.8/site-packages/demo_nodes_py/topics
[0.500s] copying /home/ros2_ws/build/demo_nodes_py/build/lib/demo_nodes_py/__init__.py -> /home/ros2_ws/install/demo_nodes_py/lib/python3.8/site-packages/demo_nodes_py
[0.500s] byte-compiling /home/ros2_ws/install/demo_nodes_py/lib/python3.8/site-packages/demo_nodes_py/services/add_two_ints_server.py to add_two_ints_server.cpython-38.pyc
[0.501s] byte-compiling /home/ros2_ws/install/demo_nodes_py/lib/python3.8/site-packages/demo_nodes_py/services/__init__.py to __init__.cpython-38.pyc
[0.501s] byte-compiling /home/ros2_ws/install/demo_nodes_py/lib/python3.8/site-packages/demo_nodes_py/services/add_two_ints_client_async.py to add_two_ints_client_async.cpython-38.pyc
[0.503s] byte-compiling /home/ros2_ws/install/demo_nodes_py/lib/python3.8/site-packages/demo_nodes_py/services/add_two_ints_client.py to add_two_ints_client.cpython-38.pyc
[0.503s] byte-compiling /home/ros2_ws/install/demo_nodes_py/lib/python3.8/site-packages/demo_nodes_py/topics/listener_serialized.py to listener_serialized.cpython-38.pyc
[0.503s] byte-compiling /home/ros2_ws/install/demo_nodes_py/lib/python3.8/site-packages/demo_nodes_py/topics/talker_qos.py to talker_qos.cpython-38.pyc
[0.503s] byte-compiling /home/ros2_ws/install/demo_nodes_py/lib/python3.8/site-packages/demo_nodes_py/topics/listener.py to listener.cpython-38.pyc
[0.503s] byte-compiling /home/ros2_ws/install/demo_nodes_py/lib/python3.8/site-packages/demo_nodes_py/topics/listener_qos.py to listener_qos.cpython-38.pyc
[0.504s] byte-compiling /home/ros2_ws/install/demo_nodes_py/lib/python3.8/site-packages/demo_nodes_py/topics/__init__.py to __init__.cpython-38.pyc
[0.504s] byte-compiling /home/ros2_ws/install/demo_nodes_py/lib/python3.8/site-packages/demo_nodes_py/topics/talker.py to talker.cpython-38.pyc
[0.504s] byte-compiling /home/ros2_ws/install/demo_nodes_py/lib/python3.8/site-packages/demo_nodes_py/__init__.py to __init__.cpython-38.pyc
[0.505s] running install_data
[0.505s] creating /home/ros2_ws/install/demo_nodes_py/share/ament_index
[0.505s] creating /home/ros2_ws/install/demo_nodes_py/share/ament_index/resource_index
[0.505s] creating /home/ros2_ws/install/demo_nodes_py/share/ament_index/resource_index/packages
[0.506s] copying resource/demo_nodes_py -> /home/ros2_ws/install/demo_nodes_py/share/ament_index/resource_index/packages
[0.506s] copying package.xml -> /home/ros2_ws/install/demo_nodes_py/share/demo_nodes_py
[0.506s] running install_egg_info
[0.508s] Copying ../../../build/demo_nodes_py/demo_nodes_py.egg-info to /home/ros2_ws/install/demo_nodes_py/lib/python3.8/site-packages/demo_nodes_py-0.9.3-py3.8.egg-info
[0.508s] running install_scripts
[0.528s] Installing add_two_ints_client script to /home/ros2_ws/install/demo_nodes_py/lib/demo_nodes_py
[0.529s] Installing add_two_ints_client_async script to /home/ros2_ws/install/demo_nodes_py/lib/demo_nodes_py
[0.529s] Installing add_two_ints_server script to /home/ros2_ws/install/demo_nodes_py/lib/demo_nodes_py
[0.530s] Installing listener script to /home/ros2_ws/install/demo_nodes_py/lib/demo_nodes_py
[0.530s] Installing listener_qos script to /home/ros2_ws/install/demo_nodes_py/lib/demo_nodes_py
[0.530s] Installing listener_serialized script to /home/ros2_ws/install/demo_nodes_py/lib/demo_nodes_py
[0.530s] Installing talker script to /home/ros2_ws/install/demo_nodes_py/lib/demo_nodes_py
[0.530s] Installing talker_qos script to /home/ros2_ws/install/demo_nodes_py/lib/demo_nodes_py
[0.531s] writing list of installed files to '/home/ros2_ws/build/demo_nodes_py/install.log'
[0.563s] Invoked command in '/home/ros2_ws/src/demos/demo_nodes_py' returned '0': PYTHONPATH=/home/ros2_ws/install/demo_nodes_py/lib/python3.8/site-packages:${PYTHONPATH} /usr/bin/python3 setup.py egg_info --egg-base ../../../build/demo_nodes_py build --build-base /home/ros2_ws/build/demo_nodes_py/build install --prefix /home/ros2_ws/install/demo_nodes_py --record /home/ros2_ws/build/demo_nodes_py/install.log --single-version-externally-managed
