[0.031s] Invoking command in '/home/ros2_ws/build/dummy_sensors': CMAKE_PREFIX_PATH=/opt/ros/foxy /usr/bin/cmake /home/ros2_ws/src/demos/dummy_robot/dummy_sensors -DCMAKE_INSTALL_PREFIX=/home/ros2_ws/install/dummy_sensors
[0.106s] -- The C compiler identification is GNU 9.3.0
[0.186s] -- The CXX compiler identification is GNU 9.3.0
[0.199s] -- Check for working C compiler: /usr/bin/cc
[0.300s] -- Check for working C compiler: /usr/bin/cc -- works
[0.301s] -- Detecting C compiler ABI info
[0.391s] -- Detecting C compiler ABI info - done
[0.404s] -- Detecting C compile features
[0.404s] -- Detecting C compile features - done
[0.407s] -- Check for working CXX compiler: /usr/bin/c++
[0.502s] -- Check for working CXX compiler: /usr/bin/c++ -- works
[0.506s] -- Detecting CXX compiler ABI info
[0.608s] -- Detecting CXX compiler ABI info - done
[0.629s] -- Detecting CXX compile features
[0.629s] -- Detecting CXX compile features - done
[0.631s] -- Found ament_cmake: 0.9.8 (/opt/ros/foxy/share/ament_cmake/cmake)
[0.653s] -- Found PythonInterp: /usr/bin/python3 (found suitable version "3.8.10", minimum required is "3") 
[0.653s] -- Using PYTHON_EXECUTABLE: /usr/bin/python3
[0.816s] -- Found rclcpp: 2.3.1 (/opt/ros/foxy/share/rclcpp/cmake)
[0.857s] -- Using all available rosidl_typesupport_c: rosidl_typesupport_fastrtps_c;rosidl_typesupport_introspection_c
[0.863s] -- Found rosidl_adapter: 1.2.1 (/opt/ros/foxy/share/rosidl_adapter/cmake)
[0.951s] -- Found OpenSSL: /usr/lib/x86_64-linux-gnu/libcrypto.so (found version "1.1.1f")  
[0.977s] -- Found FastRTPS: /opt/ros/foxy/include  
[1.052s] -- Using all available rosidl_typesupport_cpp: rosidl_typesupport_fastrtps_cpp;rosidl_typesupport_introspection_cpp
[1.112s] -- Found rmw_implementation_cmake: 1.0.3 (/opt/ros/foxy/share/rmw_implementation_cmake/cmake)
[1.115s] -- Using RMW implementation 'rmw_fastrtps_cpp' as default
[1.115s] -- Looking for pthread.h
[1.205s] -- Looking for pthread.h - found
[1.206s] -- Performing Test CMAKE_HAVE_LIBC_PTHREAD
[1.320s] -- Performing Test CMAKE_HAVE_LIBC_PTHREAD - Failed
[1.320s] -- Looking for pthread_create in pthreads
[1.413s] -- Looking for pthread_create in pthreads - not found
[1.414s] -- Looking for pthread_create in pthread
[1.536s] -- Looking for pthread_create in pthread - found
[1.537s] -- Found Threads: TRUE  
[1.746s] -- Found sensor_msgs: 2.0.4 (/opt/ros/foxy/share/sensor_msgs/cmake)
[1.885s] -- Found ament_lint_auto: 0.9.6 (/opt/ros/foxy/share/ament_lint_auto/cmake)
[1.980s] -- Added test 'copyright' to check source files copyright and LICENSE
[1.994s] -- Added test 'cppcheck' to perform static code analysis on C / C++ code
[1.994s] -- Configured cppcheck include dirs: 
[1.994s] -- Configured cppcheck exclude dirs and/or files: 
[1.994s] -- Added test 'cpplint' to check C / C++ code against the Google style
[1.995s] -- Configured cpplint exclude dirs and/or files: 
[1.995s] -- Added test 'lint_cmake' to check CMake code style
[1.995s] -- Added test 'uncrustify' to check C / C++ code style
[1.995s] -- Configured uncrustify additional arguments: 
[1.997s] -- Added test 'xmllint' to check XML markup files
[2.000s] -- Configuring done
[2.022s] -- Generating done
[2.026s] -- Build files have been written to: /home/ros2_ws/build/dummy_sensors
[2.043s] Invoked command in '/home/ros2_ws/build/dummy_sensors' returned '0': CMAKE_PREFIX_PATH=/opt/ros/foxy /usr/bin/cmake /home/ros2_ws/src/demos/dummy_robot/dummy_sensors -DCMAKE_INSTALL_PREFIX=/home/ros2_ws/install/dummy_sensors
[2.044s] Invoking command in '/home/ros2_ws/build/dummy_sensors': CMAKE_PREFIX_PATH=/opt/ros/foxy /usr/bin/cmake --build /home/ros2_ws/build/dummy_sensors -- -j4 -l4
[2.166s] [35m[1mScanning dependencies of target dummy_joint_states[0m
[2.210s] [ 25%] [32mBuilding CXX object CMakeFiles/dummy_joint_states.dir/src/dummy_joint_states.cpp.o[0m
[2.254s] [35m[1mScanning dependencies of target dummy_laser[0m
[2.338s] [ 50%] [32mBuilding CXX object CMakeFiles/dummy_laser.dir/src/dummy_laser.cpp.o[0m
[8.090s] [ 75%] [32m[1mLinking CXX executable dummy_laser[0m
[8.233s] [100%] [32m[1mLinking CXX executable dummy_joint_states[0m
[8.437s] [100%] Built target dummy_joint_states
[8.446s] [100%] Built target dummy_laser
[8.460s] Invoked command in '/home/ros2_ws/build/dummy_sensors' returned '0': CMAKE_PREFIX_PATH=/opt/ros/foxy /usr/bin/cmake --build /home/ros2_ws/build/dummy_sensors -- -j4 -l4
[8.511s] Invoking command in '/home/ros2_ws/build/dummy_sensors': CMAKE_PREFIX_PATH=/opt/ros/foxy /usr/bin/cmake --install /home/ros2_ws/build/dummy_sensors
[8.523s] -- Install configuration: ""
[8.524s] -- Installing: /home/ros2_ws/install/dummy_sensors/lib/dummy_sensors/dummy_joint_states
[8.534s] -- Set runtime path of "/home/ros2_ws/install/dummy_sensors/lib/dummy_sensors/dummy_joint_states" to ""
[8.534s] -- Installing: /home/ros2_ws/install/dummy_sensors/lib/dummy_sensors/dummy_laser
[8.534s] -- Set runtime path of "/home/ros2_ws/install/dummy_sensors/lib/dummy_sensors/dummy_laser" to ""
[8.534s] -- Installing: /home/ros2_ws/install/dummy_sensors/share/ament_index/resource_index/package_run_dependencies/dummy_sensors
[8.538s] -- Installing: /home/ros2_ws/install/dummy_sensors/share/ament_index/resource_index/parent_prefix_path/dummy_sensors
[8.538s] -- Installing: /home/ros2_ws/install/dummy_sensors/share/dummy_sensors/environment/ament_prefix_path.sh
[8.538s] -- Installing: /home/ros2_ws/install/dummy_sensors/share/dummy_sensors/environment/ament_prefix_path.dsv
[8.538s] -- Installing: /home/ros2_ws/install/dummy_sensors/share/dummy_sensors/environment/path.sh
[8.539s] -- Installing: /home/ros2_ws/install/dummy_sensors/share/dummy_sensors/environment/path.dsv
[8.539s] -- Installing: /home/ros2_ws/install/dummy_sensors/share/dummy_sensors/local_setup.bash
[8.539s] -- Installing: /home/ros2_ws/install/dummy_sensors/share/dummy_sensors/local_setup.sh
[8.540s] -- Installing: /home/ros2_ws/install/dummy_sensors/share/dummy_sensors/local_setup.zsh
[8.540s] -- Installing: /home/ros2_ws/install/dummy_sensors/share/dummy_sensors/local_setup.dsv
[8.540s] -- Installing: /home/ros2_ws/install/dummy_sensors/share/dummy_sensors/package.dsv
[8.540s] -- Installing: /home/ros2_ws/install/dummy_sensors/share/ament_index/resource_index/packages/dummy_sensors
[8.540s] -- Installing: /home/ros2_ws/install/dummy_sensors/share/dummy_sensors/cmake/dummy_sensorsConfig.cmake
[8.540s] -- Installing: /home/ros2_ws/install/dummy_sensors/share/dummy_sensors/cmake/dummy_sensorsConfig-version.cmake
[8.541s] -- Installing: /home/ros2_ws/install/dummy_sensors/share/dummy_sensors/package.xml
[8.550s] Invoked command in '/home/ros2_ws/build/dummy_sensors' returned '0': CMAKE_PREFIX_PATH=/opt/ros/foxy /usr/bin/cmake --install /home/ros2_ws/build/dummy_sensors
