[0.027s] Invoking command in '/home/ros2_ws/build/pendulum_control': AMENT_PREFIX_PATH=/home/ros2_ws/install/pendulum_msgs:${AMENT_PREFIX_PATH} CMAKE_PREFIX_PATH=/home/ros2_ws/install/pendulum_msgs:/opt/ros/foxy LD_LIBRARY_PATH=/home/ros2_ws/install/pendulum_msgs/lib:${LD_LIBRARY_PATH} PYTHONPATH=/home/ros2_ws/install/pendulum_msgs/lib/python3.8/site-packages:${PYTHONPATH} /usr/bin/cmake /home/ros2_ws/src/demos/pendulum_control -DCMAKE_INSTALL_PREFIX=/home/ros2_ws/install/pendulum_control
[0.127s] -- The C compiler identification is GNU 9.3.0
[0.217s] -- The CXX compiler identification is GNU 9.3.0
[0.227s] -- Check for working C compiler: /usr/bin/cc
[0.339s] -- Check for working C compiler: /usr/bin/cc -- works
[0.342s] -- Detecting C compiler ABI info
[0.460s] -- Detecting C compiler ABI info - done
[0.475s] -- Detecting C compile features
[0.477s] -- Detecting C compile features - done
[0.485s] -- Check for working CXX compiler: /usr/bin/c++
[0.621s] -- Check for working CXX compiler: /usr/bin/c++ -- works
[0.622s] -- Detecting CXX compiler ABI info
[0.739s] -- Detecting CXX compiler ABI info - done
[0.754s] -- Detecting CXX compile features
[0.756s] -- Detecting CXX compile features - done
[0.765s] -- Found ament_cmake: 0.9.8 (/opt/ros/foxy/share/ament_cmake/cmake)
[0.786s] -- Found PythonInterp: /usr/bin/python3 (found suitable version "3.8.10", minimum required is "3") 
[0.787s] -- Using PYTHON_EXECUTABLE: /usr/bin/python3
[0.965s] -- Found rclcpp: 2.3.1 (/opt/ros/foxy/share/rclcpp/cmake)
[1.006s] -- Using all available rosidl_typesupport_c: rosidl_typesupport_fastrtps_c;rosidl_typesupport_introspection_c
[1.013s] -- Found rosidl_adapter: 1.2.1 (/opt/ros/foxy/share/rosidl_adapter/cmake)
[1.083s] -- Found OpenSSL: /usr/lib/x86_64-linux-gnu/libcrypto.so (found version "1.1.1f")  
[1.107s] -- Found FastRTPS: /opt/ros/foxy/include  
[1.185s] -- Using all available rosidl_typesupport_cpp: rosidl_typesupport_fastrtps_cpp;rosidl_typesupport_introspection_cpp
[1.248s] -- Found rmw_implementation_cmake: 1.0.3 (/opt/ros/foxy/share/rmw_implementation_cmake/cmake)
[1.250s] -- Using RMW implementation 'rmw_fastrtps_cpp' as default
[1.253s] -- Looking for pthread.h
[1.386s] -- Looking for pthread.h - found
[1.386s] -- Performing Test CMAKE_HAVE_LIBC_PTHREAD
[1.519s] -- Performing Test CMAKE_HAVE_LIBC_PTHREAD - Failed
[1.525s] -- Looking for pthread_create in pthreads
[1.665s] -- Looking for pthread_create in pthreads - not found
[1.667s] -- Looking for pthread_create in pthread
[1.748s] -- Looking for pthread_create in pthread - found
[1.751s] -- Found Threads: TRUE  
[1.937s] -- Found pendulum_msgs: 0.9.3 (/home/ros2_ws/install/pendulum_msgs/share/pendulum_msgs/cmake)
[1.953s] -- Found rttest: 0.9.0 (/opt/ros/foxy/share/rttest/cmake)
[1.958s] -- Found tlsf_cpp: 0.9.0 (/opt/ros/foxy/share/tlsf_cpp/cmake)
[1.967s] -- Found ament_lint_auto: 0.9.6 (/opt/ros/foxy/share/ament_lint_auto/cmake)
[2.063s] -- Found python_cmake_module: 0.8.1 (/opt/ros/foxy/share/python_cmake_module/cmake)
[2.080s] -- Found PythonInterp: /usr/bin/python3 (found suitable version "3.8.10", minimum required is "3.5") 
[2.085s] -- Found PythonLibs: /usr/lib/x86_64-linux-gnu/libpython3.8.so (found suitable version "3.8.10", minimum required is "3.5") 
[2.086s] -- Using PYTHON_EXECUTABLE: /usr/bin/python3
[2.086s] -- Using PYTHON_INCLUDE_DIRS: /usr/include/python3.8
[2.087s] -- Using PYTHON_LIBRARIES: /usr/lib/x86_64-linux-gnu/libpython3.8.so
[2.105s] -- Found PythonExtra: .so  
[2.133s] -- Added test 'copyright' to check source files copyright and LICENSE
[2.135s] -- Added test 'cppcheck' to perform static code analysis on C / C++ code
[2.136s] -- Configured cppcheck include dirs: /home/ros2_ws/src/demos/pendulum_control/include
[2.136s] -- Configured cppcheck exclude dirs and/or files: 
[2.138s] -- Added test 'cpplint' to check C / C++ code against the Google style
[2.138s] -- Configured cpplint exclude dirs and/or files: 
[2.139s] -- Added test 'flake8' to check Python code syntax and style conventions
[2.140s] -- Added test 'lint_cmake' to check CMake code style
[2.141s] -- Added test 'pep257' to check Python code against some of the style conventions in PEP 257
[2.143s] -- Added test 'uncrustify' to check C / C++ code style
[2.143s] -- Configured uncrustify additional arguments: 
[2.144s] -- Added test 'xmllint' to check XML markup files
[2.151s] -- Configuring done
[2.181s] -- Generating done
[2.186s] -- Build files have been written to: /home/ros2_ws/build/pendulum_control
[2.199s] Invoked command in '/home/ros2_ws/build/pendulum_control' returned '0': AMENT_PREFIX_PATH=/home/ros2_ws/install/pendulum_msgs:${AMENT_PREFIX_PATH} CMAKE_PREFIX_PATH=/home/ros2_ws/install/pendulum_msgs:/opt/ros/foxy LD_LIBRARY_PATH=/home/ros2_ws/install/pendulum_msgs/lib:${LD_LIBRARY_PATH} PYTHONPATH=/home/ros2_ws/install/pendulum_msgs/lib/python3.8/site-packages:${PYTHONPATH} /usr/bin/cmake /home/ros2_ws/src/demos/pendulum_control -DCMAKE_INSTALL_PREFIX=/home/ros2_ws/install/pendulum_control
[2.201s] Invoking command in '/home/ros2_ws/build/pendulum_control': AMENT_PREFIX_PATH=/home/ros2_ws/install/pendulum_msgs:${AMENT_PREFIX_PATH} CMAKE_PREFIX_PATH=/home/ros2_ws/install/pendulum_msgs:/opt/ros/foxy LD_LIBRARY_PATH=/home/ros2_ws/install/pendulum_msgs/lib:${LD_LIBRARY_PATH} PYTHONPATH=/home/ros2_ws/install/pendulum_msgs/lib/python3.8/site-packages:${PYTHONPATH} /usr/bin/cmake --build /home/ros2_ws/build/pendulum_control -- -j4 -l4
[2.252s] [35m[1mScanning dependencies of target pendulum_logger[0m
[2.362s] [ 16%] [32mBuilding CXX object CMakeFiles/pendulum_logger.dir/src/pendulum_logger.cpp.o[0m
[7.331s] [ 33%] [32m[1mLinking CXX executable pendulum_logger[0m
[7.666s] [ 33%] Built target pendulum_logger
[7.675s] [35m[1mScanning dependencies of target pendulum_teleop[0m
[7.715s] [ 50%] [32mBuilding CXX object CMakeFiles/pendulum_teleop.dir/src/pendulum_teleop.cpp.o[0m
[10.432s] [ 66%] [32m[1mLinking CXX executable pendulum_teleop[0m
[10.609s] [ 66%] Built target pendulum_teleop
[10.621s] [35m[1mScanning dependencies of target pendulum_demo[0m
[10.665s] [ 83%] [32mBuilding CXX object CMakeFiles/pendulum_demo.dir/src/pendulum_demo.cpp.o[0m
[18.816s] [100%] [32m[1mLinking CXX executable pendulum_demo[0m
[19.224s] [100%] Built target pendulum_demo
[19.236s] Invoked command in '/home/ros2_ws/build/pendulum_control' returned '0': AMENT_PREFIX_PATH=/home/ros2_ws/install/pendulum_msgs:${AMENT_PREFIX_PATH} CMAKE_PREFIX_PATH=/home/ros2_ws/install/pendulum_msgs:/opt/ros/foxy LD_LIBRARY_PATH=/home/ros2_ws/install/pendulum_msgs/lib:${LD_LIBRARY_PATH} PYTHONPATH=/home/ros2_ws/install/pendulum_msgs/lib/python3.8/site-packages:${PYTHONPATH} /usr/bin/cmake --build /home/ros2_ws/build/pendulum_control -- -j4 -l4
[19.269s] Invoking command in '/home/ros2_ws/build/pendulum_control': AMENT_PREFIX_PATH=/home/ros2_ws/install/pendulum_msgs:${AMENT_PREFIX_PATH} CMAKE_PREFIX_PATH=/home/ros2_ws/install/pendulum_msgs:/opt/ros/foxy LD_LIBRARY_PATH=/home/ros2_ws/install/pendulum_msgs/lib:${LD_LIBRARY_PATH} PYTHONPATH=/home/ros2_ws/install/pendulum_msgs/lib/python3.8/site-packages:${PYTHONPATH} /usr/bin/cmake --install /home/ros2_ws/build/pendulum_control
[19.285s] -- Install configuration: ""
[19.285s] -- Installing: /home/ros2_ws/install/pendulum_control/bin/pendulum_demo
[19.285s] -- Set runtime path of "/home/ros2_ws/install/pendulum_control/bin/pendulum_demo" to ""
[19.285s] -- Installing: /home/ros2_ws/install/pendulum_control/bin/pendulum_logger
[19.287s] -- Set runtime path of "/home/ros2_ws/install/pendulum_control/bin/pendulum_logger" to ""
[19.288s] -- Installing: /home/ros2_ws/install/pendulum_control/bin/pendulum_teleop
[19.290s] -- Set runtime path of "/home/ros2_ws/install/pendulum_control/bin/pendulum_teleop" to ""
[19.290s] -- Installing: /home/ros2_ws/install/pendulum_control/bin/pendulum_launch.bash
[19.292s] -- Installing: /home/ros2_ws/install/pendulum_control/share/ament_index/resource_index/package_run_dependencies/pendulum_control
[19.292s] -- Installing: /home/ros2_ws/install/pendulum_control/share/ament_index/resource_index/parent_prefix_path/pendulum_control
[19.293s] -- Installing: /home/ros2_ws/install/pendulum_control/share/pendulum_control/environment/ament_prefix_path.sh
[19.294s] -- Installing: /home/ros2_ws/install/pendulum_control/share/pendulum_control/environment/ament_prefix_path.dsv
[19.294s] -- Installing: /home/ros2_ws/install/pendulum_control/share/pendulum_control/environment/path.sh
[19.295s] -- Installing: /home/ros2_ws/install/pendulum_control/share/pendulum_control/environment/path.dsv
[19.296s] -- Installing: /home/ros2_ws/install/pendulum_control/share/pendulum_control/local_setup.bash
[19.296s] -- Installing: /home/ros2_ws/install/pendulum_control/share/pendulum_control/local_setup.sh
[19.297s] -- Installing: /home/ros2_ws/install/pendulum_control/share/pendulum_control/local_setup.zsh
[19.298s] -- Installing: /home/ros2_ws/install/pendulum_control/share/pendulum_control/local_setup.dsv
[19.299s] -- Installing: /home/ros2_ws/install/pendulum_control/share/pendulum_control/package.dsv
[19.300s] -- Installing: /home/ros2_ws/install/pendulum_control/share/ament_index/resource_index/packages/pendulum_control
[19.301s] -- Installing: /home/ros2_ws/install/pendulum_control/share/pendulum_control/cmake/pendulum_controlConfig.cmake
[19.301s] -- Installing: /home/ros2_ws/install/pendulum_control/share/pendulum_control/cmake/pendulum_controlConfig-version.cmake
[19.302s] -- Installing: /home/ros2_ws/install/pendulum_control/share/pendulum_control/package.xml
[19.317s] Invoked command in '/home/ros2_ws/build/pendulum_control' returned '0': AMENT_PREFIX_PATH=/home/ros2_ws/install/pendulum_msgs:${AMENT_PREFIX_PATH} CMAKE_PREFIX_PATH=/home/ros2_ws/install/pendulum_msgs:/opt/ros/foxy LD_LIBRARY_PATH=/home/ros2_ws/install/pendulum_msgs/lib:${LD_LIBRARY_PATH} PYTHONPATH=/home/ros2_ws/install/pendulum_msgs/lib/python3.8/site-packages:${PYTHONPATH} /usr/bin/cmake --install /home/ros2_ws/build/pendulum_control
