[0.034s] Invoking command in '/home/ros2_ws/build/dummy_robot_bringup': AMENT_PREFIX_PATH=/home/ros2_ws/install/dummy_sensors:/home/ros2_ws/install/dummy_map_server:${AMENT_PREFIX_PATH} CMAKE_PREFIX_PATH=/home/ros2_ws/install/dummy_sensors:/home/ros2_ws/install/dummy_map_server:/opt/ros/foxy /usr/bin/cmake /home/ros2_ws/src/demos/dummy_robot/dummy_robot_bringup -DCMAKE_INSTALL_PREFIX=/home/ros2_ws/install/dummy_robot_bringup
[0.105s] -- The C compiler identification is GNU 9.3.0
[0.299s] -- The CXX compiler identification is GNU 9.3.0
[0.304s] -- Check for working C compiler: /usr/bin/cc
[0.502s] -- Check for working C compiler: /usr/bin/cc -- works
[0.504s] -- Detecting C compiler ABI info
[0.619s] -- Detecting C compiler ABI info - done
[0.636s] -- Detecting C compile features
[0.638s] -- Detecting C compile features - done
[0.646s] -- Check for working CXX compiler: /usr/bin/c++
[0.760s] -- Check for working CXX compiler: /usr/bin/c++ -- works
[0.760s] -- Detecting CXX compiler ABI info
[0.851s] -- Detecting CXX compiler ABI info - done
[0.861s] -- Detecting CXX compile features
[0.862s] -- Detecting CXX compile features - done
[0.866s] -- Found ament_cmake: 0.9.8 (/opt/ros/foxy/share/ament_cmake/cmake)
[0.885s] -- Found PythonInterp: /usr/bin/python3 (found suitable version "3.8.10", minimum required is "3") 
[0.886s] -- Using PYTHON_EXECUTABLE: /usr/bin/python3
[1.061s] -- Found ament_lint_auto: 0.9.6 (/opt/ros/foxy/share/ament_lint_auto/cmake)
[1.144s] -- Added test 'copyright' to check source files copyright and LICENSE
[1.147s] -- Added test 'flake8' to check Python code syntax and style conventions
[1.149s] -- Added test 'lint_cmake' to check CMake code style
[1.151s] -- Added test 'pep257' to check Python code against some of the style conventions in PEP 257
[1.153s] -- Added test 'xmllint' to check XML markup files
[1.157s] -- Configuring done
[1.163s] -- Generating done
[1.165s] -- Build files have been written to: /home/ros2_ws/build/dummy_robot_bringup
[1.177s] Invoked command in '/home/ros2_ws/build/dummy_robot_bringup' returned '0': AMENT_PREFIX_PATH=/home/ros2_ws/install/dummy_sensors:/home/ros2_ws/install/dummy_map_server:${AMENT_PREFIX_PATH} CMAKE_PREFIX_PATH=/home/ros2_ws/install/dummy_sensors:/home/ros2_ws/install/dummy_map_server:/opt/ros/foxy /usr/bin/cmake /home/ros2_ws/src/demos/dummy_robot/dummy_robot_bringup -DCMAKE_INSTALL_PREFIX=/home/ros2_ws/install/dummy_robot_bringup
[1.181s] Invoking command in '/home/ros2_ws/build/dummy_robot_bringup': AMENT_PREFIX_PATH=/home/ros2_ws/install/dummy_sensors:/home/ros2_ws/install/dummy_map_server:${AMENT_PREFIX_PATH} CMAKE_PREFIX_PATH=/home/ros2_ws/install/dummy_sensors:/home/ros2_ws/install/dummy_map_server:/opt/ros/foxy /usr/bin/cmake --build /home/ros2_ws/build/dummy_robot_bringup -- -j4 -l4
[1.228s] Invoked command in '/home/ros2_ws/build/dummy_robot_bringup' returned '0': AMENT_PREFIX_PATH=/home/ros2_ws/install/dummy_sensors:/home/ros2_ws/install/dummy_map_server:${AMENT_PREFIX_PATH} CMAKE_PREFIX_PATH=/home/ros2_ws/install/dummy_sensors:/home/ros2_ws/install/dummy_map_server:/opt/ros/foxy /usr/bin/cmake --build /home/ros2_ws/build/dummy_robot_bringup -- -j4 -l4
[1.261s] Invoking command in '/home/ros2_ws/build/dummy_robot_bringup': AMENT_PREFIX_PATH=/home/ros2_ws/install/dummy_sensors:/home/ros2_ws/install/dummy_map_server:${AMENT_PREFIX_PATH} CMAKE_PREFIX_PATH=/home/ros2_ws/install/dummy_sensors:/home/ros2_ws/install/dummy_map_server:/opt/ros/foxy /usr/bin/cmake --install /home/ros2_ws/build/dummy_robot_bringup
[1.274s] -- Install configuration: ""
[1.276s] -- Installing: /home/ros2_ws/install/dummy_robot_bringup/share/dummy_robot_bringup/launch
[1.281s] -- Installing: /home/ros2_ws/install/dummy_robot_bringup/share/dummy_robot_bringup/launch/single_rrbot.urdf
[1.282s] -- Installing: /home/ros2_ws/install/dummy_robot_bringup/share/dummy_robot_bringup/launch/dummy_robot_bringup.launch.py
[1.284s] -- Installing: /home/ros2_ws/install/dummy_robot_bringup/share/dummy_robot_bringup/launch/dummy_robot_bringup_launch.yaml
[1.286s] -- Installing: /home/ros2_ws/install/dummy_robot_bringup/share/dummy_robot_bringup/launch/dummy_robot_bringup_launch.xml
[1.290s] -- Installing: /home/ros2_ws/install/dummy_robot_bringup/share/ament_index/resource_index/package_run_dependencies/dummy_robot_bringup
[1.293s] -- Installing: /home/ros2_ws/install/dummy_robot_bringup/share/ament_index/resource_index/parent_prefix_path/dummy_robot_bringup
[1.296s] -- Installing: /home/ros2_ws/install/dummy_robot_bringup/share/dummy_robot_bringup/environment/ament_prefix_path.sh
[1.297s] -- Installing: /home/ros2_ws/install/dummy_robot_bringup/share/dummy_robot_bringup/environment/ament_prefix_path.dsv
[1.297s] -- Installing: /home/ros2_ws/install/dummy_robot_bringup/share/dummy_robot_bringup/environment/path.sh
[1.300s] -- Installing: /home/ros2_ws/install/dummy_robot_bringup/share/dummy_robot_bringup/environment/path.dsv
[1.301s] -- Installing: /home/ros2_ws/install/dummy_robot_bringup/share/dummy_robot_bringup/local_setup.bash
[1.301s] -- Installing: /home/ros2_ws/install/dummy_robot_bringup/share/dummy_robot_bringup/local_setup.sh
[1.302s] -- Installing: /home/ros2_ws/install/dummy_robot_bringup/share/dummy_robot_bringup/local_setup.zsh
[1.309s] -- Installing: /home/ros2_ws/install/dummy_robot_bringup/share/dummy_robot_bringup/local_setup.dsv
[1.310s] -- Installing: /home/ros2_ws/install/dummy_robot_bringup/share/dummy_robot_bringup/package.dsv
[1.310s] -- Installing: /home/ros2_ws/install/dummy_robot_bringup/share/ament_index/resource_index/packages/dummy_robot_bringup
[1.310s] -- Installing: /home/ros2_ws/install/dummy_robot_bringup/share/dummy_robot_bringup/cmake/dummy_robot_bringupConfig.cmake
[1.311s] -- Installing: /home/ros2_ws/install/dummy_robot_bringup/share/dummy_robot_bringup/cmake/dummy_robot_bringupConfig-version.cmake
[1.311s] -- Installing: /home/ros2_ws/install/dummy_robot_bringup/share/dummy_robot_bringup/package.xml
[1.317s] Invoked command in '/home/ros2_ws/build/dummy_robot_bringup' returned '0': AMENT_PREFIX_PATH=/home/ros2_ws/install/dummy_sensors:/home/ros2_ws/install/dummy_map_server:${AMENT_PREFIX_PATH} CMAKE_PREFIX_PATH=/home/ros2_ws/install/dummy_sensors:/home/ros2_ws/install/dummy_map_server:/opt/ros/foxy /usr/bin/cmake --install /home/ros2_ws/build/dummy_robot_bringup
