[0.037s] Invoking command in '/home/ros2_ws/build/quality_of_service_demo_cpp': CMAKE_PREFIX_PATH=/opt/ros/foxy /usr/bin/cmake /home/ros2_ws/src/demos/quality_of_service_demo/rclcpp -DCMAKE_INSTALL_PREFIX=/home/ros2_ws/install/quality_of_service_demo_cpp
[0.131s] -- The C compiler identification is GNU 9.3.0
[0.203s] -- The CXX compiler identification is GNU 9.3.0
[0.208s] -- Check for working C compiler: /usr/bin/cc
[0.311s] -- Check for working C compiler: /usr/bin/cc -- works
[0.321s] -- Detecting C compiler ABI info
[0.411s] -- Detecting C compiler ABI info - done
[0.426s] -- Detecting C compile features
[0.427s] -- Detecting C compile features - done
[0.430s] -- Check for working CXX compiler: /usr/bin/c++
[0.543s] -- Check for working CXX compiler: /usr/bin/c++ -- works
[0.545s] -- Detecting CXX compiler ABI info
[0.703s] -- Detecting CXX compiler ABI info - done
[0.716s] -- Detecting CXX compile features
[0.716s] -- Detecting CXX compile features - done
[0.719s] -- Found ament_cmake: 0.9.8 (/opt/ros/foxy/share/ament_cmake/cmake)
[0.738s] -- Found PythonInterp: /usr/bin/python3 (found suitable version "3.8.10", minimum required is "3") 
[0.738s] -- Using PYTHON_EXECUTABLE: /usr/bin/python3
[0.911s] -- Found rclcpp: 2.3.1 (/opt/ros/foxy/share/rclcpp/cmake)
[0.952s] -- Using all available rosidl_typesupport_c: rosidl_typesupport_fastrtps_c;rosidl_typesupport_introspection_c
[0.959s] -- Found rosidl_adapter: 1.2.1 (/opt/ros/foxy/share/rosidl_adapter/cmake)
[1.023s] -- Found OpenSSL: /usr/lib/x86_64-linux-gnu/libcrypto.so (found version "1.1.1f")  
[1.046s] -- Found FastRTPS: /opt/ros/foxy/include  
[1.121s] -- Using all available rosidl_typesupport_cpp: rosidl_typesupport_fastrtps_cpp;rosidl_typesupport_introspection_cpp
[1.180s] -- Found rmw_implementation_cmake: 1.0.3 (/opt/ros/foxy/share/rmw_implementation_cmake/cmake)
[1.182s] -- Using RMW implementation 'rmw_fastrtps_cpp' as default
[1.184s] -- Looking for pthread.h
[1.271s] -- Looking for pthread.h - found
[1.271s] -- Performing Test CMAKE_HAVE_LIBC_PTHREAD
[1.350s] -- Performing Test CMAKE_HAVE_LIBC_PTHREAD - Failed
[1.352s] -- Looking for pthread_create in pthreads
[1.464s] -- Looking for pthread_create in pthreads - not found
[1.464s] -- Looking for pthread_create in pthread
[1.538s] -- Looking for pthread_create in pthread - found
[1.539s] -- Found Threads: TRUE  
[1.730s] -- Found ament_lint_auto: 0.9.6 (/opt/ros/foxy/share/ament_lint_auto/cmake)
[1.821s] -- Added test 'copyright' to check source files copyright and LICENSE
[1.822s] -- Added test 'cppcheck' to perform static code analysis on C / C++ code
[1.822s] -- Configured cppcheck include dirs: /home/ros2_ws/src/demos/quality_of_service_demo/rclcpp/include
[1.823s] -- Configured cppcheck exclude dirs and/or files: 
[1.825s] -- Added test 'cpplint' to check C / C++ code against the Google style
[1.825s] -- Configured cpplint exclude dirs and/or files: 
[1.825s] -- Added test 'lint_cmake' to check CMake code style
[1.826s] -- Added test 'uncrustify' to check C / C++ code style
[1.826s] -- Configured uncrustify additional arguments: 
[1.826s] -- Added test 'xmllint' to check XML markup files
[1.830s] -- Configuring done
[1.856s] -- Generating done
[1.858s] -- Build files have been written to: /home/ros2_ws/build/quality_of_service_demo_cpp
[1.877s] Invoked command in '/home/ros2_ws/build/quality_of_service_demo_cpp' returned '0': CMAKE_PREFIX_PATH=/opt/ros/foxy /usr/bin/cmake /home/ros2_ws/src/demos/quality_of_service_demo/rclcpp -DCMAKE_INSTALL_PREFIX=/home/ros2_ws/install/quality_of_service_demo_cpp
[1.878s] Invoking command in '/home/ros2_ws/build/quality_of_service_demo_cpp': CMAKE_PREFIX_PATH=/opt/ros/foxy /usr/bin/cmake --build /home/ros2_ws/build/quality_of_service_demo_cpp -- -j4 -l4
[2.018s] [35m[1mScanning dependencies of target liveliness[0m
[2.075s] [  4%] [32mBuilding CXX object CMakeFiles/liveliness.dir/src/liveliness.cpp.o[0m
[3.953s] [  8%] [32mBuilding CXX object CMakeFiles/liveliness.dir/src/common_nodes.cpp.o[0m
[9.371s] [ 12%] [32mBuilding CXX object CMakeFiles/liveliness.dir/src/utils.cpp.o[0m
[9.905s] [ 16%] [32m[1mLinking CXX executable liveliness[0m
[10.213s] [ 16%] Built target liveliness
[10.239s] [35m[1mScanning dependencies of target incompatible_qos[0m
[10.294s] [ 20%] [32mBuilding CXX object CMakeFiles/incompatible_qos.dir/src/incompatible_qos.cpp.o[0m
[12.076s] [ 25%] [32mBuilding CXX object CMakeFiles/incompatible_qos.dir/src/common_nodes.cpp.o[0m
[17.547s] [ 29%] [32mBuilding CXX object CMakeFiles/incompatible_qos.dir/src/utils.cpp.o[0m
[18.015s] [ 33%] [32m[1mLinking CXX executable incompatible_qos[0m
[18.386s] [ 33%] Built target incompatible_qos
[18.417s] [35m[1mScanning dependencies of target interactive_publisher[0m
[18.461s] [ 37%] [32mBuilding CXX object CMakeFiles/interactive_publisher.dir/src/interactive_publisher.cpp.o[0m
[20.366s] [ 41%] [32mBuilding CXX object CMakeFiles/interactive_publisher.dir/src/common_nodes.cpp.o[0m
[26.205s] [ 45%] [32mBuilding CXX object CMakeFiles/interactive_publisher.dir/src/utils.cpp.o[0m
[26.801s] [ 50%] [32m[1mLinking CXX executable interactive_publisher[0m
[27.094s] [ 50%] Built target interactive_publisher
[27.104s] [35m[1mScanning dependencies of target interactive_subscriber[0m
[27.150s] [ 54%] [32mBuilding CXX object CMakeFiles/interactive_subscriber.dir/src/interactive_subscriber.cpp.o[0m
[29.023s] [ 58%] [32mBuilding CXX object CMakeFiles/interactive_subscriber.dir/src/common_nodes.cpp.o[0m
[34.140s] [ 62%] [32mBuilding CXX object CMakeFiles/interactive_subscriber.dir/src/utils.cpp.o[0m
[34.615s] [ 66%] [32m[1mLinking CXX executable interactive_subscriber[0m
[34.908s] [ 66%] Built target interactive_subscriber
[34.920s] [35m[1mScanning dependencies of target deadline[0m
[34.966s] [ 70%] [32mBuilding CXX object CMakeFiles/deadline.dir/src/deadline.cpp.o[0m
[36.788s] [ 75%] [32mBuilding CXX object CMakeFiles/deadline.dir/src/utils.cpp.o[0m
[37.276s] [ 79%] [32mBuilding CXX object CMakeFiles/deadline.dir/src/common_nodes.cpp.o[0m
[42.228s] [ 83%] [32m[1mLinking CXX executable deadline[0m
[42.534s] [ 83%] Built target deadline
[42.543s] [35m[1mScanning dependencies of target lifespan[0m
[42.584s] [ 87%] [32mBuilding CXX object CMakeFiles/lifespan.dir/src/lifespan.cpp.o[0m
[44.418s] [ 91%] [32mBuilding CXX object CMakeFiles/lifespan.dir/src/utils.cpp.o[0m
[44.857s] [ 95%] [32mBuilding CXX object CMakeFiles/lifespan.dir/src/common_nodes.cpp.o[0m
[49.489s] [100%] [32m[1mLinking CXX executable lifespan[0m
[49.741s] [100%] Built target lifespan
[49.752s] Invoked command in '/home/ros2_ws/build/quality_of_service_demo_cpp' returned '0': CMAKE_PREFIX_PATH=/opt/ros/foxy /usr/bin/cmake --build /home/ros2_ws/build/quality_of_service_demo_cpp -- -j4 -l4
[49.786s] Invoking command in '/home/ros2_ws/build/quality_of_service_demo_cpp': CMAKE_PREFIX_PATH=/opt/ros/foxy /usr/bin/cmake --install /home/ros2_ws/build/quality_of_service_demo_cpp
[49.795s] -- Install configuration: ""
[49.795s] -- Installing: /home/ros2_ws/install/quality_of_service_demo_cpp/lib/quality_of_service_demo_cpp/liveliness
[49.799s] -- Set runtime path of "/home/ros2_ws/install/quality_of_service_demo_cpp/lib/quality_of_service_demo_cpp/liveliness" to ""
[49.799s] -- Installing: /home/ros2_ws/install/quality_of_service_demo_cpp/lib/quality_of_service_demo_cpp/lifespan
[49.802s] -- Set runtime path of "/home/ros2_ws/install/quality_of_service_demo_cpp/lib/quality_of_service_demo_cpp/lifespan" to ""
[49.802s] -- Installing: /home/ros2_ws/install/quality_of_service_demo_cpp/lib/quality_of_service_demo_cpp/deadline
[49.803s] -- Set runtime path of "/home/ros2_ws/install/quality_of_service_demo_cpp/lib/quality_of_service_demo_cpp/deadline" to ""
[49.803s] -- Installing: /home/ros2_ws/install/quality_of_service_demo_cpp/lib/quality_of_service_demo_cpp/interactive_publisher
[49.805s] -- Set runtime path of "/home/ros2_ws/install/quality_of_service_demo_cpp/lib/quality_of_service_demo_cpp/interactive_publisher" to ""
[49.805s] -- Installing: /home/ros2_ws/install/quality_of_service_demo_cpp/lib/quality_of_service_demo_cpp/interactive_subscriber
[49.807s] -- Set runtime path of "/home/ros2_ws/install/quality_of_service_demo_cpp/lib/quality_of_service_demo_cpp/interactive_subscriber" to ""
[49.808s] -- Installing: /home/ros2_ws/install/quality_of_service_demo_cpp/lib/quality_of_service_demo_cpp/incompatible_qos
[49.810s] -- Set runtime path of "/home/ros2_ws/install/quality_of_service_demo_cpp/lib/quality_of_service_demo_cpp/incompatible_qos" to ""
[49.810s] -- Installing: /home/ros2_ws/install/quality_of_service_demo_cpp/share/ament_index/resource_index/package_run_dependencies/quality_of_service_demo_cpp
[49.811s] -- Installing: /home/ros2_ws/install/quality_of_service_demo_cpp/share/ament_index/resource_index/parent_prefix_path/quality_of_service_demo_cpp
[49.811s] -- Installing: /home/ros2_ws/install/quality_of_service_demo_cpp/share/quality_of_service_demo_cpp/environment/ament_prefix_path.sh
[49.811s] -- Installing: /home/ros2_ws/install/quality_of_service_demo_cpp/share/quality_of_service_demo_cpp/environment/ament_prefix_path.dsv
[49.811s] -- Installing: /home/ros2_ws/install/quality_of_service_demo_cpp/share/quality_of_service_demo_cpp/environment/path.sh
[49.812s] -- Installing: /home/ros2_ws/install/quality_of_service_demo_cpp/share/quality_of_service_demo_cpp/environment/path.dsv
[49.812s] -- Installing: /home/ros2_ws/install/quality_of_service_demo_cpp/share/quality_of_service_demo_cpp/local_setup.bash
[49.812s] -- Installing: /home/ros2_ws/install/quality_of_service_demo_cpp/share/quality_of_service_demo_cpp/local_setup.sh
[49.813s] -- Installing: /home/ros2_ws/install/quality_of_service_demo_cpp/share/quality_of_service_demo_cpp/local_setup.zsh
[49.813s] -- Installing: /home/ros2_ws/install/quality_of_service_demo_cpp/share/quality_of_service_demo_cpp/local_setup.dsv
[49.813s] -- Installing: /home/ros2_ws/install/quality_of_service_demo_cpp/share/quality_of_service_demo_cpp/package.dsv
[49.813s] -- Installing: /home/ros2_ws/install/quality_of_service_demo_cpp/share/ament_index/resource_index/packages/quality_of_service_demo_cpp
[49.814s] -- Installing: /home/ros2_ws/install/quality_of_service_demo_cpp/share/quality_of_service_demo_cpp/cmake/ament_cmake_export_include_directories-extras.cmake
[49.814s] -- Installing: /home/ros2_ws/install/quality_of_service_demo_cpp/share/quality_of_service_demo_cpp/cmake/quality_of_service_demo_cppConfig.cmake
[49.814s] -- Installing: /home/ros2_ws/install/quality_of_service_demo_cpp/share/quality_of_service_demo_cpp/cmake/quality_of_service_demo_cppConfig-version.cmake
[49.814s] -- Installing: /home/ros2_ws/install/quality_of_service_demo_cpp/share/quality_of_service_demo_cpp/package.xml
[49.827s] Invoked command in '/home/ros2_ws/build/quality_of_service_demo_cpp' returned '0': CMAKE_PREFIX_PATH=/opt/ros/foxy /usr/bin/cmake --install /home/ros2_ws/build/quality_of_service_demo_cpp
