[0.032s] Invoking command in '/home/ros2_ws/build/action_tutorials_cpp': AMENT_PREFIX_PATH=/home/ros2_ws/install/action_tutorials_interfaces:${AMENT_PREFIX_PATH} CMAKE_PREFIX_PATH=/home/ros2_ws/install/action_tutorials_interfaces:/opt/ros/foxy LD_LIBRARY_PATH=/home/ros2_ws/install/action_tutorials_interfaces/lib:${LD_LIBRARY_PATH} PYTHONPATH=/home/ros2_ws/install/action_tutorials_interfaces/lib/python3.8/site-packages:${PYTHONPATH} /usr/bin/cmake /home/ros2_ws/src/demos/action_tutorials/action_tutorials_cpp -DCMAKE_INSTALL_PREFIX=/home/ros2_ws/install/action_tutorials_cpp
[0.108s] -- The C compiler identification is GNU 9.3.0
[0.181s] -- The CXX compiler identification is GNU 9.3.0
[0.191s] -- Check for working C compiler: /usr/bin/cc
[0.297s] -- Check for working C compiler: /usr/bin/cc -- works
[0.302s] -- Detecting C compiler ABI info
[0.414s] -- Detecting C compiler ABI info - done
[0.428s] -- Detecting C compile features
[0.431s] -- Detecting C compile features - done
[0.439s] -- Check for working CXX compiler: /usr/bin/c++
[0.564s] -- Check for working CXX compiler: /usr/bin/c++ -- works
[0.567s] -- Detecting CXX compiler ABI info
[0.694s] -- Detecting CXX compiler ABI info - done
[0.731s] -- Detecting CXX compile features
[0.743s] -- Detecting CXX compile features - done
[0.743s] -- Found ament_cmake: 0.9.8 (/opt/ros/foxy/share/ament_cmake/cmake)
[0.784s] -- Found PythonInterp: /usr/bin/python3 (found suitable version "3.8.10", minimum required is "3") 
[0.785s] -- Using PYTHON_EXECUTABLE: /usr/bin/python3
[1.106s] -- Found action_tutorials_interfaces: 0.9.3 (/home/ros2_ws/install/action_tutorials_interfaces/share/action_tutorials_interfaces/cmake)
[1.141s] -- Using all available rosidl_typesupport_c: rosidl_typesupport_fastrtps_c;rosidl_typesupport_introspection_c
[1.148s] -- Found rosidl_adapter: 1.2.1 (/opt/ros/foxy/share/rosidl_adapter/cmake)
[1.282s] -- Found OpenSSL: /usr/lib/x86_64-linux-gnu/libcrypto.so (found version "1.1.1f")  
[1.316s] -- Found FastRTPS: /opt/ros/foxy/include  
[1.459s] -- Using all available rosidl_typesupport_cpp: rosidl_typesupport_fastrtps_cpp;rosidl_typesupport_introspection_cpp
[1.629s] -- Found rclcpp: 2.3.1 (/opt/ros/foxy/share/rclcpp/cmake)
[1.675s] -- Found rmw_implementation_cmake: 1.0.3 (/opt/ros/foxy/share/rmw_implementation_cmake/cmake)
[1.676s] -- Using RMW implementation 'rmw_fastrtps_cpp' as default
[1.678s] -- Looking for pthread.h
[1.761s] -- Looking for pthread.h - found
[1.761s] -- Performing Test CMAKE_HAVE_LIBC_PTHREAD
[1.858s] -- Performing Test CMAKE_HAVE_LIBC_PTHREAD - Failed
[1.858s] -- Looking for pthread_create in pthreads
[1.974s] -- Looking for pthread_create in pthreads - not found
[1.976s] -- Looking for pthread_create in pthread
[2.100s] -- Looking for pthread_create in pthread - found
[2.103s] -- Found Threads: TRUE  
[2.310s] -- Found rclcpp_action: 2.3.1 (/opt/ros/foxy/share/rclcpp_action/cmake)
[2.352s] -- Found rclcpp_components: 2.3.1 (/opt/ros/foxy/share/rclcpp_components/cmake)
[2.434s] -- Found ament_lint_auto: 0.9.6 (/opt/ros/foxy/share/ament_lint_auto/cmake)
[2.550s] -- Added test 'copyright' to check source files copyright and LICENSE
[2.553s] -- Added test 'cppcheck' to perform static code analysis on C / C++ code
[2.555s] -- Configured cppcheck include dirs: /home/ros2_ws/src/demos/action_tutorials/action_tutorials_cpp/include
[2.556s] -- Configured cppcheck exclude dirs and/or files: 
[2.559s] -- Added test 'cpplint' to check C / C++ code against the Google style
[2.559s] -- Configured cpplint exclude dirs and/or files: 
[2.562s] -- Added test 'lint_cmake' to check CMake code style
[2.565s] -- Added test 'uncrustify' to check C / C++ code style
[2.565s] -- Configured uncrustify additional arguments: 
[2.568s] -- Added test 'xmllint' to check XML markup files
[2.582s] -- Configuring done
[2.650s] -- Generating done
[2.665s] -- Build files have been written to: /home/ros2_ws/build/action_tutorials_cpp
[2.683s] Invoked command in '/home/ros2_ws/build/action_tutorials_cpp' returned '0': AMENT_PREFIX_PATH=/home/ros2_ws/install/action_tutorials_interfaces:${AMENT_PREFIX_PATH} CMAKE_PREFIX_PATH=/home/ros2_ws/install/action_tutorials_interfaces:/opt/ros/foxy LD_LIBRARY_PATH=/home/ros2_ws/install/action_tutorials_interfaces/lib:${LD_LIBRARY_PATH} PYTHONPATH=/home/ros2_ws/install/action_tutorials_interfaces/lib/python3.8/site-packages:${PYTHONPATH} /usr/bin/cmake /home/ros2_ws/src/demos/action_tutorials/action_tutorials_cpp -DCMAKE_INSTALL_PREFIX=/home/ros2_ws/install/action_tutorials_cpp
[2.684s] Invoking command in '/home/ros2_ws/build/action_tutorials_cpp': AMENT_PREFIX_PATH=/home/ros2_ws/install/action_tutorials_interfaces:${AMENT_PREFIX_PATH} CMAKE_PREFIX_PATH=/home/ros2_ws/install/action_tutorials_interfaces:/opt/ros/foxy LD_LIBRARY_PATH=/home/ros2_ws/install/action_tutorials_interfaces/lib:${LD_LIBRARY_PATH} PYTHONPATH=/home/ros2_ws/install/action_tutorials_interfaces/lib/python3.8/site-packages:${PYTHONPATH} /usr/bin/cmake --build /home/ros2_ws/build/action_tutorials_cpp -- -j4 -l4
[2.745s] [35m[1mScanning dependencies of target fibonacci_action_server[0m
[2.808s] [ 14%] [32mBuilding CXX object CMakeFiles/fibonacci_action_server.dir/rclcpp_components/node_main_fibonacci_action_server.cpp.o[0m
[4.892s] [ 28%] [32m[1mLinking CXX executable fibonacci_action_server[0m
[5.041s] [ 28%] Built target fibonacci_action_server
[5.051s] [35m[1mScanning dependencies of target action_tutorials[0m
[5.181s] [ 42%] [32mBuilding CXX object CMakeFiles/action_tutorials.dir/src/fibonacci_action_client.cpp.o[0m
[8.738s] [ 57%] [32mBuilding CXX object CMakeFiles/action_tutorials.dir/src/fibonacci_action_server.cpp.o[0m
[11.973s] [ 71%] [32m[1mLinking CXX shared library libaction_tutorials.so[0m
[12.326s] [ 71%] Built target action_tutorials
[12.335s] [35m[1mScanning dependencies of target fibonacci_action_client[0m
[12.374s] [ 85%] [32mBuilding CXX object CMakeFiles/fibonacci_action_client.dir/rclcpp_components/node_main_fibonacci_action_client.cpp.o[0m
[14.368s] [100%] [32m[1mLinking CXX executable fibonacci_action_client[0m
[14.549s] [100%] Built target fibonacci_action_client
[14.580s] Invoked command in '/home/ros2_ws/build/action_tutorials_cpp' returned '0': AMENT_PREFIX_PATH=/home/ros2_ws/install/action_tutorials_interfaces:${AMENT_PREFIX_PATH} CMAKE_PREFIX_PATH=/home/ros2_ws/install/action_tutorials_interfaces:/opt/ros/foxy LD_LIBRARY_PATH=/home/ros2_ws/install/action_tutorials_interfaces/lib:${LD_LIBRARY_PATH} PYTHONPATH=/home/ros2_ws/install/action_tutorials_interfaces/lib/python3.8/site-packages:${PYTHONPATH} /usr/bin/cmake --build /home/ros2_ws/build/action_tutorials_cpp -- -j4 -l4
[14.636s] Invoking command in '/home/ros2_ws/build/action_tutorials_cpp': AMENT_PREFIX_PATH=/home/ros2_ws/install/action_tutorials_interfaces:${AMENT_PREFIX_PATH} CMAKE_PREFIX_PATH=/home/ros2_ws/install/action_tutorials_interfaces:/opt/ros/foxy LD_LIBRARY_PATH=/home/ros2_ws/install/action_tutorials_interfaces/lib:${LD_LIBRARY_PATH} PYTHONPATH=/home/ros2_ws/install/action_tutorials_interfaces/lib/python3.8/site-packages:${PYTHONPATH} /usr/bin/cmake --install /home/ros2_ws/build/action_tutorials_cpp
[14.646s] -- Install configuration: ""
[14.650s] -- Installing: /home/ros2_ws/install/action_tutorials_cpp/lib/action_tutorials_cpp/fibonacci_action_client
[14.662s] -- Set runtime path of "/home/ros2_ws/install/action_tutorials_cpp/lib/action_tutorials_cpp/fibonacci_action_client" to ""
[14.663s] -- Installing: /home/ros2_ws/install/action_tutorials_cpp/lib/action_tutorials_cpp/fibonacci_action_server
[14.677s] -- Set runtime path of "/home/ros2_ws/install/action_tutorials_cpp/lib/action_tutorials_cpp/fibonacci_action_server" to ""
[14.677s] -- Installing: /home/ros2_ws/install/action_tutorials_cpp/lib/libaction_tutorials.so
[14.679s] -- Set runtime path of "/home/ros2_ws/install/action_tutorials_cpp/lib/libaction_tutorials.so" to ""
[14.679s] -- Installing: /home/ros2_ws/install/action_tutorials_cpp/share/ament_index/resource_index/package_run_dependencies/action_tutorials_cpp
[14.679s] -- Installing: /home/ros2_ws/install/action_tutorials_cpp/share/ament_index/resource_index/parent_prefix_path/action_tutorials_cpp
[14.680s] -- Installing: /home/ros2_ws/install/action_tutorials_cpp/share/action_tutorials_cpp/environment/ament_prefix_path.sh
[14.680s] -- Installing: /home/ros2_ws/install/action_tutorials_cpp/share/action_tutorials_cpp/environment/ament_prefix_path.dsv
[14.680s] -- Installing: /home/ros2_ws/install/action_tutorials_cpp/share/action_tutorials_cpp/environment/path.sh
[14.692s] -- Installing: /home/ros2_ws/install/action_tutorials_cpp/share/action_tutorials_cpp/environment/path.dsv
[14.693s] -- Installing: /home/ros2_ws/install/action_tutorials_cpp/share/action_tutorials_cpp/local_setup.bash
[14.693s] -- Installing: /home/ros2_ws/install/action_tutorials_cpp/share/action_tutorials_cpp/local_setup.sh
[14.694s] -- Installing: /home/ros2_ws/install/action_tutorials_cpp/share/action_tutorials_cpp/local_setup.zsh
[14.694s] -- Installing: /home/ros2_ws/install/action_tutorials_cpp/share/action_tutorials_cpp/local_setup.dsv
[14.695s] -- Installing: /home/ros2_ws/install/action_tutorials_cpp/share/action_tutorials_cpp/package.dsv
[14.695s] -- Installing: /home/ros2_ws/install/action_tutorials_cpp/share/ament_index/resource_index/packages/action_tutorials_cpp
[14.696s] -- Installing: /home/ros2_ws/install/action_tutorials_cpp/share/ament_index/resource_index/rclcpp_components/action_tutorials_cpp
[14.696s] -- Installing: /home/ros2_ws/install/action_tutorials_cpp/share/action_tutorials_cpp/cmake/action_tutorials_cppConfig.cmake
[14.696s] -- Installing: /home/ros2_ws/install/action_tutorials_cpp/share/action_tutorials_cpp/cmake/action_tutorials_cppConfig-version.cmake
[14.696s] -- Installing: /home/ros2_ws/install/action_tutorials_cpp/share/action_tutorials_cpp/package.xml
[14.704s] Invoked command in '/home/ros2_ws/build/action_tutorials_cpp' returned '0': AMENT_PREFIX_PATH=/home/ros2_ws/install/action_tutorials_interfaces:${AMENT_PREFIX_PATH} CMAKE_PREFIX_PATH=/home/ros2_ws/install/action_tutorials_interfaces:/opt/ros/foxy LD_LIBRARY_PATH=/home/ros2_ws/install/action_tutorials_interfaces/lib:${LD_LIBRARY_PATH} PYTHONPATH=/home/ros2_ws/install/action_tutorials_interfaces/lib/python3.8/site-packages:${PYTHONPATH} /usr/bin/cmake --install /home/ros2_ws/build/action_tutorials_cpp
