[0.014s] Invoking command in '/root/ros2_ws/build/tutorial_interfaces': CMAKE_PREFIX_PATH=${CMAKE_PREFIX_PATH}:/opt/ros/foxy /usr/bin/cmake /root/ros2_ws/src/tutorial_interfaces -DCMAKE_INSTALL_PREFIX=/root/ros2_ws/install/tutorial_interfaces
[0.063s] -- The C compiler identification is GNU 9.3.0
[0.112s] -- The CXX compiler identification is GNU 9.3.0
[0.117s] -- Check for working C compiler: /usr/bin/cc
[0.181s] -- Check for working C compiler: /usr/bin/cc -- works
[0.181s] -- Detecting C compiler ABI info
[0.239s] -- Detecting C compiler ABI info - done
[0.250s] -- Detecting C compile features
[0.251s] -- Detecting C compile features - done
[0.253s] -- Check for working CXX compiler: /usr/bin/c++
[0.323s] -- Check for working CXX compiler: /usr/bin/c++ -- works
[0.324s] -- Detecting CXX compiler ABI info
[0.395s] -- Detecting CXX compiler ABI info - done
[0.406s] -- Detecting CXX compile features
[0.407s] -- Detecting CXX compile features - done
[0.409s] -- Found ament_cmake: 0.9.8 (/opt/ros/foxy/share/ament_cmake/cmake)
[0.425s] -- Found PythonInterp: /usr/bin/python3 (found suitable version "3.8.5", minimum required is "3") 
[0.426s] -- Using PYTHON_EXECUTABLE: /usr/bin/python3
[0.573s] -- Found std_msgs: 2.0.4 (/opt/ros/foxy/share/std_msgs/cmake)
[0.593s] -- Using all available rosidl_typesupport_c: rosidl_typesupport_fastrtps_c;rosidl_typesupport_introspection_c
[0.600s] -- Found rosidl_adapter: 1.2.1 (/opt/ros/foxy/share/rosidl_adapter/cmake)
[0.647s] -- Found OpenSSL: /usr/lib/x86_64-linux-gnu/libcrypto.so (found version "1.1.1f")  
[0.662s] -- Found FastRTPS: /opt/ros/foxy/include  
[0.720s] -- Using all available rosidl_typesupport_cpp: rosidl_typesupport_fastrtps_cpp;rosidl_typesupport_introspection_cpp
[0.771s] -- Found rosidl_default_generators: 1.0.1 (/opt/ros/foxy/share/rosidl_default_generators/cmake)
[0.798s] -- Found PythonInterp: /usr/bin/python3 (found version "3.8.5") 
[0.946s] -- Found ament_cmake_ros: 0.9.2 (/opt/ros/foxy/share/ament_cmake_ros/cmake)
[1.090s] -- Using all available rosidl_typesupport_c: rosidl_typesupport_fastrtps_c;rosidl_typesupport_introspection_c
[1.153s] -- Using all available rosidl_typesupport_cpp: rosidl_typesupport_fastrtps_cpp;rosidl_typesupport_introspection_cpp
[1.170s] -- Found PythonInterp: /usr/bin/python3 (found suitable version "3.8.5", minimum required is "3.5") 
[1.172s] -- Found python_cmake_module: 0.8.1 (/opt/ros/foxy/share/python_cmake_module/cmake)
[1.190s] -- Found PythonLibs: /usr/lib/x86_64-linux-gnu/libpython3.8.so (found suitable version "3.8.5", minimum required is "3.5") 
[1.190s] -- Using PYTHON_EXECUTABLE: /usr/bin/python3
[1.190s] -- Using PYTHON_INCLUDE_DIRS: /usr/include/python3.8
[1.191s] -- Using PYTHON_LIBRARIES: /usr/lib/x86_64-linux-gnu/libpython3.8.so
[1.205s] -- Found PythonExtra: .so  
[1.275s] -- Configuring done
[1.325s] -- Generating done
[1.327s] -- Build files have been written to: /root/ros2_ws/build/tutorial_interfaces
[1.334s] Invoked command in '/root/ros2_ws/build/tutorial_interfaces' returned '0': CMAKE_PREFIX_PATH=${CMAKE_PREFIX_PATH}:/opt/ros/foxy /usr/bin/cmake /root/ros2_ws/src/tutorial_interfaces -DCMAKE_INSTALL_PREFIX=/root/ros2_ws/install/tutorial_interfaces
[1.337s] Invoking command in '/root/ros2_ws/build/tutorial_interfaces': CMAKE_PREFIX_PATH=${CMAKE_PREFIX_PATH}:/opt/ros/foxy /usr/bin/cmake --build /root/ros2_ws/build/tutorial_interfaces -- -j4 -l4
[1.374s] [  3%] [34m[1mGenerating C code for ROS interfaces[0m
[1.378s] [35m[1mScanning dependencies of target tutorial_interfaces__cpp[0m
[1.389s] [  6%] [34m[1mGenerating C++ code for ROS interfaces[0m
[1.631s] [  6%] Built target tutorial_interfaces__cpp
[1.640s] [  9%] [34m[1mGenerating C++ type support dispatch for ROS interfaces[0m
[1.649s] [ 12%] [34m[1mGenerating C++ type support for eProsima Fast-RTPS[0m
[1.658s] [ 16%] [34m[1mGenerating C++ introspection for ROS interfaces[0m
[1.667s] [35m[1mScanning dependencies of target tutorial_interfaces__rosidl_generator_c[0m
[1.694s] [ 19%] [32mBuilding C object CMakeFiles/tutorial_interfaces__rosidl_generator_c.dir/rosidl_generator_c/tutorial_interfaces/msg/detail/int32_stamped__functions.c.o[0m
[1.796s] [ 22%] [32m[1mLinking C shared library libtutorial_interfaces__rosidl_generator_c.so[0m
[1.893s] [ 22%] Built target tutorial_interfaces__rosidl_generator_c
[1.913s] [ 25%] [34m[1mGenerating C introspection for ROS interfaces[0m
[1.918s] [35m[1mScanning dependencies of target tutorial_interfaces__rosidl_typesupport_fastrtps_cpp[0m
[1.959s] [35m[1mScanning dependencies of target tutorial_interfaces__rosidl_typesupport_cpp[0m
[1.963s] [ 29%] [32mBuilding CXX object CMakeFiles/tutorial_interfaces__rosidl_typesupport_fastrtps_cpp.dir/rosidl_typesupport_fastrtps_cpp/tutorial_interfaces/msg/detail/dds_fastrtps/int32_stamped__type_support.cpp.o[0m
[1.980s] [ 32%] [32mBuilding CXX object CMakeFiles/tutorial_interfaces__rosidl_typesupport_cpp.dir/rosidl_typesupport_cpp/tutorial_interfaces/msg/int32_stamped__type_support.cpp.o[0m
[1.989s] [35m[1mScanning dependencies of target tutorial_interfaces__rosidl_typesupport_introspection_cpp[0m
[2.022s] [ 35%] [32mBuilding CXX object CMakeFiles/tutorial_interfaces__rosidl_typesupport_introspection_cpp.dir/rosidl_typesupport_introspection_cpp/tutorial_interfaces/msg/detail/int32_stamped__type_support.cpp.o[0m
[2.265s] [ 38%] [32m[1mLinking CXX shared library libtutorial_interfaces__rosidl_typesupport_cpp.so[0m
[2.307s] [ 38%] Built target tutorial_interfaces__rosidl_typesupport_cpp
[2.317s] [35m[1mScanning dependencies of target tutorial_interfaces__rosidl_typesupport_introspection_c[0m
[2.327s] [ 41%] [34m[1mGenerating C type support dispatch for ROS interfaces[0m
[2.340s] [ 45%] [32mBuilding C object CMakeFiles/tutorial_interfaces__rosidl_typesupport_introspection_c.dir/rosidl_typesupport_introspection_c/tutorial_interfaces/msg/detail/int32_stamped__type_support.c.o[0m
[2.384s] [ 48%] [32m[1mLinking C shared library libtutorial_interfaces__rosidl_typesupport_introspection_c.so[0m
[2.501s] [ 48%] Built target tutorial_interfaces__rosidl_typesupport_introspection_c
[2.507s] [ 51%] [32m[1mLinking CXX shared library libtutorial_interfaces__rosidl_typesupport_introspection_cpp.so[0m
[2.547s] [ 54%] [32m[1mLinking CXX shared library libtutorial_interfaces__rosidl_typesupport_fastrtps_cpp.so[0m
[2.555s] [35m[1mScanning dependencies of target tutorial_interfaces__rosidl_typesupport_c[0m
[2.579s] [ 58%] [32mBuilding CXX object CMakeFiles/tutorial_interfaces__rosidl_typesupport_c.dir/rosidl_typesupport_c/tutorial_interfaces/msg/int32_stamped__type_support.cpp.o[0m
[2.579s] [ 58%] Built target tutorial_interfaces__rosidl_typesupport_introspection_cpp
[2.607s] [ 61%] [32m[1mLinking CXX shared library libtutorial_interfaces__rosidl_typesupport_c.so[0m
[2.646s] [ 61%] Built target tutorial_interfaces__rosidl_typesupport_fastrtps_cpp
[2.652s] [ 61%] Built target tutorial_interfaces__rosidl_typesupport_c
[2.656s] [ 64%] [34m[1mGenerating C type support for eProsima Fast-RTPS[0m
[2.875s] [35m[1mScanning dependencies of target tutorial_interfaces__rosidl_typesupport_fastrtps_c[0m
[2.890s] [ 67%] [32mBuilding CXX object CMakeFiles/tutorial_interfaces__rosidl_typesupport_fastrtps_c.dir/rosidl_typesupport_fastrtps_c/tutorial_interfaces/msg/detail/int32_stamped__type_support_c.cpp.o[0m
[3.202s] [ 70%] [32m[1mLinking CXX shared library libtutorial_interfaces__rosidl_typesupport_fastrtps_c.so[0m
[3.287s] [ 70%] Built target tutorial_interfaces__rosidl_typesupport_fastrtps_c
[3.296s] [35m[1mScanning dependencies of target tutorial_interfaces[0m
[3.306s] [ 70%] Built target tutorial_interfaces
[3.315s] [35m[1mScanning dependencies of target tutorial_interfaces__py[0m
[3.325s] [ 74%] [34m[1mGenerating Python code for ROS interfaces[0m
[3.778s] [ 74%] Built target tutorial_interfaces__py
[3.787s] [35m[1mScanning dependencies of target tutorial_interfaces__python[0m
[3.822s] [ 77%] [32mBuilding C object CMakeFiles/tutorial_interfaces__python.dir/rosidl_generator_py/tutorial_interfaces/msg/_int32_stamped_s.c.o[0m
[3.909s] [ 80%] [32m[1mLinking C shared library rosidl_generator_py/tutorial_interfaces/libtutorial_interfaces__python.so[0m
[3.951s] [ 80%] Built target tutorial_interfaces__python
[3.961s] [35m[1mScanning dependencies of target tutorial_interfaces__rosidl_typesupport_c__pyext[0m
[3.962s] [35m[1mScanning dependencies of target tutorial_interfaces__rosidl_typesupport_introspection_c__pyext[0m
[3.970s] [35m[1mScanning dependencies of target tutorial_interfaces__rosidl_typesupport_fastrtps_c__pyext[0m
[3.984s] [ 83%] [32mBuilding C object CMakeFiles/tutorial_interfaces__rosidl_typesupport_introspection_c__pyext.dir/rosidl_generator_py/tutorial_interfaces/_tutorial_interfaces_s.ep.rosidl_typesupport_introspection_c.c.o[0m
[3.986s] [ 87%] [32mBuilding C object CMakeFiles/tutorial_interfaces__rosidl_typesupport_c__pyext.dir/rosidl_generator_py/tutorial_interfaces/_tutorial_interfaces_s.ep.rosidl_typesupport_c.c.o[0m
[3.997s] [ 90%] [32mBuilding C object CMakeFiles/tutorial_interfaces__rosidl_typesupport_fastrtps_c__pyext.dir/rosidl_generator_py/tutorial_interfaces/_tutorial_interfaces_s.ep.rosidl_typesupport_fastrtps_c.c.o[0m
[4.067s] [ 93%] [32m[1mLinking C shared library rosidl_generator_py/tutorial_interfaces/tutorial_interfaces_s__rosidl_typesupport_introspection_c.cpython-38-x86_64-linux-gnu.so[0m
[4.076s] [ 96%] [32m[1mLinking C shared library rosidl_generator_py/tutorial_interfaces/tutorial_interfaces_s__rosidl_typesupport_c.cpython-38-x86_64-linux-gnu.so[0m
[4.081s] [100%] [32m[1mLinking CXX shared library rosidl_generator_py/tutorial_interfaces/tutorial_interfaces_s__rosidl_typesupport_fastrtps_c.cpython-38-x86_64-linux-gnu.so[0m
[4.111s] [100%] Built target tutorial_interfaces__rosidl_typesupport_introspection_c__pyext
[4.113s] [100%] Built target tutorial_interfaces__rosidl_typesupport_c__pyext
[4.148s] [100%] Built target tutorial_interfaces__rosidl_typesupport_fastrtps_c__pyext
[4.158s] Invoked command in '/root/ros2_ws/build/tutorial_interfaces' returned '0': CMAKE_PREFIX_PATH=${CMAKE_PREFIX_PATH}:/opt/ros/foxy /usr/bin/cmake --build /root/ros2_ws/build/tutorial_interfaces -- -j4 -l4
[4.206s] Invoking command in '/root/ros2_ws/build/tutorial_interfaces': CMAKE_PREFIX_PATH=${CMAKE_PREFIX_PATH}:/opt/ros/foxy /usr/bin/cmake --install /root/ros2_ws/build/tutorial_interfaces
[4.214s] -- Install configuration: ""
[4.215s] -- Installing: /root/ros2_ws/install/tutorial_interfaces/share/ament_index/resource_index/rosidl_interfaces/tutorial_interfaces
[4.219s] -- Installing: /root/ros2_ws/install/tutorial_interfaces/include/tutorial_interfaces
[4.219s] -- Installing: /root/ros2_ws/install/tutorial_interfaces/include/tutorial_interfaces/msg
[4.220s] -- Installing: /root/ros2_ws/install/tutorial_interfaces/include/tutorial_interfaces/msg/detail
[4.220s] -- Installing: /root/ros2_ws/install/tutorial_interfaces/include/tutorial_interfaces/msg/detail/int32_stamped__functions.c
[4.220s] -- Installing: /root/ros2_ws/install/tutorial_interfaces/include/tutorial_interfaces/msg/detail/int32_stamped__type_support.h
[4.220s] -- Installing: /root/ros2_ws/install/tutorial_interfaces/include/tutorial_interfaces/msg/detail/int32_stamped__struct.h
[4.220s] -- Installing: /root/ros2_ws/install/tutorial_interfaces/include/tutorial_interfaces/msg/detail/int32_stamped__functions.h
[4.220s] -- Installing: /root/ros2_ws/install/tutorial_interfaces/include/tutorial_interfaces/msg/int32_stamped.h
[4.220s] -- Installing: /root/ros2_ws/install/tutorial_interfaces/include/tutorial_interfaces/msg/rosidl_generator_c__visibility_control.h
[4.220s] -- Installing: /root/ros2_ws/install/tutorial_interfaces/share/tutorial_interfaces/environment/library_path.sh
[4.220s] -- Installing: /root/ros2_ws/install/tutorial_interfaces/share/tutorial_interfaces/environment/library_path.dsv
[4.220s] -- Installing: /root/ros2_ws/install/tutorial_interfaces/lib/libtutorial_interfaces__rosidl_generator_c.so
[4.220s] -- Set runtime path of "/root/ros2_ws/install/tutorial_interfaces/lib/libtutorial_interfaces__rosidl_generator_c.so" to ""
[4.220s] -- Up-to-date: /root/ros2_ws/install/tutorial_interfaces/include/tutorial_interfaces
[4.220s] -- Up-to-date: /root/ros2_ws/install/tutorial_interfaces/include/tutorial_interfaces/msg
[4.221s] -- Installing: /root/ros2_ws/install/tutorial_interfaces/include/tutorial_interfaces/msg/rosidl_typesupport_fastrtps_c__visibility_control.h
[4.221s] -- Up-to-date: /root/ros2_ws/install/tutorial_interfaces/include/tutorial_interfaces/msg/detail
[4.221s] -- Installing: /root/ros2_ws/install/tutorial_interfaces/include/tutorial_interfaces/msg/detail/int32_stamped__rosidl_typesupport_fastrtps_c.h
[4.221s] -- Installing: /root/ros2_ws/install/tutorial_interfaces/lib/libtutorial_interfaces__rosidl_typesupport_fastrtps_c.so
[4.221s] -- Set runtime path of "/root/ros2_ws/install/tutorial_interfaces/lib/libtutorial_interfaces__rosidl_typesupport_fastrtps_c.so" to ""
[4.221s] -- Up-to-date: /root/ros2_ws/install/tutorial_interfaces/include/tutorial_interfaces
[4.221s] -- Up-to-date: /root/ros2_ws/install/tutorial_interfaces/include/tutorial_interfaces/msg
[4.221s] -- Installing: /root/ros2_ws/install/tutorial_interfaces/include/tutorial_interfaces/msg/rosidl_typesupport_fastrtps_cpp__visibility_control.h
[4.221s] -- Up-to-date: /root/ros2_ws/install/tutorial_interfaces/include/tutorial_interfaces/msg/detail
[4.221s] -- Installing: /root/ros2_ws/install/tutorial_interfaces/include/tutorial_interfaces/msg/detail/dds_fastrtps
[4.222s] -- Installing: /root/ros2_ws/install/tutorial_interfaces/include/tutorial_interfaces/msg/detail/int32_stamped__rosidl_typesupport_fastrtps_cpp.hpp
[4.222s] -- Installing: /root/ros2_ws/install/tutorial_interfaces/lib/libtutorial_interfaces__rosidl_typesupport_fastrtps_cpp.so
[4.222s] -- Set runtime path of "/root/ros2_ws/install/tutorial_interfaces/lib/libtutorial_interfaces__rosidl_typesupport_fastrtps_cpp.so" to ""
[4.222s] -- Up-to-date: /root/ros2_ws/install/tutorial_interfaces/include/tutorial_interfaces
[4.222s] -- Up-to-date: /root/ros2_ws/install/tutorial_interfaces/include/tutorial_interfaces/msg
[4.222s] -- Installing: /root/ros2_ws/install/tutorial_interfaces/include/tutorial_interfaces/msg/rosidl_typesupport_introspection_c__visibility_control.h
[4.222s] -- Up-to-date: /root/ros2_ws/install/tutorial_interfaces/include/tutorial_interfaces/msg/detail
[4.222s] -- Installing: /root/ros2_ws/install/tutorial_interfaces/include/tutorial_interfaces/msg/detail/int32_stamped__rosidl_typesupport_introspection_c.h
[4.222s] -- Installing: /root/ros2_ws/install/tutorial_interfaces/include/tutorial_interfaces/msg/detail/int32_stamped__type_support.c
[4.222s] -- Installing: /root/ros2_ws/install/tutorial_interfaces/lib/libtutorial_interfaces__rosidl_typesupport_introspection_c.so
[4.222s] -- Set runtime path of "/root/ros2_ws/install/tutorial_interfaces/lib/libtutorial_interfaces__rosidl_typesupport_introspection_c.so" to ""
[4.223s] -- Installing: /root/ros2_ws/install/tutorial_interfaces/lib/libtutorial_interfaces__rosidl_typesupport_c.so
[4.223s] -- Set runtime path of "/root/ros2_ws/install/tutorial_interfaces/lib/libtutorial_interfaces__rosidl_typesupport_c.so" to ""
[4.223s] -- Up-to-date: /root/ros2_ws/install/tutorial_interfaces/include/tutorial_interfaces
[4.223s] -- Up-to-date: /root/ros2_ws/install/tutorial_interfaces/include/tutorial_interfaces/msg
[4.223s] -- Installing: /root/ros2_ws/install/tutorial_interfaces/include/tutorial_interfaces/msg/int32_stamped.hpp
[4.223s] -- Up-to-date: /root/ros2_ws/install/tutorial_interfaces/include/tutorial_interfaces/msg/detail
[4.223s] -- Installing: /root/ros2_ws/install/tutorial_interfaces/include/tutorial_interfaces/msg/detail/int32_stamped__struct.hpp
[4.223s] -- Installing: /root/ros2_ws/install/tutorial_interfaces/include/tutorial_interfaces/msg/detail/int32_stamped__traits.hpp
[4.223s] -- Installing: /root/ros2_ws/install/tutorial_interfaces/include/tutorial_interfaces/msg/detail/int32_stamped__builder.hpp
[4.223s] -- Up-to-date: /root/ros2_ws/install/tutorial_interfaces/include/tutorial_interfaces
[4.223s] -- Up-to-date: /root/ros2_ws/install/tutorial_interfaces/include/tutorial_interfaces/msg
[4.223s] -- Up-to-date: /root/ros2_ws/install/tutorial_interfaces/include/tutorial_interfaces/msg/detail
[4.224s] -- Installing: /root/ros2_ws/install/tutorial_interfaces/include/tutorial_interfaces/msg/detail/int32_stamped__rosidl_typesupport_introspection_cpp.hpp
[4.224s] -- Installing: /root/ros2_ws/install/tutorial_interfaces/include/tutorial_interfaces/msg/detail/int32_stamped__type_support.cpp
[4.224s] -- Installing: /root/ros2_ws/install/tutorial_interfaces/lib/libtutorial_interfaces__rosidl_typesupport_introspection_cpp.so
[4.224s] -- Set runtime path of "/root/ros2_ws/install/tutorial_interfaces/lib/libtutorial_interfaces__rosidl_typesupport_introspection_cpp.so" to ""
[4.224s] -- Installing: /root/ros2_ws/install/tutorial_interfaces/lib/libtutorial_interfaces__rosidl_typesupport_cpp.so
[4.224s] -- Set runtime path of "/root/ros2_ws/install/tutorial_interfaces/lib/libtutorial_interfaces__rosidl_typesupport_cpp.so" to ""
[4.224s] -- Installing: /root/ros2_ws/install/tutorial_interfaces/share/tutorial_interfaces/environment/pythonpath.sh
[4.224s] -- Installing: /root/ros2_ws/install/tutorial_interfaces/share/tutorial_interfaces/environment/pythonpath.dsv
[4.224s] -- Installing: /root/ros2_ws/install/tutorial_interfaces/lib/python3.8/site-packages/tutorial_interfaces/__init__.py
[4.250s] Compiling '/root/ros2_ws/install/tutorial_interfaces/lib/python3.8/site-packages/tutorial_interfaces/__init__.py'...
[4.255s] -- Installing: /root/ros2_ws/install/tutorial_interfaces/lib/python3.8/site-packages/tutorial_interfaces/msg
[4.255s] -- Installing: /root/ros2_ws/install/tutorial_interfaces/lib/python3.8/site-packages/tutorial_interfaces/msg/_int32_stamped_s.c
[4.255s] -- Installing: /root/ros2_ws/install/tutorial_interfaces/lib/python3.8/site-packages/tutorial_interfaces/msg/_int32_stamped.py
[4.255s] -- Installing: /root/ros2_ws/install/tutorial_interfaces/lib/python3.8/site-packages/tutorial_interfaces/msg/__init__.py
[4.255s] -- Installing: /root/ros2_ws/install/tutorial_interfaces/lib/python3.8/site-packages/tutorial_interfaces/tutorial_interfaces_s__rosidl_typesupport_fastrtps_c.cpython-38-x86_64-linux-gnu.so
[4.257s] -- Set runtime path of "/root/ros2_ws/install/tutorial_interfaces/lib/python3.8/site-packages/tutorial_interfaces/tutorial_interfaces_s__rosidl_typesupport_fastrtps_c.cpython-38-x86_64-linux-gnu.so" to ""
[4.257s] -- Installing: /root/ros2_ws/install/tutorial_interfaces/lib/python3.8/site-packages/tutorial_interfaces/tutorial_interfaces_s__rosidl_typesupport_introspection_c.cpython-38-x86_64-linux-gnu.so
[4.257s] -- Set runtime path of "/root/ros2_ws/install/tutorial_interfaces/lib/python3.8/site-packages/tutorial_interfaces/tutorial_interfaces_s__rosidl_typesupport_introspection_c.cpython-38-x86_64-linux-gnu.so" to ""
[4.258s] -- Installing: /root/ros2_ws/install/tutorial_interfaces/lib/python3.8/site-packages/tutorial_interfaces/tutorial_interfaces_s__rosidl_typesupport_c.cpython-38-x86_64-linux-gnu.so
[4.258s] -- Set runtime path of "/root/ros2_ws/install/tutorial_interfaces/lib/python3.8/site-packages/tutorial_interfaces/tutorial_interfaces_s__rosidl_typesupport_c.cpython-38-x86_64-linux-gnu.so" to ""
[4.258s] -- Installing: /root/ros2_ws/install/tutorial_interfaces/lib/libtutorial_interfaces__python.so
[4.258s] -- Set runtime path of "/root/ros2_ws/install/tutorial_interfaces/lib/libtutorial_interfaces__python.so" to ""
[4.258s] -- Installing: /root/ros2_ws/install/tutorial_interfaces/share/tutorial_interfaces/msg/Int32Stamped.idl
[4.258s] -- Installing: /root/ros2_ws/install/tutorial_interfaces/share/tutorial_interfaces/msg/Int32Stamped.msg
[4.258s] -- Installing: /root/ros2_ws/install/tutorial_interfaces/share/ament_index/resource_index/package_run_dependencies/tutorial_interfaces
[4.259s] -- Installing: /root/ros2_ws/install/tutorial_interfaces/share/ament_index/resource_index/parent_prefix_path/tutorial_interfaces
[4.259s] -- Installing: /root/ros2_ws/install/tutorial_interfaces/share/tutorial_interfaces/environment/ament_prefix_path.sh
[4.259s] -- Installing: /root/ros2_ws/install/tutorial_interfaces/share/tutorial_interfaces/environment/ament_prefix_path.dsv
[4.259s] -- Installing: /root/ros2_ws/install/tutorial_interfaces/share/tutorial_interfaces/environment/path.sh
[4.259s] -- Installing: /root/ros2_ws/install/tutorial_interfaces/share/tutorial_interfaces/environment/path.dsv
[4.259s] -- Installing: /root/ros2_ws/install/tutorial_interfaces/share/tutorial_interfaces/local_setup.bash
[4.259s] -- Installing: /root/ros2_ws/install/tutorial_interfaces/share/tutorial_interfaces/local_setup.sh
[4.259s] -- Installing: /root/ros2_ws/install/tutorial_interfaces/share/tutorial_interfaces/local_setup.zsh
[4.259s] -- Installing: /root/ros2_ws/install/tutorial_interfaces/share/tutorial_interfaces/local_setup.dsv
[4.259s] -- Installing: /root/ros2_ws/install/tutorial_interfaces/share/tutorial_interfaces/package.dsv
[4.259s] -- Installing: /root/ros2_ws/install/tutorial_interfaces/share/ament_index/resource_index/packages/tutorial_interfaces
[4.260s] -- Installing: /root/ros2_ws/install/tutorial_interfaces/share/tutorial_interfaces/cmake/tutorial_interfaces__rosidl_generator_cExport.cmake
[4.260s] -- Installing: /root/ros2_ws/install/tutorial_interfaces/share/tutorial_interfaces/cmake/tutorial_interfaces__rosidl_generator_cExport-noconfig.cmake
[4.260s] -- Installing: /root/ros2_ws/install/tutorial_interfaces/share/tutorial_interfaces/cmake/tutorial_interfaces__rosidl_typesupport_introspection_cExport.cmake
[4.260s] -- Installing: /root/ros2_ws/install/tutorial_interfaces/share/tutorial_interfaces/cmake/tutorial_interfaces__rosidl_typesupport_introspection_cExport-noconfig.cmake
[4.260s] -- Installing: /root/ros2_ws/install/tutorial_interfaces/share/tutorial_interfaces/cmake/tutorial_interfaces__rosidl_typesupport_cExport.cmake
[4.261s] -- Installing: /root/ros2_ws/install/tutorial_interfaces/share/tutorial_interfaces/cmake/tutorial_interfaces__rosidl_typesupport_cExport-noconfig.cmake
[4.261s] -- Installing: /root/ros2_ws/install/tutorial_interfaces/share/tutorial_interfaces/cmake/tutorial_interfaces__rosidl_generator_cppExport.cmake
[4.261s] -- Installing: /root/ros2_ws/install/tutorial_interfaces/share/tutorial_interfaces/cmake/tutorial_interfaces__rosidl_typesupport_introspection_cppExport.cmake
[4.261s] -- Installing: /root/ros2_ws/install/tutorial_interfaces/share/tutorial_interfaces/cmake/tutorial_interfaces__rosidl_typesupport_introspection_cppExport-noconfig.cmake
[4.261s] -- Installing: /root/ros2_ws/install/tutorial_interfaces/share/tutorial_interfaces/cmake/tutorial_interfaces__rosidl_typesupport_cppExport.cmake
[4.262s] -- Installing: /root/ros2_ws/install/tutorial_interfaces/share/tutorial_interfaces/cmake/tutorial_interfaces__rosidl_typesupport_cppExport-noconfig.cmake
[4.262s] -- Installing: /root/ros2_ws/install/tutorial_interfaces/share/tutorial_interfaces/cmake/rosidl_cmake-extras.cmake
[4.262s] -- Installing: /root/ros2_ws/install/tutorial_interfaces/share/tutorial_interfaces/cmake/ament_cmake_export_dependencies-extras.cmake
[4.262s] -- Installing: /root/ros2_ws/install/tutorial_interfaces/share/tutorial_interfaces/cmake/ament_cmake_export_libraries-extras.cmake
[4.262s] -- Installing: /root/ros2_ws/install/tutorial_interfaces/share/tutorial_interfaces/cmake/ament_cmake_export_targets-extras.cmake
[4.262s] -- Installing: /root/ros2_ws/install/tutorial_interfaces/share/tutorial_interfaces/cmake/ament_cmake_export_include_directories-extras.cmake
[4.262s] -- Installing: /root/ros2_ws/install/tutorial_interfaces/share/tutorial_interfaces/cmake/rosidl_cmake_export_typesupport_libraries-extras.cmake
[4.263s] -- Installing: /root/ros2_ws/install/tutorial_interfaces/share/tutorial_interfaces/cmake/rosidl_cmake_export_typesupport_targets-extras.cmake
[4.263s] -- Installing: /root/ros2_ws/install/tutorial_interfaces/share/tutorial_interfaces/cmake/tutorial_interfacesConfig.cmake
[4.263s] -- Installing: /root/ros2_ws/install/tutorial_interfaces/share/tutorial_interfaces/cmake/tutorial_interfacesConfig-version.cmake
[4.263s] -- Installing: /root/ros2_ws/install/tutorial_interfaces/share/tutorial_interfaces/package.xml
[4.268s] Invoked command in '/root/ros2_ws/build/tutorial_interfaces' returned '0': CMAKE_PREFIX_PATH=${CMAKE_PREFIX_PATH}:/opt/ros/foxy /usr/bin/cmake --install /root/ros2_ws/build/tutorial_interfaces
