[0.027s] Invoking command in '/home/ros2_ws/build/tutorial_package': CMAKE_PREFIX_PATH=/opt/ros/foxy /usr/bin/cmake /home/ros2_ws/src/tutorial_package -DCMAKE_INSTALL_PREFIX=/home/ros2_ws/install/tutorial_package
[0.113s] -- The C compiler identification is GNU 9.3.0
[0.188s] -- The CXX compiler identification is GNU 9.3.0
[0.199s] -- Check for working C compiler: /usr/bin/cc
[0.304s] -- Check for working C compiler: /usr/bin/cc -- works
[0.307s] -- Detecting C compiler ABI info
[0.417s] -- Detecting C compiler ABI info - done
[0.431s] -- Detecting C compile features
[0.433s] -- Detecting C compile features - done
[0.440s] -- Check for working CXX compiler: /usr/bin/c++
[0.575s] -- Check for working CXX compiler: /usr/bin/c++ -- works
[0.576s] -- Detecting CXX compiler ABI info
[0.717s] -- Detecting CXX compiler ABI info - done
[0.732s] -- Detecting CXX compile features
[0.734s] -- Detecting CXX compile features - done
[0.741s] -- Found ament_cmake: 0.9.8 (/opt/ros/foxy/share/ament_cmake/cmake)
[0.761s] -- Found PythonInterp: /usr/bin/python3 (found suitable version "3.8.10", minimum required is "3") 
[0.761s] -- Using PYTHON_EXECUTABLE: /usr/bin/python3
[0.997s] -- Found ament_lint_auto: 0.9.6 (/opt/ros/foxy/share/ament_lint_auto/cmake)
[1.097s] -- Added test 'copyright' to check source files copyright and LICENSE
[1.100s] -- Added test 'lint_cmake' to check CMake code style
[1.103s] -- Added test 'xmllint' to check XML markup files
[1.116s] -- Configuring done
[1.127s] -- Generating done
[1.134s] -- Build files have been written to: /home/ros2_ws/build/tutorial_package
[1.141s] Invoked command in '/home/ros2_ws/build/tutorial_package' returned '0': CMAKE_PREFIX_PATH=/opt/ros/foxy /usr/bin/cmake /home/ros2_ws/src/tutorial_package -DCMAKE_INSTALL_PREFIX=/home/ros2_ws/install/tutorial_package
[1.145s] Invoking command in '/home/ros2_ws/build/tutorial_package': CMAKE_PREFIX_PATH=/opt/ros/foxy /usr/bin/cmake --build /home/ros2_ws/build/tutorial_package -- -j4 -l4
[1.194s] Invoked command in '/home/ros2_ws/build/tutorial_package' returned '0': CMAKE_PREFIX_PATH=/opt/ros/foxy /usr/bin/cmake --build /home/ros2_ws/build/tutorial_package -- -j4 -l4
[1.227s] Invoking command in '/home/ros2_ws/build/tutorial_package': CMAKE_PREFIX_PATH=/opt/ros/foxy /usr/bin/cmake --install /home/ros2_ws/build/tutorial_package
[1.241s] -- Install configuration: ""
[1.246s] -- Installing: /home/ros2_ws/install/tutorial_package/share/ament_index/resource_index/package_run_dependencies/tutorial_package
[1.250s] -- Installing: /home/ros2_ws/install/tutorial_package/share/ament_index/resource_index/parent_prefix_path/tutorial_package
[1.252s] -- Installing: /home/ros2_ws/install/tutorial_package/share/tutorial_package/environment/ament_prefix_path.sh
[1.253s] -- Installing: /home/ros2_ws/install/tutorial_package/share/tutorial_package/environment/ament_prefix_path.dsv
[1.255s] -- Installing: /home/ros2_ws/install/tutorial_package/share/tutorial_package/environment/path.sh
[1.256s] -- Installing: /home/ros2_ws/install/tutorial_package/share/tutorial_package/environment/path.dsv
[1.258s] -- Installing: /home/ros2_ws/install/tutorial_package/share/tutorial_package/local_setup.bash
[1.260s] -- Installing: /home/ros2_ws/install/tutorial_package/share/tutorial_package/local_setup.sh
[1.262s] -- Installing: /home/ros2_ws/install/tutorial_package/share/tutorial_package/local_setup.zsh
[1.262s] -- Installing: /home/ros2_ws/install/tutorial_package/share/tutorial_package/local_setup.dsv
[1.262s] -- Installing: /home/ros2_ws/install/tutorial_package/share/tutorial_package/package.dsv
[1.264s] -- Installing: /home/ros2_ws/install/tutorial_package/share/ament_index/resource_index/packages/tutorial_package
[1.265s] -- Installing: /home/ros2_ws/install/tutorial_package/share/tutorial_package/cmake/tutorial_packageConfig.cmake
[1.267s] -- Installing: /home/ros2_ws/install/tutorial_package/share/tutorial_package/cmake/tutorial_packageConfig-version.cmake
[1.267s] -- Installing: /home/ros2_ws/install/tutorial_package/share/tutorial_package/package.xml
[1.277s] Invoked command in '/home/ros2_ws/build/tutorial_package' returned '0': CMAKE_PREFIX_PATH=/opt/ros/foxy /usr/bin/cmake --install /home/ros2_ws/build/tutorial_package
