[0.032s] Invoking command in '/home/ros2_ws/build/action_tutorials_interfaces': CMAKE_PREFIX_PATH=/opt/ros/foxy /usr/bin/cmake /home/ros2_ws/src/demos/action_tutorials/action_tutorials_interfaces -DCMAKE_INSTALL_PREFIX=/home/ros2_ws/install/action_tutorials_interfaces
[0.096s] -- The C compiler identification is GNU 9.3.0
[0.176s] -- The CXX compiler identification is GNU 9.3.0
[0.179s] -- Check for working C compiler: /usr/bin/cc
[0.299s] -- Check for working C compiler: /usr/bin/cc -- works
[0.301s] -- Detecting C compiler ABI info
[0.391s] -- Detecting C compiler ABI info - done
[0.408s] -- Detecting C compile features
[0.408s] -- Detecting C compile features - done
[0.410s] -- Check for working CXX compiler: /usr/bin/c++
[0.510s] -- Check for working CXX compiler: /usr/bin/c++ -- works
[0.512s] -- Detecting CXX compiler ABI info
[0.641s] -- Detecting CXX compiler ABI info - done
[0.658s] -- Detecting CXX compile features
[0.659s] -- Detecting CXX compile features - done
[0.662s] -- Found ament_cmake: 0.9.8 (/opt/ros/foxy/share/ament_cmake/cmake)
[0.681s] -- Found PythonInterp: /usr/bin/python3 (found suitable version "3.8.10", minimum required is "3") 
[0.681s] -- Using PYTHON_EXECUTABLE: /usr/bin/python3
[0.893s] -- Found rosidl_default_generators: 1.0.1 (/opt/ros/foxy/share/rosidl_default_generators/cmake)
[0.900s] -- Using all available rosidl_typesupport_c: rosidl_typesupport_fastrtps_c;rosidl_typesupport_introspection_c
[0.906s] -- Found rosidl_adapter: 1.2.1 (/opt/ros/foxy/share/rosidl_adapter/cmake)
[0.995s] -- Found OpenSSL: /usr/lib/x86_64-linux-gnu/libcrypto.so (found version "1.1.1f")  
[1.020s] -- Found FastRTPS: /opt/ros/foxy/include  
[1.091s] -- Using all available rosidl_typesupport_cpp: rosidl_typesupport_fastrtps_cpp;rosidl_typesupport_introspection_cpp
[1.134s] -- Found PythonInterp: /usr/bin/python3 (found version "3.8.10") 
[1.347s] -- Found ament_cmake_ros: 0.9.2 (/opt/ros/foxy/share/ament_cmake_ros/cmake)
[1.488s] -- Using all available rosidl_typesupport_c: rosidl_typesupport_fastrtps_c;rosidl_typesupport_introspection_c
[1.513s] -- Using all available rosidl_typesupport_cpp: rosidl_typesupport_fastrtps_cpp;rosidl_typesupport_introspection_cpp
[1.535s] -- Found PythonInterp: /usr/bin/python3 (found suitable version "3.8.10", minimum required is "3.5") 
[1.537s] -- Found python_cmake_module: 0.8.1 (/opt/ros/foxy/share/python_cmake_module/cmake)
[1.568s] -- Found PythonLibs: /usr/lib/x86_64-linux-gnu/libpython3.8.so (found suitable version "3.8.10", minimum required is "3.5") 
[1.568s] -- Using PYTHON_EXECUTABLE: /usr/bin/python3
[1.568s] -- Using PYTHON_INCLUDE_DIRS: /usr/include/python3.8
[1.568s] -- Using PYTHON_LIBRARIES: /usr/lib/x86_64-linux-gnu/libpython3.8.so
[1.584s] -- Found PythonExtra: .so  
[1.659s] -- Found ament_lint_auto: 0.9.6 (/opt/ros/foxy/share/ament_lint_auto/cmake)
[1.697s] -- Added test 'copyright' to check source files copyright and LICENSE
[1.697s] -- Added test 'lint_cmake' to check CMake code style
[1.700s] -- Added test 'xmllint' to check XML markup files
[1.710s] -- Configuring done
[1.848s] -- Generating done
[1.856s] -- Build files have been written to: /home/ros2_ws/build/action_tutorials_interfaces
[1.867s] Invoked command in '/home/ros2_ws/build/action_tutorials_interfaces' returned '0': CMAKE_PREFIX_PATH=/opt/ros/foxy /usr/bin/cmake /home/ros2_ws/src/demos/action_tutorials/action_tutorials_interfaces -DCMAKE_INSTALL_PREFIX=/home/ros2_ws/install/action_tutorials_interfaces
[1.870s] Invoking command in '/home/ros2_ws/build/action_tutorials_interfaces': CMAKE_PREFIX_PATH=/opt/ros/foxy /usr/bin/cmake --build /home/ros2_ws/build/action_tutorials_interfaces -- -j4 -l4
[1.919s] [35m[1mScanning dependencies of target action_tutorials_interfaces__cpp[0m
[1.928s] [  3%] [34m[1mGenerating C code for ROS interfaces[0m
[1.945s] [  6%] [34m[1mGenerating C++ code for ROS interfaces[0m
[2.757s] [35m[1mScanning dependencies of target action_tutorials_interfaces__rosidl_generator_c[0m
[2.805s] [  9%] [32mBuilding C object CMakeFiles/action_tutorials_interfaces__rosidl_generator_c.dir/rosidl_generator_c/action_tutorials_interfaces/action/detail/fibonacci__functions.c.o[0m
[2.826s] [  9%] Built target action_tutorials_interfaces__cpp
[2.880s] [ 12%] [34m[1mGenerating C++ type support dispatch for ROS interfaces[0m
[2.882s] [ 16%] [34m[1mGenerating C++ introspection for ROS interfaces[0m
[2.894s] [ 19%] [34m[1mGenerating C++ type support for eProsima Fast-RTPS[0m
[3.112s] [ 22%] [32m[1mLinking C shared library libaction_tutorials_interfaces__rosidl_generator_c.so[0m
[3.310s] [ 22%] Built target action_tutorials_interfaces__rosidl_generator_c
[3.381s] [ 25%] [34m[1mGenerating C introspection for ROS interfaces[0m
[3.761s] [35m[1mScanning dependencies of target action_tutorials_interfaces__rosidl_typesupport_fastrtps_cpp[0m
[3.835s] [35m[1mScanning dependencies of target action_tutorials_interfaces__rosidl_typesupport_cpp[0m
[3.948s] [35m[1mScanning dependencies of target action_tutorials_interfaces__rosidl_typesupport_introspection_cpp[0m
[4.291s] [ 29%] [32mBuilding CXX object CMakeFiles/action_tutorials_interfaces__rosidl_typesupport_fastrtps_cpp.dir/rosidl_typesupport_fastrtps_cpp/action_tutorials_interfaces/action/detail/dds_fastrtps/fibonacci__type_support.cpp.o[0m
[4.293s] [ 32%] [32mBuilding CXX object CMakeFiles/action_tutorials_interfaces__rosidl_typesupport_cpp.dir/rosidl_typesupport_cpp/action_tutorials_interfaces/action/fibonacci__type_support.cpp.o[0m
[4.307s] [ 35%] [32mBuilding CXX object CMakeFiles/action_tutorials_interfaces__rosidl_typesupport_introspection_cpp.dir/rosidl_typesupport_introspection_cpp/action_tutorials_interfaces/action/detail/fibonacci__type_support.cpp.o[0m
[4.650s] [35m[1mScanning dependencies of target action_tutorials_interfaces__rosidl_typesupport_introspection_c[0m
[4.729s] [ 38%] [32mBuilding C object CMakeFiles/action_tutorials_interfaces__rosidl_typesupport_introspection_c.dir/rosidl_typesupport_introspection_c/action_tutorials_interfaces/action/detail/fibonacci__type_support.c.o[0m
[4.915s] [ 41%] [32m[1mLinking C shared library libaction_tutorials_interfaces__rosidl_typesupport_introspection_c.so[0m
[5.068s] [ 41%] Built target action_tutorials_interfaces__rosidl_typesupport_introspection_c
[5.105s] [ 45%] [32m[1mLinking CXX shared library libaction_tutorials_interfaces__rosidl_typesupport_cpp.so[0m
[5.117s] [ 48%] [34m[1mGenerating C type support dispatch for ROS interfaces[0m
[5.285s] [ 48%] Built target action_tutorials_interfaces__rosidl_typesupport_cpp
[5.677s] [ 51%] [32m[1mLinking CXX shared library libaction_tutorials_interfaces__rosidl_typesupport_introspection_cpp.so[0m
[5.901s] [35m[1mScanning dependencies of target action_tutorials_interfaces__rosidl_typesupport_c[0m
[5.934s] [ 51%] Built target action_tutorials_interfaces__rosidl_typesupport_introspection_cpp
[5.960s] [ 54%] [32mBuilding CXX object CMakeFiles/action_tutorials_interfaces__rosidl_typesupport_c.dir/rosidl_typesupport_c/action_tutorials_interfaces/action/fibonacci__type_support.cpp.o[0m
[6.006s] [ 58%] [32m[1mLinking CXX shared library libaction_tutorials_interfaces__rosidl_typesupport_fastrtps_cpp.so[0m
[6.126s] [ 61%] [32m[1mLinking CXX shared library libaction_tutorials_interfaces__rosidl_typesupport_c.so[0m
[6.221s] [ 61%] Built target action_tutorials_interfaces__rosidl_typesupport_c
[6.242s] [ 61%] Built target action_tutorials_interfaces__rosidl_typesupport_fastrtps_cpp
[6.279s] [ 64%] [34m[1mGenerating C type support for eProsima Fast-RTPS[0m
[6.954s] [35m[1mScanning dependencies of target action_tutorials_interfaces__rosidl_typesupport_fastrtps_c[0m
[7.030s] [ 67%] [32mBuilding CXX object CMakeFiles/action_tutorials_interfaces__rosidl_typesupport_fastrtps_c.dir/rosidl_typesupport_fastrtps_c/action_tutorials_interfaces/action/detail/fibonacci__type_support_c.cpp.o[0m
[7.659s] [ 70%] [32m[1mLinking CXX shared library libaction_tutorials_interfaces__rosidl_typesupport_fastrtps_c.so[0m
[7.795s] [ 70%] Built target action_tutorials_interfaces__rosidl_typesupport_fastrtps_c
[7.816s] [35m[1mScanning dependencies of target action_tutorials_interfaces[0m
[7.831s] [ 70%] Built target action_tutorials_interfaces
[7.848s] [35m[1mScanning dependencies of target action_tutorials_interfaces__py[0m
[7.876s] [ 74%] [34m[1mGenerating Python code for ROS interfaces[0m
[9.091s] [ 74%] Built target action_tutorials_interfaces__py
[9.106s] [35m[1mScanning dependencies of target action_tutorials_interfaces__python[0m
[9.127s] [ 77%] [32mBuilding C object CMakeFiles/action_tutorials_interfaces__python.dir/rosidl_generator_py/action_tutorials_interfaces/action/_fibonacci_s.c.o[0m
[9.305s] [ 80%] [32m[1mLinking C shared library rosidl_generator_py/action_tutorials_interfaces/libaction_tutorials_interfaces__python.so[0m
[9.368s] [ 80%] Built target action_tutorials_interfaces__python
[9.379s] [35m[1mScanning dependencies of target action_tutorials_interfaces__rosidl_typesupport_fastrtps_c__pyext[0m
[9.380s] [35m[1mScanning dependencies of target action_tutorials_interfaces__rosidl_typesupport_c__pyext[0m
[9.401s] [35m[1mScanning dependencies of target action_tutorials_interfaces__rosidl_typesupport_introspection_c__pyext[0m
[9.412s] [ 83%] [32mBuilding C object CMakeFiles/action_tutorials_interfaces__rosidl_typesupport_c__pyext.dir/rosidl_generator_py/action_tutorials_interfaces/_action_tutorials_interfaces_s.ep.rosidl_typesupport_c.c.o[0m
[9.420s] [ 87%] [32mBuilding C object CMakeFiles/action_tutorials_interfaces__rosidl_typesupport_fastrtps_c__pyext.dir/rosidl_generator_py/action_tutorials_interfaces/_action_tutorials_interfaces_s.ep.rosidl_typesupport_fastrtps_c.c.o[0m
[9.443s] [ 90%] [32mBuilding C object CMakeFiles/action_tutorials_interfaces__rosidl_typesupport_introspection_c__pyext.dir/rosidl_generator_py/action_tutorials_interfaces/_action_tutorials_interfaces_s.ep.rosidl_typesupport_introspection_c.c.o[0m
[9.542s] [ 93%] [32m[1mLinking C shared library rosidl_generator_py/action_tutorials_interfaces/action_tutorials_interfaces_s__rosidl_typesupport_introspection_c.cpython-38-x86_64-linux-gnu.so[0m
[9.575s] [ 96%] [32m[1mLinking C shared library rosidl_generator_py/action_tutorials_interfaces/action_tutorials_interfaces_s__rosidl_typesupport_c.cpython-38-x86_64-linux-gnu.so[0m
[9.578s] [100%] [32m[1mLinking CXX shared library rosidl_generator_py/action_tutorials_interfaces/action_tutorials_interfaces_s__rosidl_typesupport_fastrtps_c.cpython-38-x86_64-linux-gnu.so[0m
[9.656s] [100%] Built target action_tutorials_interfaces__rosidl_typesupport_introspection_c__pyext
[9.656s] [100%] Built target action_tutorials_interfaces__rosidl_typesupport_c__pyext
[9.665s] [100%] Built target action_tutorials_interfaces__rosidl_typesupport_fastrtps_c__pyext
[9.677s] Invoked command in '/home/ros2_ws/build/action_tutorials_interfaces' returned '0': CMAKE_PREFIX_PATH=/opt/ros/foxy /usr/bin/cmake --build /home/ros2_ws/build/action_tutorials_interfaces -- -j4 -l4
[9.751s] Invoking command in '/home/ros2_ws/build/action_tutorials_interfaces': CMAKE_PREFIX_PATH=/opt/ros/foxy /usr/bin/cmake --install /home/ros2_ws/build/action_tutorials_interfaces
[9.772s] -- Install configuration: ""
[9.772s] -- Installing: /home/ros2_ws/install/action_tutorials_interfaces/share/ament_index/resource_index/rosidl_interfaces/action_tutorials_interfaces
[9.772s] -- Installing: /home/ros2_ws/install/action_tutorials_interfaces/include/action_tutorials_interfaces
[9.773s] -- Installing: /home/ros2_ws/install/action_tutorials_interfaces/include/action_tutorials_interfaces/action
[9.773s] -- Installing: /home/ros2_ws/install/action_tutorials_interfaces/include/action_tutorials_interfaces/action/fibonacci.h
[9.773s] -- Installing: /home/ros2_ws/install/action_tutorials_interfaces/include/action_tutorials_interfaces/action/detail
[9.773s] -- Installing: /home/ros2_ws/install/action_tutorials_interfaces/include/action_tutorials_interfaces/action/detail/fibonacci__struct.h
[9.773s] -- Installing: /home/ros2_ws/install/action_tutorials_interfaces/include/action_tutorials_interfaces/action/detail/fibonacci__functions.c
[9.773s] -- Installing: /home/ros2_ws/install/action_tutorials_interfaces/include/action_tutorials_interfaces/action/detail/fibonacci__type_support.h
[9.773s] -- Installing: /home/ros2_ws/install/action_tutorials_interfaces/include/action_tutorials_interfaces/action/detail/fibonacci__functions.h
[9.773s] -- Installing: /home/ros2_ws/install/action_tutorials_interfaces/include/action_tutorials_interfaces/msg
[9.773s] -- Installing: /home/ros2_ws/install/action_tutorials_interfaces/include/action_tutorials_interfaces/msg/rosidl_generator_c__visibility_control.h
[9.773s] -- Installing: /home/ros2_ws/install/action_tutorials_interfaces/share/action_tutorials_interfaces/environment/library_path.sh
[9.773s] -- Installing: /home/ros2_ws/install/action_tutorials_interfaces/share/action_tutorials_interfaces/environment/library_path.dsv
[9.774s] -- Installing: /home/ros2_ws/install/action_tutorials_interfaces/lib/libaction_tutorials_interfaces__rosidl_generator_c.so
[9.774s] -- Set runtime path of "/home/ros2_ws/install/action_tutorials_interfaces/lib/libaction_tutorials_interfaces__rosidl_generator_c.so" to ""
[9.774s] -- Up-to-date: /home/ros2_ws/install/action_tutorials_interfaces/include/action_tutorials_interfaces
[9.774s] -- Up-to-date: /home/ros2_ws/install/action_tutorials_interfaces/include/action_tutorials_interfaces/action
[9.774s] -- Up-to-date: /home/ros2_ws/install/action_tutorials_interfaces/include/action_tutorials_interfaces/action/detail
[9.774s] -- Installing: /home/ros2_ws/install/action_tutorials_interfaces/include/action_tutorials_interfaces/action/detail/fibonacci__rosidl_typesupport_fastrtps_c.h
[9.775s] -- Up-to-date: /home/ros2_ws/install/action_tutorials_interfaces/include/action_tutorials_interfaces/msg
[9.775s] -- Installing: /home/ros2_ws/install/action_tutorials_interfaces/include/action_tutorials_interfaces/msg/rosidl_typesupport_fastrtps_c__visibility_control.h
[9.775s] -- Installing: /home/ros2_ws/install/action_tutorials_interfaces/lib/libaction_tutorials_interfaces__rosidl_typesupport_fastrtps_c.so
[9.775s] -- Set runtime path of "/home/ros2_ws/install/action_tutorials_interfaces/lib/libaction_tutorials_interfaces__rosidl_typesupport_fastrtps_c.so" to ""
[9.775s] -- Up-to-date: /home/ros2_ws/install/action_tutorials_interfaces/include/action_tutorials_interfaces
[9.775s] -- Up-to-date: /home/ros2_ws/install/action_tutorials_interfaces/include/action_tutorials_interfaces/action
[9.775s] -- Up-to-date: /home/ros2_ws/install/action_tutorials_interfaces/include/action_tutorials_interfaces/action/detail
[9.775s] -- Installing: /home/ros2_ws/install/action_tutorials_interfaces/include/action_tutorials_interfaces/action/detail/dds_fastrtps
[9.775s] -- Installing: /home/ros2_ws/install/action_tutorials_interfaces/include/action_tutorials_interfaces/action/detail/fibonacci__rosidl_typesupport_fastrtps_cpp.hpp
[9.775s] -- Up-to-date: /home/ros2_ws/install/action_tutorials_interfaces/include/action_tutorials_interfaces/msg
[9.775s] -- Installing: /home/ros2_ws/install/action_tutorials_interfaces/include/action_tutorials_interfaces/msg/rosidl_typesupport_fastrtps_cpp__visibility_control.h
[9.775s] -- Installing: /home/ros2_ws/install/action_tutorials_interfaces/lib/libaction_tutorials_interfaces__rosidl_typesupport_fastrtps_cpp.so
[9.776s] -- Set runtime path of "/home/ros2_ws/install/action_tutorials_interfaces/lib/libaction_tutorials_interfaces__rosidl_typesupport_fastrtps_cpp.so" to ""
[9.776s] -- Up-to-date: /home/ros2_ws/install/action_tutorials_interfaces/include/action_tutorials_interfaces
[9.776s] -- Up-to-date: /home/ros2_ws/install/action_tutorials_interfaces/include/action_tutorials_interfaces/action
[9.776s] -- Up-to-date: /home/ros2_ws/install/action_tutorials_interfaces/include/action_tutorials_interfaces/action/detail
[9.776s] -- Installing: /home/ros2_ws/install/action_tutorials_interfaces/include/action_tutorials_interfaces/action/detail/fibonacci__type_support.c
[9.776s] -- Installing: /home/ros2_ws/install/action_tutorials_interfaces/include/action_tutorials_interfaces/action/detail/fibonacci__rosidl_typesupport_introspection_c.h
[9.777s] -- Up-to-date: /home/ros2_ws/install/action_tutorials_interfaces/include/action_tutorials_interfaces/msg
[9.777s] -- Installing: /home/ros2_ws/install/action_tutorials_interfaces/include/action_tutorials_interfaces/msg/rosidl_typesupport_introspection_c__visibility_control.h
[9.777s] -- Installing: /home/ros2_ws/install/action_tutorials_interfaces/lib/libaction_tutorials_interfaces__rosidl_typesupport_introspection_c.so
[9.777s] -- Set runtime path of "/home/ros2_ws/install/action_tutorials_interfaces/lib/libaction_tutorials_interfaces__rosidl_typesupport_introspection_c.so" to ""
[9.777s] -- Installing: /home/ros2_ws/install/action_tutorials_interfaces/lib/libaction_tutorials_interfaces__rosidl_typesupport_c.so
[9.778s] -- Set runtime path of "/home/ros2_ws/install/action_tutorials_interfaces/lib/libaction_tutorials_interfaces__rosidl_typesupport_c.so" to ""
[9.778s] -- Up-to-date: /home/ros2_ws/install/action_tutorials_interfaces/include/action_tutorials_interfaces
[9.778s] -- Up-to-date: /home/ros2_ws/install/action_tutorials_interfaces/include/action_tutorials_interfaces/action
[9.778s] -- Up-to-date: /home/ros2_ws/install/action_tutorials_interfaces/include/action_tutorials_interfaces/action/detail
[9.779s] -- Installing: /home/ros2_ws/install/action_tutorials_interfaces/include/action_tutorials_interfaces/action/detail/fibonacci__struct.hpp
[9.779s] -- Installing: /home/ros2_ws/install/action_tutorials_interfaces/include/action_tutorials_interfaces/action/detail/fibonacci__builder.hpp
[9.779s] -- Installing: /home/ros2_ws/install/action_tutorials_interfaces/include/action_tutorials_interfaces/action/detail/fibonacci__traits.hpp
[9.779s] -- Installing: /home/ros2_ws/install/action_tutorials_interfaces/include/action_tutorials_interfaces/action/fibonacci.hpp
[9.779s] -- Up-to-date: /home/ros2_ws/install/action_tutorials_interfaces/include/action_tutorials_interfaces
[9.779s] -- Up-to-date: /home/ros2_ws/install/action_tutorials_interfaces/include/action_tutorials_interfaces/action
[9.779s] -- Up-to-date: /home/ros2_ws/install/action_tutorials_interfaces/include/action_tutorials_interfaces/action/detail
[9.780s] -- Installing: /home/ros2_ws/install/action_tutorials_interfaces/include/action_tutorials_interfaces/action/detail/fibonacci__type_support.cpp
[9.780s] -- Installing: /home/ros2_ws/install/action_tutorials_interfaces/include/action_tutorials_interfaces/action/detail/fibonacci__rosidl_typesupport_introspection_cpp.hpp
[9.780s] -- Installing: /home/ros2_ws/install/action_tutorials_interfaces/lib/libaction_tutorials_interfaces__rosidl_typesupport_introspection_cpp.so
[9.780s] -- Set runtime path of "/home/ros2_ws/install/action_tutorials_interfaces/lib/libaction_tutorials_interfaces__rosidl_typesupport_introspection_cpp.so" to ""
[9.780s] -- Installing: /home/ros2_ws/install/action_tutorials_interfaces/lib/libaction_tutorials_interfaces__rosidl_typesupport_cpp.so
[9.780s] -- Set runtime path of "/home/ros2_ws/install/action_tutorials_interfaces/lib/libaction_tutorials_interfaces__rosidl_typesupport_cpp.so" to ""
[9.782s] -- Installing: /home/ros2_ws/install/action_tutorials_interfaces/share/action_tutorials_interfaces/environment/pythonpath.sh
[9.782s] -- Installing: /home/ros2_ws/install/action_tutorials_interfaces/share/action_tutorials_interfaces/environment/pythonpath.dsv
[9.782s] -- Installing: /home/ros2_ws/install/action_tutorials_interfaces/lib/python3.8/site-packages/action_tutorials_interfaces/__init__.py
[9.798s] Compiling '/home/ros2_ws/install/action_tutorials_interfaces/lib/python3.8/site-packages/action_tutorials_interfaces/__init__.py'...
[9.807s] -- Installing: /home/ros2_ws/install/action_tutorials_interfaces/lib/python3.8/site-packages/action_tutorials_interfaces/action
[9.808s] -- Installing: /home/ros2_ws/install/action_tutorials_interfaces/lib/python3.8/site-packages/action_tutorials_interfaces/action/_fibonacci_s.c
[9.808s] -- Installing: /home/ros2_ws/install/action_tutorials_interfaces/lib/python3.8/site-packages/action_tutorials_interfaces/action/__init__.py
[9.808s] -- Installing: /home/ros2_ws/install/action_tutorials_interfaces/lib/python3.8/site-packages/action_tutorials_interfaces/action/_fibonacci.py
[9.808s] -- Installing: /home/ros2_ws/install/action_tutorials_interfaces/lib/python3.8/site-packages/action_tutorials_interfaces/action_tutorials_interfaces_s__rosidl_typesupport_fastrtps_c.cpython-38-x86_64-linux-gnu.so
[9.811s] -- Set runtime path of "/home/ros2_ws/install/action_tutorials_interfaces/lib/python3.8/site-packages/action_tutorials_interfaces/action_tutorials_interfaces_s__rosidl_typesupport_fastrtps_c.cpython-38-x86_64-linux-gnu.so" to ""
[9.811s] -- Installing: /home/ros2_ws/install/action_tutorials_interfaces/lib/python3.8/site-packages/action_tutorials_interfaces/action_tutorials_interfaces_s__rosidl_typesupport_introspection_c.cpython-38-x86_64-linux-gnu.so
[9.812s] -- Set runtime path of "/home/ros2_ws/install/action_tutorials_interfaces/lib/python3.8/site-packages/action_tutorials_interfaces/action_tutorials_interfaces_s__rosidl_typesupport_introspection_c.cpython-38-x86_64-linux-gnu.so" to ""
[9.812s] -- Installing: /home/ros2_ws/install/action_tutorials_interfaces/lib/python3.8/site-packages/action_tutorials_interfaces/action_tutorials_interfaces_s__rosidl_typesupport_c.cpython-38-x86_64-linux-gnu.so
[9.812s] -- Set runtime path of "/home/ros2_ws/install/action_tutorials_interfaces/lib/python3.8/site-packages/action_tutorials_interfaces/action_tutorials_interfaces_s__rosidl_typesupport_c.cpython-38-x86_64-linux-gnu.so" to ""
[9.812s] -- Installing: /home/ros2_ws/install/action_tutorials_interfaces/lib/libaction_tutorials_interfaces__python.so
[9.813s] -- Set runtime path of "/home/ros2_ws/install/action_tutorials_interfaces/lib/libaction_tutorials_interfaces__python.so" to ""
[9.813s] -- Installing: /home/ros2_ws/install/action_tutorials_interfaces/share/action_tutorials_interfaces/action/Fibonacci.idl
[9.813s] -- Installing: /home/ros2_ws/install/action_tutorials_interfaces/share/action_tutorials_interfaces/action/Fibonacci.action
[9.814s] -- Installing: /home/ros2_ws/install/action_tutorials_interfaces/share/ament_index/resource_index/package_run_dependencies/action_tutorials_interfaces
[9.814s] -- Installing: /home/ros2_ws/install/action_tutorials_interfaces/share/ament_index/resource_index/parent_prefix_path/action_tutorials_interfaces
[9.814s] -- Installing: /home/ros2_ws/install/action_tutorials_interfaces/share/action_tutorials_interfaces/environment/ament_prefix_path.sh
[9.814s] -- Installing: /home/ros2_ws/install/action_tutorials_interfaces/share/action_tutorials_interfaces/environment/ament_prefix_path.dsv
[9.814s] -- Installing: /home/ros2_ws/install/action_tutorials_interfaces/share/action_tutorials_interfaces/environment/path.sh
[9.815s] -- Installing: /home/ros2_ws/install/action_tutorials_interfaces/share/action_tutorials_interfaces/environment/path.dsv
[9.815s] -- Installing: /home/ros2_ws/install/action_tutorials_interfaces/share/action_tutorials_interfaces/local_setup.bash
[9.815s] -- Installing: /home/ros2_ws/install/action_tutorials_interfaces/share/action_tutorials_interfaces/local_setup.sh
[9.816s] -- Installing: /home/ros2_ws/install/action_tutorials_interfaces/share/action_tutorials_interfaces/local_setup.zsh
[9.816s] -- Installing: /home/ros2_ws/install/action_tutorials_interfaces/share/action_tutorials_interfaces/local_setup.dsv
[9.816s] -- Installing: /home/ros2_ws/install/action_tutorials_interfaces/share/action_tutorials_interfaces/package.dsv
[9.817s] -- Installing: /home/ros2_ws/install/action_tutorials_interfaces/share/ament_index/resource_index/packages/action_tutorials_interfaces
[9.817s] -- Installing: /home/ros2_ws/install/action_tutorials_interfaces/share/action_tutorials_interfaces/cmake/action_tutorials_interfaces__rosidl_generator_cExport.cmake
[9.817s] -- Installing: /home/ros2_ws/install/action_tutorials_interfaces/share/action_tutorials_interfaces/cmake/action_tutorials_interfaces__rosidl_generator_cExport-noconfig.cmake
[9.817s] -- Installing: /home/ros2_ws/install/action_tutorials_interfaces/share/action_tutorials_interfaces/cmake/action_tutorials_interfaces__rosidl_typesupport_introspection_cExport.cmake
[9.817s] -- Installing: /home/ros2_ws/install/action_tutorials_interfaces/share/action_tutorials_interfaces/cmake/action_tutorials_interfaces__rosidl_typesupport_introspection_cExport-noconfig.cmake
[9.817s] -- Installing: /home/ros2_ws/install/action_tutorials_interfaces/share/action_tutorials_interfaces/cmake/action_tutorials_interfaces__rosidl_typesupport_cExport.cmake
[9.818s] -- Installing: /home/ros2_ws/install/action_tutorials_interfaces/share/action_tutorials_interfaces/cmake/action_tutorials_interfaces__rosidl_typesupport_cExport-noconfig.cmake
[9.818s] -- Installing: /home/ros2_ws/install/action_tutorials_interfaces/share/action_tutorials_interfaces/cmake/action_tutorials_interfaces__rosidl_generator_cppExport.cmake
[9.819s] -- Installing: /home/ros2_ws/install/action_tutorials_interfaces/share/action_tutorials_interfaces/cmake/action_tutorials_interfaces__rosidl_typesupport_introspection_cppExport.cmake
[9.820s] -- Installing: /home/ros2_ws/install/action_tutorials_interfaces/share/action_tutorials_interfaces/cmake/action_tutorials_interfaces__rosidl_typesupport_introspection_cppExport-noconfig.cmake
[9.820s] -- Installing: /home/ros2_ws/install/action_tutorials_interfaces/share/action_tutorials_interfaces/cmake/action_tutorials_interfaces__rosidl_typesupport_cppExport.cmake
[9.820s] -- Installing: /home/ros2_ws/install/action_tutorials_interfaces/share/action_tutorials_interfaces/cmake/action_tutorials_interfaces__rosidl_typesupport_cppExport-noconfig.cmake
[9.820s] -- Installing: /home/ros2_ws/install/action_tutorials_interfaces/share/action_tutorials_interfaces/cmake/rosidl_cmake-extras.cmake
[9.821s] -- Installing: /home/ros2_ws/install/action_tutorials_interfaces/share/action_tutorials_interfaces/cmake/ament_cmake_export_dependencies-extras.cmake
[9.859s] -- Installing: /home/ros2_ws/install/action_tutorials_interfaces/share/action_tutorials_interfaces/cmake/ament_cmake_export_libraries-extras.cmake
[9.859s] -- Installing: /home/ros2_ws/install/action_tutorials_interfaces/share/action_tutorials_interfaces/cmake/ament_cmake_export_targets-extras.cmake
[9.859s] -- Installing: /home/ros2_ws/install/action_tutorials_interfaces/share/action_tutorials_interfaces/cmake/ament_cmake_export_include_directories-extras.cmake
[9.859s] -- Installing: /home/ros2_ws/install/action_tutorials_interfaces/share/action_tutorials_interfaces/cmake/rosidl_cmake_export_typesupport_libraries-extras.cmake
[9.859s] -- Installing: /home/ros2_ws/install/action_tutorials_interfaces/share/action_tutorials_interfaces/cmake/rosidl_cmake_export_typesupport_targets-extras.cmake
[9.859s] -- Installing: /home/ros2_ws/install/action_tutorials_interfaces/share/action_tutorials_interfaces/cmake/action_tutorials_interfacesConfig.cmake
[9.859s] -- Installing: /home/ros2_ws/install/action_tutorials_interfaces/share/action_tutorials_interfaces/cmake/action_tutorials_interfacesConfig-version.cmake
[9.859s] -- Installing: /home/ros2_ws/install/action_tutorials_interfaces/share/action_tutorials_interfaces/package.xml
[9.859s] Invoked command in '/home/ros2_ws/build/action_tutorials_interfaces' returned '0': CMAKE_PREFIX_PATH=/opt/ros/foxy /usr/bin/cmake --install /home/ros2_ws/build/action_tutorials_interfaces
