[0.031s] Invoking command in '/home/ros2_ws/build/dummy_map_server': CMAKE_PREFIX_PATH=/opt/ros/foxy /usr/bin/cmake /home/ros2_ws/src/demos/dummy_robot/dummy_map_server -DCMAKE_INSTALL_PREFIX=/home/ros2_ws/install/dummy_map_server
[0.096s] -- The C compiler identification is GNU 9.3.0
[0.161s] -- The CXX compiler identification is GNU 9.3.0
[0.166s] -- Check for working C compiler: /usr/bin/cc
[0.256s] -- Check for working C compiler: /usr/bin/cc -- works
[0.257s] -- Detecting C compiler ABI info
[0.335s] -- Detecting C compiler ABI info - done
[0.348s] -- Detecting C compile features
[0.349s] -- Detecting C compile features - done
[0.351s] -- Check for working CXX compiler: /usr/bin/c++
[0.453s] -- Check for working CXX compiler: /usr/bin/c++ -- works
[0.454s] -- Detecting CXX compiler ABI info
[0.566s] -- Detecting CXX compiler ABI info - done
[0.581s] -- Detecting CXX compile features
[0.582s] -- Detecting CXX compile features - done
[0.586s] -- Found ament_cmake: 0.9.8 (/opt/ros/foxy/share/ament_cmake/cmake)
[0.609s] -- Found PythonInterp: /usr/bin/python3 (found suitable version "3.8.10", minimum required is "3") 
[0.609s] -- Using PYTHON_EXECUTABLE: /usr/bin/python3
[0.794s] -- Found nav_msgs: 2.0.4 (/opt/ros/foxy/share/nav_msgs/cmake)
[0.824s] -- Using all available rosidl_typesupport_c: rosidl_typesupport_fastrtps_c;rosidl_typesupport_introspection_c
[0.832s] -- Found rosidl_adapter: 1.2.1 (/opt/ros/foxy/share/rosidl_adapter/cmake)
[0.916s] -- Found OpenSSL: /usr/lib/x86_64-linux-gnu/libcrypto.so (found version "1.1.1f")  
[0.940s] -- Found FastRTPS: /opt/ros/foxy/include  
[1.017s] -- Using all available rosidl_typesupport_cpp: rosidl_typesupport_fastrtps_cpp;rosidl_typesupport_introspection_cpp
[1.201s] -- Found rclcpp: 2.3.1 (/opt/ros/foxy/share/rclcpp/cmake)
[1.245s] -- Found rmw_implementation_cmake: 1.0.3 (/opt/ros/foxy/share/rmw_implementation_cmake/cmake)
[1.247s] -- Using RMW implementation 'rmw_fastrtps_cpp' as default
[1.248s] -- Looking for pthread.h
[1.376s] -- Looking for pthread.h - found
[1.377s] -- Performing Test CMAKE_HAVE_LIBC_PTHREAD
[1.460s] -- Performing Test CMAKE_HAVE_LIBC_PTHREAD - Failed
[1.461s] -- Looking for pthread_create in pthreads
[1.540s] -- Looking for pthread_create in pthreads - not found
[1.540s] -- Looking for pthread_create in pthread
[1.778s] -- Looking for pthread_create in pthread - found
[1.783s] -- Found Threads: TRUE  
[2.011s] -- Found ament_lint_auto: 0.9.6 (/opt/ros/foxy/share/ament_lint_auto/cmake)
[2.086s] -- Added test 'copyright' to check source files copyright and LICENSE
[2.087s] -- Added test 'cppcheck' to perform static code analysis on C / C++ code
[2.087s] -- Configured cppcheck include dirs: 
[2.089s] -- Configured cppcheck exclude dirs and/or files: 
[2.089s] -- Added test 'cpplint' to check C / C++ code against the Google style
[2.089s] -- Configured cpplint exclude dirs and/or files: 
[2.090s] -- Added test 'lint_cmake' to check CMake code style
[2.091s] -- Added test 'uncrustify' to check C / C++ code style
[2.091s] -- Configured uncrustify additional arguments: 
[2.091s] -- Added test 'xmllint' to check XML markup files
[2.095s] -- Configuring done
[2.110s] -- Generating done
[2.116s] -- Build files have been written to: /home/ros2_ws/build/dummy_map_server
[2.125s] Invoked command in '/home/ros2_ws/build/dummy_map_server' returned '0': CMAKE_PREFIX_PATH=/opt/ros/foxy /usr/bin/cmake /home/ros2_ws/src/demos/dummy_robot/dummy_map_server -DCMAKE_INSTALL_PREFIX=/home/ros2_ws/install/dummy_map_server
[2.126s] Invoking command in '/home/ros2_ws/build/dummy_map_server': CMAKE_PREFIX_PATH=/opt/ros/foxy /usr/bin/cmake --build /home/ros2_ws/build/dummy_map_server -- -j4 -l4
[2.221s] [35m[1mScanning dependencies of target dummy_map_server[0m
[2.324s] [ 50%] [32mBuilding CXX object CMakeFiles/dummy_map_server.dir/src/dummy_map_server.cpp.o[0m
[8.208s] [100%] [32m[1mLinking CXX executable dummy_map_server[0m
[8.499s] [100%] Built target dummy_map_server
[8.521s] Invoked command in '/home/ros2_ws/build/dummy_map_server' returned '0': CMAKE_PREFIX_PATH=/opt/ros/foxy /usr/bin/cmake --build /home/ros2_ws/build/dummy_map_server -- -j4 -l4
[8.598s] Invoking command in '/home/ros2_ws/build/dummy_map_server': CMAKE_PREFIX_PATH=/opt/ros/foxy /usr/bin/cmake --install /home/ros2_ws/build/dummy_map_server
[8.618s] -- Install configuration: ""
[8.618s] -- Installing: /home/ros2_ws/install/dummy_map_server/lib/dummy_map_server/dummy_map_server
[8.619s] -- Set runtime path of "/home/ros2_ws/install/dummy_map_server/lib/dummy_map_server/dummy_map_server" to ""
[8.628s] -- Installing: /home/ros2_ws/install/dummy_map_server/share/ament_index/resource_index/package_run_dependencies/dummy_map_server
[8.628s] -- Installing: /home/ros2_ws/install/dummy_map_server/share/ament_index/resource_index/parent_prefix_path/dummy_map_server
[8.630s] -- Installing: /home/ros2_ws/install/dummy_map_server/share/dummy_map_server/environment/ament_prefix_path.sh
[8.630s] -- Installing: /home/ros2_ws/install/dummy_map_server/share/dummy_map_server/environment/ament_prefix_path.dsv
[8.630s] -- Installing: /home/ros2_ws/install/dummy_map_server/share/dummy_map_server/environment/path.sh
[8.630s] -- Installing: /home/ros2_ws/install/dummy_map_server/share/dummy_map_server/environment/path.dsv
[8.630s] -- Installing: /home/ros2_ws/install/dummy_map_server/share/dummy_map_server/local_setup.bash
[8.630s] -- Installing: /home/ros2_ws/install/dummy_map_server/share/dummy_map_server/local_setup.sh
[8.631s] -- Installing: /home/ros2_ws/install/dummy_map_server/share/dummy_map_server/local_setup.zsh
[8.631s] -- Installing: /home/ros2_ws/install/dummy_map_server/share/dummy_map_server/local_setup.dsv
[8.631s] -- Installing: /home/ros2_ws/install/dummy_map_server/share/dummy_map_server/package.dsv
[8.631s] -- Installing: /home/ros2_ws/install/dummy_map_server/share/ament_index/resource_index/packages/dummy_map_server
[8.631s] -- Installing: /home/ros2_ws/install/dummy_map_server/share/dummy_map_server/cmake/dummy_map_serverConfig.cmake
[8.631s] -- Installing: /home/ros2_ws/install/dummy_map_server/share/dummy_map_server/cmake/dummy_map_serverConfig-version.cmake
[8.631s] -- Installing: /home/ros2_ws/install/dummy_map_server/share/dummy_map_server/package.xml
[8.645s] Invoked command in '/home/ros2_ws/build/dummy_map_server' returned '0': CMAKE_PREFIX_PATH=/opt/ros/foxy /usr/bin/cmake --install /home/ros2_ws/build/dummy_map_server
