[0.027s] Invoking command in '/home/ros2_ws/build/lifecycle': CMAKE_PREFIX_PATH=/opt/ros/foxy /usr/bin/cmake /home/ros2_ws/src/demos/lifecycle -DCMAKE_INSTALL_PREFIX=/home/ros2_ws/install/lifecycle
[0.107s] -- The C compiler identification is GNU 9.3.0
[0.185s] -- The CXX compiler identification is GNU 9.3.0
[0.195s] -- Check for working C compiler: /usr/bin/cc
[0.311s] -- Check for working C compiler: /usr/bin/cc -- works
[0.314s] -- Detecting C compiler ABI info
[0.437s] -- Detecting C compiler ABI info - done
[0.453s] -- Detecting C compile features
[0.455s] -- Detecting C compile features - done
[0.464s] -- Check for working CXX compiler: /usr/bin/c++
[0.650s] -- Check for working CXX compiler: /usr/bin/c++ -- works
[0.652s] -- Detecting CXX compiler ABI info
[0.782s] -- Detecting CXX compiler ABI info - done
[0.802s] -- Detecting CXX compile features
[0.804s] -- Detecting CXX compile features - done
[0.804s] -- Found ament_cmake: 0.9.8 (/opt/ros/foxy/share/ament_cmake/cmake)
[0.823s] -- Found PythonInterp: /usr/bin/python3 (found suitable version "3.8.10", minimum required is "3") 
[0.823s] -- Using PYTHON_EXECUTABLE: /usr/bin/python3
[0.994s] -- Found rclcpp_lifecycle: 2.3.1 (/opt/ros/foxy/share/rclcpp_lifecycle/cmake)
[1.040s] -- Using all available rosidl_typesupport_c: rosidl_typesupport_fastrtps_c;rosidl_typesupport_introspection_c
[1.047s] -- Found rosidl_adapter: 1.2.1 (/opt/ros/foxy/share/rosidl_adapter/cmake)
[1.118s] -- Found OpenSSL: /usr/lib/x86_64-linux-gnu/libcrypto.so (found version "1.1.1f")  
[1.142s] -- Found FastRTPS: /opt/ros/foxy/include  
[1.218s] -- Using all available rosidl_typesupport_cpp: rosidl_typesupport_fastrtps_cpp;rosidl_typesupport_introspection_cpp
[1.280s] -- Found rmw_implementation_cmake: 1.0.3 (/opt/ros/foxy/share/rmw_implementation_cmake/cmake)
[1.282s] -- Using RMW implementation 'rmw_fastrtps_cpp' as default
[1.284s] -- Looking for pthread.h
[1.379s] -- Looking for pthread.h - found
[1.382s] -- Performing Test CMAKE_HAVE_LIBC_PTHREAD
[1.492s] -- Performing Test CMAKE_HAVE_LIBC_PTHREAD - Failed
[1.492s] -- Looking for pthread_create in pthreads
[1.567s] -- Looking for pthread_create in pthreads - not found
[1.567s] -- Looking for pthread_create in pthread
[1.641s] -- Looking for pthread_create in pthread - found
[1.643s] -- Found Threads: TRUE  
[1.852s] -- Found ament_lint_auto: 0.9.6 (/opt/ros/foxy/share/ament_lint_auto/cmake)
[1.935s] -- Found launch_testing_ament_cmake: 0.10.5 (/opt/ros/foxy/share/launch_testing_ament_cmake/cmake)
[1.937s] -- Found python_cmake_module: 0.8.1 (/opt/ros/foxy/share/python_cmake_module/cmake)
[1.953s] -- Found PythonInterp: /usr/bin/python3 (found suitable version "3.8.10", minimum required is "3.5") 
[1.957s] -- Found PythonLibs: /usr/lib/x86_64-linux-gnu/libpython3.8.so (found suitable version "3.8.10", minimum required is "3.5") 
[1.958s] -- Using PYTHON_EXECUTABLE: /usr/bin/python3
[1.958s] -- Using PYTHON_INCLUDE_DIRS: /usr/include/python3.8
[1.958s] -- Using PYTHON_LIBRARIES: /usr/lib/x86_64-linux-gnu/libpython3.8.so
[1.975s] -- Found PythonExtra: .so  
[1.984s] -- Added test 'copyright' to check source files copyright and LICENSE
[1.986s] -- Added test 'cppcheck' to perform static code analysis on C / C++ code
[1.987s] -- Configured cppcheck include dirs: /home/ros2_ws/src/demos/lifecycle/include
[1.987s] -- Configured cppcheck exclude dirs and/or files: 
[1.989s] -- Added test 'cpplint' to check C / C++ code against the Google style
[1.990s] -- Configured cpplint exclude dirs and/or files: 
[1.991s] -- Added test 'flake8' to check Python code syntax and style conventions
[1.992s] -- Added test 'lint_cmake' to check CMake code style
[1.993s] -- Added test 'pep257' to check Python code against some of the style conventions in PEP 257
[1.994s] -- Added test 'uncrustify' to check C / C++ code style
[1.994s] -- Configured uncrustify additional arguments: 
[1.994s] -- Added test 'xmllint' to check XML markup files
[1.998s] -- Configuring done
[2.171s] -- Generating done
[2.181s] -- Build files have been written to: /home/ros2_ws/build/lifecycle
[2.195s] Invoked command in '/home/ros2_ws/build/lifecycle' returned '0': CMAKE_PREFIX_PATH=/opt/ros/foxy /usr/bin/cmake /home/ros2_ws/src/demos/lifecycle -DCMAKE_INSTALL_PREFIX=/home/ros2_ws/install/lifecycle
[2.198s] Invoking command in '/home/ros2_ws/build/lifecycle': CMAKE_PREFIX_PATH=/opt/ros/foxy /usr/bin/cmake --build /home/ros2_ws/build/lifecycle -- -j4 -l4
[2.253s] [35m[1mScanning dependencies of target lifecycle_listener[0m
[2.366s] [ 16%] [32mBuilding CXX object CMakeFiles/lifecycle_listener.dir/src/lifecycle_listener.cpp.o[0m
[8.896s] [ 33%] [32m[1mLinking CXX executable lifecycle_listener[0m
[9.447s] [ 33%] Built target lifecycle_listener
[9.458s] [35m[1mScanning dependencies of target lifecycle_service_client[0m
[9.545s] [ 50%] [32mBuilding CXX object CMakeFiles/lifecycle_service_client.dir/src/lifecycle_service_client.cpp.o[0m
[12.842s] [ 66%] [32m[1mLinking CXX executable lifecycle_service_client[0m
[13.114s] [ 66%] Built target lifecycle_service_client
[13.142s] [35m[1mScanning dependencies of target lifecycle_talker[0m
[13.208s] [ 83%] [32mBuilding CXX object CMakeFiles/lifecycle_talker.dir/src/lifecycle_talker.cpp.o[0m
[16.375s] [100%] [32m[1mLinking CXX executable lifecycle_talker[0m
[16.653s] [100%] Built target lifecycle_talker
[16.664s] Invoked command in '/home/ros2_ws/build/lifecycle' returned '0': CMAKE_PREFIX_PATH=/opt/ros/foxy /usr/bin/cmake --build /home/ros2_ws/build/lifecycle -- -j4 -l4
[16.702s] Invoking command in '/home/ros2_ws/build/lifecycle': CMAKE_PREFIX_PATH=/opt/ros/foxy /usr/bin/cmake --install /home/ros2_ws/build/lifecycle
[16.713s] -- Install configuration: ""
[16.717s] -- Installing: /home/ros2_ws/install/lifecycle/lib/lifecycle/lifecycle_talker
[16.724s] -- Set runtime path of "/home/ros2_ws/install/lifecycle/lib/lifecycle/lifecycle_talker" to ""
[16.724s] -- Installing: /home/ros2_ws/install/lifecycle/lib/lifecycle/lifecycle_listener
[16.728s] -- Set runtime path of "/home/ros2_ws/install/lifecycle/lib/lifecycle/lifecycle_listener" to ""
[16.730s] -- Installing: /home/ros2_ws/install/lifecycle/lib/lifecycle/lifecycle_service_client
[16.737s] -- Set runtime path of "/home/ros2_ws/install/lifecycle/lib/lifecycle/lifecycle_service_client" to ""
[16.738s] -- Installing: /home/ros2_ws/install/lifecycle/share/lifecycle//launch
[16.740s] -- Installing: /home/ros2_ws/install/lifecycle/share/lifecycle//launch/lifecycle_demo.launch.py
[16.747s] -- Installing: /home/ros2_ws/install/lifecycle/share/ament_index/resource_index/package_run_dependencies/lifecycle
[16.747s] -- Installing: /home/ros2_ws/install/lifecycle/share/ament_index/resource_index/parent_prefix_path/lifecycle
[16.752s] -- Installing: /home/ros2_ws/install/lifecycle/share/lifecycle/environment/ament_prefix_path.sh
[16.752s] -- Installing: /home/ros2_ws/install/lifecycle/share/lifecycle/environment/ament_prefix_path.dsv
[16.752s] -- Installing: /home/ros2_ws/install/lifecycle/share/lifecycle/environment/path.sh
[16.752s] -- Installing: /home/ros2_ws/install/lifecycle/share/lifecycle/environment/path.dsv
[16.752s] -- Installing: /home/ros2_ws/install/lifecycle/share/lifecycle/local_setup.bash
[16.753s] -- Installing: /home/ros2_ws/install/lifecycle/share/lifecycle/local_setup.sh
[16.753s] -- Installing: /home/ros2_ws/install/lifecycle/share/lifecycle/local_setup.zsh
[16.753s] -- Installing: /home/ros2_ws/install/lifecycle/share/lifecycle/local_setup.dsv
[16.753s] -- Installing: /home/ros2_ws/install/lifecycle/share/lifecycle/package.dsv
[16.753s] -- Installing: /home/ros2_ws/install/lifecycle/share/ament_index/resource_index/packages/lifecycle
[16.755s] -- Installing: /home/ros2_ws/install/lifecycle/share/lifecycle/cmake/lifecycleConfig.cmake
[16.756s] -- Installing: /home/ros2_ws/install/lifecycle/share/lifecycle/cmake/lifecycleConfig-version.cmake
[16.756s] -- Installing: /home/ros2_ws/install/lifecycle/share/lifecycle/package.xml
[16.759s] Invoked command in '/home/ros2_ws/build/lifecycle' returned '0': CMAKE_PREFIX_PATH=/opt/ros/foxy /usr/bin/cmake --install /home/ros2_ws/build/lifecycle
