[0.009s] Invoking command in '/home/ros2_ws/build/image_tools': CMAKE_PREFIX_PATH=/opt/ros/foxy /usr/bin/cmake /home/ros2_ws/src/demos/image_tools -DCMAKE_INSTALL_PREFIX=/home/ros2_ws/install/image_tools
[0.078s] -- The C compiler identification is GNU 9.3.0
[0.145s] -- The CXX compiler identification is GNU 9.3.0
[0.150s] -- Check for working C compiler: /usr/bin/cc
[0.238s] -- Check for working C compiler: /usr/bin/cc -- works
[0.240s] -- Detecting C compiler ABI info
[0.320s] -- Detecting C compiler ABI info - done
[0.332s] -- Detecting C compile features
[0.335s] -- Detecting C compile features - done
[0.336s] -- Check for working CXX compiler: /usr/bin/c++
[0.426s] -- Check for working CXX compiler: /usr/bin/c++ -- works
[0.428s] -- Detecting CXX compiler ABI info
[0.563s] -- Detecting CXX compiler ABI info - done
[0.575s] -- Detecting CXX compile features
[0.576s] -- Detecting CXX compile features - done
[0.578s] -- Found ament_cmake: 0.9.8 (/opt/ros/foxy/share/ament_cmake/cmake)
[0.596s] -- Found PythonInterp: /usr/bin/python3 (found suitable version "3.8.10", minimum required is "3") 
[0.596s] -- Using PYTHON_EXECUTABLE: /usr/bin/python3
[0.759s] -- Found rclcpp: 2.3.1 (/opt/ros/foxy/share/rclcpp/cmake)
[0.800s] -- Using all available rosidl_typesupport_c: rosidl_typesupport_fastrtps_c;rosidl_typesupport_introspection_c
[0.807s] -- Found rosidl_adapter: 1.2.1 (/opt/ros/foxy/share/rosidl_adapter/cmake)
[1.043s] -- Found OpenSSL: /usr/lib/x86_64-linux-gnu/libcrypto.so (found version "1.1.1f")  
[1.068s] -- Found FastRTPS: /opt/ros/foxy/include  
[1.211s] -- Using all available rosidl_typesupport_cpp: rosidl_typesupport_fastrtps_cpp;rosidl_typesupport_introspection_cpp
[1.361s] -- Found rmw_implementation_cmake: 1.0.3 (/opt/ros/foxy/share/rmw_implementation_cmake/cmake)
[1.367s] -- Using RMW implementation 'rmw_fastrtps_cpp' as default
[1.368s] -- Looking for pthread.h
[1.641s] -- Looking for pthread.h - found
[1.642s] -- Performing Test CMAKE_HAVE_LIBC_PTHREAD
[1.967s] -- Performing Test CMAKE_HAVE_LIBC_PTHREAD - Failed
[1.968s] -- Looking for pthread_create in pthreads
[2.295s] -- Looking for pthread_create in pthreads - not found
[2.296s] -- Looking for pthread_create in pthread
[2.620s] -- Looking for pthread_create in pthread - found
[2.622s] -- Found Threads: TRUE  
[2.989s] -- Found rclcpp_components: 2.3.1 (/opt/ros/foxy/share/rclcpp_components/cmake)
[3.194s] -- Found sensor_msgs: 2.0.4 (/opt/ros/foxy/share/sensor_msgs/cmake)
[3.708s] -- Found OpenCV: /usr (found version "4.2.0") 
[3.751s] -- Found ament_lint_auto: 0.9.6 (/opt/ros/foxy/share/ament_lint_auto/cmake)
[4.135s] -- Found python_cmake_module: 0.8.1 (/opt/ros/foxy/share/python_cmake_module/cmake)
[4.170s] -- Found PythonInterp: /usr/bin/python3 (found suitable version "3.8.10", minimum required is "3.5") 
[4.174s] -- Found PythonLibs: /usr/lib/x86_64-linux-gnu/libpython3.8.so (found suitable version "3.8.10", minimum required is "3.5") 
[4.174s] -- Using PYTHON_EXECUTABLE: /usr/bin/python3
[4.174s] -- Using PYTHON_INCLUDE_DIRS: /usr/include/python3.8
[4.174s] -- Using PYTHON_LIBRARIES: /usr/lib/x86_64-linux-gnu/libpython3.8.so
[4.189s] -- Found PythonExtra: .so  
[4.351s] -- Added test 'copyright' to check source files copyright and LICENSE
[4.354s] -- Added test 'cppcheck' to perform static code analysis on C / C++ code
[4.354s] -- Configured cppcheck include dirs: /home/ros2_ws/src/demos/image_tools/include
[4.355s] -- Configured cppcheck exclude dirs and/or files: 
[4.356s] -- Added test 'cpplint' to check C / C++ code against the Google style
[4.356s] -- Configured cpplint exclude dirs and/or files: 
[4.359s] -- Added test 'lint_cmake' to check CMake code style
[4.361s] -- Added test 'uncrustify' to check C / C++ code style
[4.361s] -- Configured uncrustify additional arguments: 
[4.363s] -- Added test 'xmllint' to check XML markup files
[4.373s] -- Configuring done
[4.430s] -- Generating done
[4.436s] -- Build files have been written to: /home/ros2_ws/build/image_tools
[4.457s] Invoked command in '/home/ros2_ws/build/image_tools' returned '0': CMAKE_PREFIX_PATH=/opt/ros/foxy /usr/bin/cmake /home/ros2_ws/src/demos/image_tools -DCMAKE_INSTALL_PREFIX=/home/ros2_ws/install/image_tools
[4.460s] Invoking command in '/home/ros2_ws/build/image_tools': CMAKE_PREFIX_PATH=/opt/ros/foxy /usr/bin/cmake --build /home/ros2_ws/build/image_tools -- -j4 -l4
[4.639s] [35m[1mScanning dependencies of target cam2image[0m
[4.697s] [35m[1mScanning dependencies of target showimage[0m
[4.697s] [35m[1mScanning dependencies of target imagetools[0m
[4.784s] [ 12%] [32mBuilding CXX object CMakeFiles/cam2image.dir/rclcpp_components/node_main_cam2image.cpp.o[0m
[4.875s] [ 25%] [32mBuilding CXX object CMakeFiles/showimage.dir/rclcpp_components/node_main_showimage.cpp.o[0m
[4.892s] [ 37%] [32mBuilding CXX object CMakeFiles/imagetools.dir/src/cam2image.cpp.o[0m
[4.908s] [ 50%] [32mBuilding CXX object CMakeFiles/imagetools.dir/src/showimage.cpp.o[0m
[12.178s] [ 62%] [32m[1mLinking CXX executable cam2image[0m
[12.738s] [ 62%] Built target cam2image
[12.785s] [ 75%] [32mBuilding CXX object CMakeFiles/imagetools.dir/src/burger.cpp.o[0m
[13.191s] [ 87%] [32m[1mLinking CXX executable showimage[0m
[13.714s] [ 87%] Built target showimage
[20.881s] [100%] [32m[1mLinking CXX shared library libimagetools.so[0m
[21.615s] [100%] Built target imagetools
[21.633s] Invoked command in '/home/ros2_ws/build/image_tools' returned '0': CMAKE_PREFIX_PATH=/opt/ros/foxy /usr/bin/cmake --build /home/ros2_ws/build/image_tools -- -j4 -l4
[21.689s] Invoking command in '/home/ros2_ws/build/image_tools': CMAKE_PREFIX_PATH=/opt/ros/foxy /usr/bin/cmake --install /home/ros2_ws/build/image_tools
[21.708s] -- Install configuration: ""
[21.710s] -- Installing: /home/ros2_ws/install/image_tools/lib/image_tools/cam2image
[21.716s] -- Set runtime path of "/home/ros2_ws/install/image_tools/lib/image_tools/cam2image" to ""
[21.718s] -- Installing: /home/ros2_ws/install/image_tools/lib/image_tools/showimage
[21.725s] -- Set runtime path of "/home/ros2_ws/install/image_tools/lib/image_tools/showimage" to ""
[21.727s] -- Installing: /home/ros2_ws/install/image_tools/lib/libimagetools.so
[21.749s] -- Set runtime path of "/home/ros2_ws/install/image_tools/lib/libimagetools.so" to ""
[21.754s] -- Installing: /home/ros2_ws/install/image_tools/share/ament_index/resource_index/package_run_dependencies/image_tools
[21.759s] -- Installing: /home/ros2_ws/install/image_tools/share/ament_index/resource_index/parent_prefix_path/image_tools
[21.765s] -- Installing: /home/ros2_ws/install/image_tools/share/image_tools/environment/ament_prefix_path.sh
[21.769s] -- Installing: /home/ros2_ws/install/image_tools/share/image_tools/environment/ament_prefix_path.dsv
[21.773s] -- Installing: /home/ros2_ws/install/image_tools/share/image_tools/environment/path.sh
[21.777s] -- Installing: /home/ros2_ws/install/image_tools/share/image_tools/environment/path.dsv
[21.781s] -- Installing: /home/ros2_ws/install/image_tools/share/image_tools/local_setup.bash
[21.783s] -- Installing: /home/ros2_ws/install/image_tools/share/image_tools/local_setup.sh
[21.787s] -- Installing: /home/ros2_ws/install/image_tools/share/image_tools/local_setup.zsh
[21.790s] -- Installing: /home/ros2_ws/install/image_tools/share/image_tools/local_setup.dsv
[21.794s] -- Installing: /home/ros2_ws/install/image_tools/share/image_tools/package.dsv
[21.797s] -- Installing: /home/ros2_ws/install/image_tools/share/ament_index/resource_index/packages/image_tools
[21.799s] -- Installing: /home/ros2_ws/install/image_tools/share/ament_index/resource_index/rclcpp_components/image_tools
[21.801s] -- Installing: /home/ros2_ws/install/image_tools/share/image_tools/cmake/image_toolsConfig.cmake
[21.803s] -- Installing: /home/ros2_ws/install/image_tools/share/image_tools/cmake/image_toolsConfig-version.cmake
[21.805s] -- Installing: /home/ros2_ws/install/image_tools/share/image_tools/package.xml
[21.811s] Invoked command in '/home/ros2_ws/build/image_tools' returned '0': CMAKE_PREFIX_PATH=/opt/ros/foxy /usr/bin/cmake --install /home/ros2_ws/build/image_tools
