[0.014s] Invoking command in '/root/ros2_ws/build/tutorial_package': CMAKE_PREFIX_PATH=/opt/ros/foxy /usr/bin/cmake /root/ros2_ws/src/tutorial_package -DCMAKE_INSTALL_PREFIX=/root/ros2_ws/install/tutorial_package
[0.177s] -- The C compiler identification is GNU 9.3.0
[0.297s] -- The CXX compiler identification is GNU 9.3.0
[0.305s] -- Check for working C compiler: /usr/bin/cc
[0.367s] -- Check for working C compiler: /usr/bin/cc -- works
[0.368s] -- Detecting C compiler ABI info
[0.431s] -- Detecting C compiler ABI info - done
[0.442s] -- Detecting C compile features
[0.442s] -- Detecting C compile features - done
[0.447s] -- Check for working CXX compiler: /usr/bin/c++
[0.520s] -- Check for working CXX compiler: /usr/bin/c++ -- works
[0.520s] -- Detecting CXX compiler ABI info
[0.592s] -- Detecting CXX compiler ABI info - done
[0.599s] -- Detecting CXX compile features
[0.599s] -- Detecting CXX compile features - done
[0.606s] -- Found ament_cmake: 0.9.8 (/opt/ros/foxy/share/ament_cmake/cmake)
[0.626s] -- Found PythonInterp: /usr/bin/python3 (found suitable version "3.8.5", minimum required is "3") 
[0.626s] -- Using PYTHON_EXECUTABLE: /usr/bin/python3
[0.785s] -- Found rclcpp: 2.3.1 (/opt/ros/foxy/share/rclcpp/cmake)
[0.835s] -- Using all available rosidl_typesupport_c: rosidl_typesupport_fastrtps_c;rosidl_typesupport_introspection_c
[0.843s] -- Found rosidl_adapter: 1.2.1 (/opt/ros/foxy/share/rosidl_adapter/cmake)
[0.905s] -- Found OpenSSL: /usr/lib/x86_64-linux-gnu/libcrypto.so (found version "1.1.1f")  
[0.922s] -- Found FastRTPS: /opt/ros/foxy/include  
[0.989s] -- Using all available rosidl_typesupport_cpp: rosidl_typesupport_fastrtps_cpp;rosidl_typesupport_introspection_cpp
[1.055s] -- Found rmw_implementation_cmake: 1.0.3 (/opt/ros/foxy/share/rmw_implementation_cmake/cmake)
[1.057s] -- Using RMW implementation 'rmw_fastrtps_cpp' as default
[1.059s] -- Looking for pthread.h
[1.132s] -- Looking for pthread.h - found
[1.132s] -- Performing Test CMAKE_HAVE_LIBC_PTHREAD
[1.197s] -- Performing Test CMAKE_HAVE_LIBC_PTHREAD - Failed
[1.197s] -- Looking for pthread_create in pthreads
[1.252s] -- Looking for pthread_create in pthreads - not found
[1.252s] -- Looking for pthread_create in pthread
[1.313s] -- Looking for pthread_create in pthread - found
[1.313s] -- Found Threads: TRUE  
[1.535s] -- Configuring done
[1.542s] -- Generating done
[1.543s] -- Build files have been written to: /root/ros2_ws/build/tutorial_package
[1.548s] Invoked command in '/root/ros2_ws/build/tutorial_package' returned '0': CMAKE_PREFIX_PATH=/opt/ros/foxy /usr/bin/cmake /root/ros2_ws/src/tutorial_package -DCMAKE_INSTALL_PREFIX=/root/ros2_ws/install/tutorial_package
[1.551s] Invoking command in '/root/ros2_ws/build/tutorial_package': CMAKE_PREFIX_PATH=/opt/ros/foxy /usr/bin/cmake --build /root/ros2_ws/build/tutorial_package -- -j4 -l4
[1.588s] [35m[1mScanning dependencies of target helloworld[0m
[1.677s] [ 50%] [32mBuilding CXX object CMakeFiles/helloworld.dir/src/helloworld.cpp.o[0m
[3.279s] [100%] [32m[1mLinking CXX executable helloworld[0m
[3.409s] [100%] Built target helloworld
[3.419s] Invoked command in '/root/ros2_ws/build/tutorial_package' returned '0': CMAKE_PREFIX_PATH=/opt/ros/foxy /usr/bin/cmake --build /root/ros2_ws/build/tutorial_package -- -j4 -l4
[3.451s] Invoking command in '/root/ros2_ws/build/tutorial_package': CMAKE_PREFIX_PATH=/opt/ros/foxy /usr/bin/cmake --install /root/ros2_ws/build/tutorial_package
[3.457s] -- Install configuration: ""
[3.458s] -- Installing: /root/ros2_ws/install/tutorial_package/lib/tutorial_package/helloworld
[3.458s] -- Set runtime path of "/root/ros2_ws/install/tutorial_package/lib/tutorial_package/helloworld" to ""
[3.458s] -- Installing: /root/ros2_ws/install/tutorial_package/share/ament_index/resource_index/package_run_dependencies/tutorial_package
[3.458s] -- Installing: /root/ros2_ws/install/tutorial_package/share/ament_index/resource_index/parent_prefix_path/tutorial_package
[3.459s] -- Installing: /root/ros2_ws/install/tutorial_package/share/tutorial_package/environment/ament_prefix_path.sh
[3.459s] -- Installing: /root/ros2_ws/install/tutorial_package/share/tutorial_package/environment/ament_prefix_path.dsv
[3.459s] -- Installing: /root/ros2_ws/install/tutorial_package/share/tutorial_package/environment/path.sh
[3.459s] -- Installing: /root/ros2_ws/install/tutorial_package/share/tutorial_package/environment/path.dsv
[3.459s] -- Installing: /root/ros2_ws/install/tutorial_package/share/tutorial_package/local_setup.bash
[3.459s] -- Installing: /root/ros2_ws/install/tutorial_package/share/tutorial_package/local_setup.sh
[3.459s] -- Installing: /root/ros2_ws/install/tutorial_package/share/tutorial_package/local_setup.zsh
[3.460s] -- Installing: /root/ros2_ws/install/tutorial_package/share/tutorial_package/local_setup.dsv
[3.460s] -- Installing: /root/ros2_ws/install/tutorial_package/share/tutorial_package/package.dsv
[3.460s] -- Installing: /root/ros2_ws/install/tutorial_package/share/ament_index/resource_index/packages/tutorial_package
[3.460s] -- Installing: /root/ros2_ws/install/tutorial_package/share/tutorial_package/cmake/tutorial_packageConfig.cmake
[3.460s] -- Installing: /root/ros2_ws/install/tutorial_package/share/tutorial_package/cmake/tutorial_packageConfig-version.cmake
[3.460s] -- Installing: /root/ros2_ws/install/tutorial_package/share/tutorial_package/package.xml
[3.462s] Invoked command in '/root/ros2_ws/build/tutorial_package' returned '0': CMAKE_PREFIX_PATH=/opt/ros/foxy /usr/bin/cmake --install /root/ros2_ws/build/tutorial_package
