/home/ros2_ws/install/topic_monitor/lib/python3.8/site-packages/topic_monitor/__init__.py
/home/ros2_ws/install/topic_monitor/lib/python3.8/site-packages/topic_monitor/scripts/data_publisher.py
/home/ros2_ws/install/topic_monitor/lib/python3.8/site-packages/topic_monitor/scripts/topic_monitor.py
/home/ros2_ws/install/topic_monitor/lib/python3.8/site-packages/topic_monitor/scripts/__init__.py
/home/ros2_ws/install/topic_monitor/lib/python3.8/site-packages/topic_monitor/__pycache__/__init__.cpython-38.pyc
/home/ros2_ws/install/topic_monitor/lib/python3.8/site-packages/topic_monitor/scripts/__pycache__/data_publisher.cpython-38.pyc
/home/ros2_ws/install/topic_monitor/lib/python3.8/site-packages/topic_monitor/scripts/__pycache__/topic_monitor.cpython-38.pyc
/home/ros2_ws/install/topic_monitor/lib/python3.8/site-packages/topic_monitor/scripts/__pycache__/__init__.cpython-38.pyc
/home/ros2_ws/install/topic_monitor/share/ament_index/resource_index/packages/topic_monitor
/home/ros2_ws/install/topic_monitor/share/topic_monitor/package.xml
/home/ros2_ws/install/topic_monitor/share/topic_monitor/launch/fragmentation_demo.launch.py
/home/ros2_ws/install/topic_monitor/share/topic_monitor/launch/reliability_demo.launch.py
/home/ros2_ws/install/topic_monitor/share/topic_monitor/launch/depth_demo.launch.py
/home/ros2_ws/install/topic_monitor/lib/python3.8/site-packages/topic_monitor-0.9.3-py3.8.egg-info/entry_points.txt
/home/ros2_ws/install/topic_monitor/lib/python3.8/site-packages/topic_monitor-0.9.3-py3.8.egg-info/SOURCES.txt
/home/ros2_ws/install/topic_monitor/lib/python3.8/site-packages/topic_monitor-0.9.3-py3.8.egg-info/top_level.txt
/home/ros2_ws/install/topic_monitor/lib/python3.8/site-packages/topic_monitor-0.9.3-py3.8.egg-info/zip-safe
/home/ros2_ws/install/topic_monitor/lib/python3.8/site-packages/topic_monitor-0.9.3-py3.8.egg-info/PKG-INFO
/home/ros2_ws/install/topic_monitor/lib/python3.8/site-packages/topic_monitor-0.9.3-py3.8.egg-info/requires.txt
/home/ros2_ws/install/topic_monitor/lib/python3.8/site-packages/topic_monitor-0.9.3-py3.8.egg-info/dependency_links.txt
/home/ros2_ws/install/topic_monitor/lib/topic_monitor/data_publisher
/home/ros2_ws/install/topic_monitor/lib/topic_monitor/topic_monitor
