[0.012s] Invoking command in '/home/ros2_ws/build/demo_nodes_cpp_native': CMAKE_PREFIX_PATH=/opt/ros/foxy /usr/bin/cmake /home/ros2_ws/src/demos/demo_nodes_cpp_native -DCMAKE_INSTALL_PREFIX=/home/ros2_ws/install/demo_nodes_cpp_native
[0.096s] -- The C compiler identification is GNU 9.3.0
[0.170s] -- The CXX compiler identification is GNU 9.3.0
[0.180s] -- Check for working C compiler: /usr/bin/cc
[0.276s] -- Check for working C compiler: /usr/bin/cc -- works
[0.276s] -- Detecting C compiler ABI info
[0.357s] -- Detecting C compiler ABI info - done
[0.371s] -- Detecting C compile features
[0.372s] -- Detecting C compile features - done
[0.374s] -- Check for working CXX compiler: /usr/bin/c++
[0.482s] -- Check for working CXX compiler: /usr/bin/c++ -- works
[0.484s] -- Detecting CXX compiler ABI info
[0.592s] -- Detecting CXX compiler ABI info - done
[0.615s] -- Detecting CXX compile features
[0.616s] -- Detecting CXX compile features - done
[0.618s] -- Found ament_cmake: 0.9.8 (/opt/ros/foxy/share/ament_cmake/cmake)
[0.638s] -- Found PythonInterp: /usr/bin/python3 (found suitable version "3.8.10", minimum required is "3") 
[0.639s] -- Using PYTHON_EXECUTABLE: /usr/bin/python3
[0.806s] -- Found rclcpp: 2.3.1 (/opt/ros/foxy/share/rclcpp/cmake)
[0.851s] -- Using all available rosidl_typesupport_c: rosidl_typesupport_fastrtps_c;rosidl_typesupport_introspection_c
[0.861s] -- Found rosidl_adapter: 1.2.1 (/opt/ros/foxy/share/rosidl_adapter/cmake)
[0.982s] -- Found OpenSSL: /usr/lib/x86_64-linux-gnu/libcrypto.so (found version "1.1.1f")  
[1.007s] -- Found FastRTPS: /opt/ros/foxy/include  
[1.099s] -- Using all available rosidl_typesupport_cpp: rosidl_typesupport_fastrtps_cpp;rosidl_typesupport_introspection_cpp
[1.165s] -- Found rmw_implementation_cmake: 1.0.3 (/opt/ros/foxy/share/rmw_implementation_cmake/cmake)
[1.165s] -- Using RMW implementation 'rmw_fastrtps_cpp' as default
[1.165s] -- Looking for pthread.h
[1.277s] -- Looking for pthread.h - found
[1.279s] -- Performing Test CMAKE_HAVE_LIBC_PTHREAD
[1.409s] -- Performing Test CMAKE_HAVE_LIBC_PTHREAD - Failed
[1.409s] -- Looking for pthread_create in pthreads
[1.526s] -- Looking for pthread_create in pthreads - not found
[1.526s] -- Looking for pthread_create in pthread
[1.756s] -- Looking for pthread_create in pthread - found
[1.756s] -- Found Threads: TRUE  
[2.200s] -- Found rclcpp_components: 2.3.1 (/opt/ros/foxy/share/rclcpp_components/cmake)
[2.689s] -- Found ament_lint_auto: 0.9.6 (/opt/ros/foxy/share/ament_lint_auto/cmake)
[2.968s] -- Found python_cmake_module: 0.8.1 (/opt/ros/foxy/share/python_cmake_module/cmake)
[3.043s] -- Found PythonInterp: /usr/bin/python3 (found suitable version "3.8.10", minimum required is "3.5") 
[3.043s] -- Found PythonLibs: /usr/lib/x86_64-linux-gnu/libpython3.8.so (found suitable version "3.8.10", minimum required is "3.5") 
[3.043s] -- Using PYTHON_EXECUTABLE: /usr/bin/python3
[3.043s] -- Using PYTHON_INCLUDE_DIRS: /usr/include/python3.8
[3.043s] -- Using PYTHON_LIBRARIES: /usr/lib/x86_64-linux-gnu/libpython3.8.so
[3.102s] -- Found PythonExtra: .so  
[3.133s] -- Added test 'copyright' to check source files copyright and LICENSE
[3.136s] -- Added test 'cppcheck' to perform static code analysis on C / C++ code
[3.144s] -- Configured cppcheck include dirs: /home/ros2_ws/src/demos/demo_nodes_cpp_native/include
[3.144s] -- Configured cppcheck exclude dirs and/or files: 
[3.146s] -- Added test 'cpplint' to check C / C++ code against the Google style
[3.146s] -- Configured cpplint exclude dirs and/or files: 
[3.152s] -- Added test 'lint_cmake' to check CMake code style
[3.154s] -- Added test 'uncrustify' to check C / C++ code style
[3.154s] -- Configured uncrustify additional arguments: 
[3.155s] -- Added test 'xmllint' to check XML markup files
[3.176s] -- Configuring done
[3.245s] -- Generating done
[3.259s] -- Build files have been written to: /home/ros2_ws/build/demo_nodes_cpp_native
[3.283s] Invoked command in '/home/ros2_ws/build/demo_nodes_cpp_native' returned '0': CMAKE_PREFIX_PATH=/opt/ros/foxy /usr/bin/cmake /home/ros2_ws/src/demos/demo_nodes_cpp_native -DCMAKE_INSTALL_PREFIX=/home/ros2_ws/install/demo_nodes_cpp_native
[3.283s] Invoking command in '/home/ros2_ws/build/demo_nodes_cpp_native': CMAKE_PREFIX_PATH=/opt/ros/foxy /usr/bin/cmake --build /home/ros2_ws/build/demo_nodes_cpp_native -- -j4 -l4
[3.491s] [35m[1mScanning dependencies of target talker_native[0m
[3.494s] [35m[1mScanning dependencies of target talker[0m
[3.688s] [ 25%] [32mBuilding CXX object CMakeFiles/talker.dir/rclcpp_components/node_main_talker.cpp.o[0m
[3.771s] [ 50%] [32mBuilding CXX object CMakeFiles/talker_native.dir/src/talker.cpp.o[0m
[12.386s] [ 75%] [32m[1mLinking CXX executable talker[0m
[12.904s] [ 75%] Built target talker
[17.244s] [100%] [32m[1mLinking CXX shared library libtalker_native.so[0m
[18.068s] [100%] Built target talker_native
[18.088s] Invoked command in '/home/ros2_ws/build/demo_nodes_cpp_native' returned '0': CMAKE_PREFIX_PATH=/opt/ros/foxy /usr/bin/cmake --build /home/ros2_ws/build/demo_nodes_cpp_native -- -j4 -l4
[18.159s] Invoking command in '/home/ros2_ws/build/demo_nodes_cpp_native': CMAKE_PREFIX_PATH=/opt/ros/foxy /usr/bin/cmake --install /home/ros2_ws/build/demo_nodes_cpp_native
[18.175s] -- Install configuration: ""
[18.175s] -- Installing: /home/ros2_ws/install/demo_nodes_cpp_native/lib/demo_nodes_cpp_native/talker
[18.175s] -- Set runtime path of "/home/ros2_ws/install/demo_nodes_cpp_native/lib/demo_nodes_cpp_native/talker" to ""
[18.175s] -- Installing: /home/ros2_ws/install/demo_nodes_cpp_native/lib/libtalker_native.so
[18.186s] -- Set runtime path of "/home/ros2_ws/install/demo_nodes_cpp_native/lib/libtalker_native.so" to ""
[18.191s] -- Installing: /home/ros2_ws/install/demo_nodes_cpp_native/share/ament_index/resource_index/package_run_dependencies/demo_nodes_cpp_native
[18.195s] -- Installing: /home/ros2_ws/install/demo_nodes_cpp_native/share/ament_index/resource_index/parent_prefix_path/demo_nodes_cpp_native
[18.200s] -- Installing: /home/ros2_ws/install/demo_nodes_cpp_native/share/demo_nodes_cpp_native/environment/ament_prefix_path.sh
[18.204s] -- Installing: /home/ros2_ws/install/demo_nodes_cpp_native/share/demo_nodes_cpp_native/environment/ament_prefix_path.dsv
[18.207s] -- Installing: /home/ros2_ws/install/demo_nodes_cpp_native/share/demo_nodes_cpp_native/environment/path.sh
[18.209s] -- Installing: /home/ros2_ws/install/demo_nodes_cpp_native/share/demo_nodes_cpp_native/environment/path.dsv
[18.212s] -- Installing: /home/ros2_ws/install/demo_nodes_cpp_native/share/demo_nodes_cpp_native/local_setup.bash
[18.214s] -- Installing: /home/ros2_ws/install/demo_nodes_cpp_native/share/demo_nodes_cpp_native/local_setup.sh
[18.216s] -- Installing: /home/ros2_ws/install/demo_nodes_cpp_native/share/demo_nodes_cpp_native/local_setup.zsh
[18.218s] -- Installing: /home/ros2_ws/install/demo_nodes_cpp_native/share/demo_nodes_cpp_native/local_setup.dsv
[18.221s] -- Installing: /home/ros2_ws/install/demo_nodes_cpp_native/share/demo_nodes_cpp_native/package.dsv
[18.223s] -- Installing: /home/ros2_ws/install/demo_nodes_cpp_native/share/ament_index/resource_index/packages/demo_nodes_cpp_native
[18.226s] -- Installing: /home/ros2_ws/install/demo_nodes_cpp_native/share/ament_index/resource_index/rclcpp_components/demo_nodes_cpp_native
[18.228s] -- Installing: /home/ros2_ws/install/demo_nodes_cpp_native/share/demo_nodes_cpp_native/cmake/demo_nodes_cpp_nativeConfig.cmake
[18.230s] -- Installing: /home/ros2_ws/install/demo_nodes_cpp_native/share/demo_nodes_cpp_native/cmake/demo_nodes_cpp_nativeConfig-version.cmake
[18.232s] -- Installing: /home/ros2_ws/install/demo_nodes_cpp_native/share/demo_nodes_cpp_native/package.xml
[18.255s] Invoked command in '/home/ros2_ws/build/demo_nodes_cpp_native' returned '0': CMAKE_PREFIX_PATH=/opt/ros/foxy /usr/bin/cmake --install /home/ros2_ws/build/demo_nodes_cpp_native
