[0.048s] Invoking command in '/home/ros2_ws/build/composition': CMAKE_PREFIX_PATH=/opt/ros/foxy /usr/bin/cmake /home/ros2_ws/src/demos/composition -DCMAKE_INSTALL_PREFIX=/home/ros2_ws/install/composition
[0.129s] -- The C compiler identification is GNU 9.3.0
[0.193s] -- The CXX compiler identification is GNU 9.3.0
[0.198s] -- Check for working C compiler: /usr/bin/cc
[0.325s] -- Check for working C compiler: /usr/bin/cc -- works
[0.326s] -- Detecting C compiler ABI info
[0.463s] -- Detecting C compiler ABI info - done
[0.477s] -- Detecting C compile features
[0.481s] -- Detecting C compile features - done
[0.488s] -- Check for working CXX compiler: /usr/bin/c++
[0.644s] -- Check for working CXX compiler: /usr/bin/c++ -- works
[0.646s] -- Detecting CXX compiler ABI info
[0.815s] -- Detecting CXX compiler ABI info - done
[0.836s] -- Detecting CXX compile features
[0.838s] -- Detecting CXX compile features - done
[0.840s] -- Found ament_cmake: 0.9.8 (/opt/ros/foxy/share/ament_cmake/cmake)
[0.871s] -- Found PythonInterp: /usr/bin/python3 (found suitable version "3.8.10", minimum required is "3") 
[0.874s] -- Using PYTHON_EXECUTABLE: /usr/bin/python3
[1.194s] -- Found example_interfaces: 0.9.1 (/opt/ros/foxy/share/example_interfaces/cmake)
[1.247s] -- Using all available rosidl_typesupport_c: rosidl_typesupport_fastrtps_c;rosidl_typesupport_introspection_c
[1.257s] -- Found rosidl_adapter: 1.2.1 (/opt/ros/foxy/share/rosidl_adapter/cmake)
[1.351s] -- Found OpenSSL: /usr/lib/x86_64-linux-gnu/libcrypto.so (found version "1.1.1f")  
[1.374s] -- Found FastRTPS: /opt/ros/foxy/include  
[1.460s] -- Using all available rosidl_typesupport_cpp: rosidl_typesupport_fastrtps_cpp;rosidl_typesupport_introspection_cpp
[1.617s] -- Found rclcpp: 2.3.1 (/opt/ros/foxy/share/rclcpp/cmake)
[1.661s] -- Found rmw_implementation_cmake: 1.0.3 (/opt/ros/foxy/share/rmw_implementation_cmake/cmake)
[1.663s] -- Using RMW implementation 'rmw_fastrtps_cpp' as default
[1.664s] -- Looking for pthread.h
[1.759s] -- Looking for pthread.h - found
[1.760s] -- Performing Test CMAKE_HAVE_LIBC_PTHREAD
[1.864s] -- Performing Test CMAKE_HAVE_LIBC_PTHREAD - Failed
[1.865s] -- Looking for pthread_create in pthreads
[1.971s] -- Looking for pthread_create in pthreads - not found
[1.971s] -- Looking for pthread_create in pthread
[2.084s] -- Looking for pthread_create in pthread - found
[2.086s] -- Found Threads: TRUE  
[2.254s] -- Found rclcpp_components: 2.3.1 (/opt/ros/foxy/share/rclcpp_components/cmake)
[2.346s] -- Found ament_lint_auto: 0.9.6 (/opt/ros/foxy/share/ament_lint_auto/cmake)
[2.458s] -- Found python_cmake_module: 0.8.1 (/opt/ros/foxy/share/python_cmake_module/cmake)
[2.474s] -- Found PythonInterp: /usr/bin/python3 (found suitable version "3.8.10", minimum required is "3.5") 
[2.479s] -- Found PythonLibs: /usr/lib/x86_64-linux-gnu/libpython3.8.so (found suitable version "3.8.10", minimum required is "3.5") 
[2.481s] -- Using PYTHON_EXECUTABLE: /usr/bin/python3
[2.483s] -- Using PYTHON_INCLUDE_DIRS: /usr/include/python3.8
[2.486s] -- Using PYTHON_LIBRARIES: /usr/lib/x86_64-linux-gnu/libpython3.8.so
[2.502s] -- Found PythonExtra: .so  
[2.634s] -- Added test 'copyright' to check source files copyright and LICENSE
[2.637s] -- Added test 'cppcheck' to perform static code analysis on C / C++ code
[2.638s] -- Configured cppcheck include dirs: /home/ros2_ws/src/demos/composition/include
[2.638s] -- Configured cppcheck exclude dirs and/or files: 
[2.641s] -- Added test 'cpplint' to check C / C++ code against the Google style
[2.641s] -- Configured cpplint exclude dirs and/or files: 
[2.641s] -- Added test 'flake8' to check Python code syntax and style conventions
[2.642s] -- Added test 'lint_cmake' to check CMake code style
[2.646s] -- Added test 'pep257' to check Python code against some of the style conventions in PEP 257
[2.649s] -- Added test 'uncrustify' to check C / C++ code style
[2.649s] -- Configured uncrustify additional arguments: 
[2.649s] -- Added test 'xmllint' to check XML markup files
[2.654s] -- Configuring done
[2.718s] -- Generating done
[2.718s] -- Build files have been written to: /home/ros2_ws/build/composition
[2.723s] Invoked command in '/home/ros2_ws/build/composition' returned '0': CMAKE_PREFIX_PATH=/opt/ros/foxy /usr/bin/cmake /home/ros2_ws/src/demos/composition -DCMAKE_INSTALL_PREFIX=/home/ros2_ws/install/composition
[2.724s] Invoking command in '/home/ros2_ws/build/composition': CMAKE_PREFIX_PATH=/opt/ros/foxy /usr/bin/cmake --build /home/ros2_ws/build/composition -- -j4 -l4
[2.794s] [35m[1mScanning dependencies of target client_component[0m
[2.806s] [35m[1mScanning dependencies of target dlopen_composition[0m
[2.825s] [35m[1mScanning dependencies of target talker_component[0m
[2.834s] [35m[1mScanning dependencies of target listener_component[0m
[2.885s] [  6%] [32mBuilding CXX object CMakeFiles/client_component.dir/src/client_component.cpp.o[0m
[2.898s] [ 12%] [32mBuilding CXX object CMakeFiles/dlopen_composition.dir/src/dlopen_composition.cpp.o[0m
[2.902s] [ 18%] [32mBuilding CXX object CMakeFiles/listener_component.dir/src/listener_component.cpp.o[0m
[2.935s] [ 25%] [32mBuilding CXX object CMakeFiles/talker_component.dir/src/talker_component.cpp.o[0m
[9.085s] [ 31%] [32m[1mLinking CXX executable dlopen_composition[0m
[9.634s] [ 31%] Built target dlopen_composition
[9.697s] [35m[1mScanning dependencies of target node_like_listener_component[0m
[9.866s] [ 37%] [32mBuilding CXX object CMakeFiles/node_like_listener_component.dir/src/node_like_listener_component.cpp.o[0m
[11.814s] [ 43%] [32m[1mLinking CXX shared library libclient_component.so[0m
[12.553s] [ 43%] Built target client_component
[12.628s] [35m[1mScanning dependencies of target server_component[0m
[12.785s] [ 50%] [32mBuilding CXX object CMakeFiles/server_component.dir/src/server_component.cpp.o[0m
[12.882s] [ 56%] [32m[1mLinking CXX shared library libtalker_component.so[0m
[13.348s] [ 56%] Built target talker_component
[18.449s] [ 62%] [32m[1mLinking CXX shared library liblistener_component.so[0m
[19.014s] [ 68%] [32m[1mLinking CXX shared library libserver_component.so[0m
[19.151s] [ 68%] Built target listener_component
[19.378s] [ 68%] Built target server_component
[21.941s] [ 75%] [32m[1mLinking CXX shared library libnode_like_listener_component.so[0m
[22.223s] [ 75%] Built target node_like_listener_component
[22.236s] [35m[1mScanning dependencies of target linktime_composition[0m
[22.316s] [ 81%] [32mBuilding CXX object CMakeFiles/linktime_composition.dir/src/linktime_composition.cpp.o[0m
[24.405s] [ 87%] [32m[1mLinking CXX executable linktime_composition[0m
[24.705s] [ 87%] Built target linktime_composition
[24.719s] [35m[1mScanning dependencies of target manual_composition[0m
[24.775s] [ 93%] [32mBuilding CXX object CMakeFiles/manual_composition.dir/src/manual_composition.cpp.o[0m
[26.781s] [100%] [32m[1mLinking CXX executable manual_composition[0m
[27.113s] [100%] Built target manual_composition
[27.153s] Invoked command in '/home/ros2_ws/build/composition' returned '0': CMAKE_PREFIX_PATH=/opt/ros/foxy /usr/bin/cmake --build /home/ros2_ws/build/composition -- -j4 -l4
[27.202s] Invoking command in '/home/ros2_ws/build/composition': CMAKE_PREFIX_PATH=/opt/ros/foxy /usr/bin/cmake --install /home/ros2_ws/build/composition
[27.214s] -- Install configuration: ""
[27.215s] -- Installing: /home/ros2_ws/install/composition/share/composition/environment/library_path.sh
[27.218s] -- Installing: /home/ros2_ws/install/composition/share/composition/environment/library_path.dsv
[27.221s] -- Installing: /home/ros2_ws/install/composition/lib/libtalker_component.so
[27.229s] -- Set runtime path of "/home/ros2_ws/install/composition/lib/libtalker_component.so" to ""
[27.229s] -- Installing: /home/ros2_ws/install/composition/lib/liblistener_component.so
[27.232s] -- Set runtime path of "/home/ros2_ws/install/composition/lib/liblistener_component.so" to ""
[27.232s] -- Installing: /home/ros2_ws/install/composition/lib/libnode_like_listener_component.so
[27.244s] -- Set runtime path of "/home/ros2_ws/install/composition/lib/libnode_like_listener_component.so" to ""
[27.244s] -- Installing: /home/ros2_ws/install/composition/lib/libserver_component.so
[27.245s] -- Set runtime path of "/home/ros2_ws/install/composition/lib/libserver_component.so" to ""
[27.252s] -- Installing: /home/ros2_ws/install/composition/lib/libclient_component.so
[27.256s] -- Set runtime path of "/home/ros2_ws/install/composition/lib/libclient_component.so" to ""
[27.256s] -- Installing: /home/ros2_ws/install/composition/lib/composition/manual_composition
[27.257s] -- Set runtime path of "/home/ros2_ws/install/composition/lib/composition/manual_composition" to ""
[27.257s] -- Installing: /home/ros2_ws/install/composition/lib/composition/linktime_composition
[27.257s] -- Set runtime path of "/home/ros2_ws/install/composition/lib/composition/linktime_composition" to ""
[27.262s] -- Installing: /home/ros2_ws/install/composition/lib/composition/dlopen_composition
[27.265s] -- Set runtime path of "/home/ros2_ws/install/composition/lib/composition/dlopen_composition" to ""
[27.265s] -- Installing: /home/ros2_ws/install/composition/share/composition/launch
[27.266s] -- Installing: /home/ros2_ws/install/composition/share/composition/launch/composition_demo.launch.py
[27.266s] -- Installing: /home/ros2_ws/install/composition/share/ament_index/resource_index/package_run_dependencies/composition
[27.271s] -- Installing: /home/ros2_ws/install/composition/share/ament_index/resource_index/parent_prefix_path/composition
[27.272s] -- Installing: /home/ros2_ws/install/composition/share/composition/environment/ament_prefix_path.sh
[27.273s] -- Installing: /home/ros2_ws/install/composition/share/composition/environment/ament_prefix_path.dsv
[27.273s] -- Installing: /home/ros2_ws/install/composition/share/composition/environment/path.sh
[27.273s] -- Installing: /home/ros2_ws/install/composition/share/composition/environment/path.dsv
[27.273s] -- Installing: /home/ros2_ws/install/composition/share/composition/local_setup.bash
[27.273s] -- Installing: /home/ros2_ws/install/composition/share/composition/local_setup.sh
[27.273s] -- Installing: /home/ros2_ws/install/composition/share/composition/local_setup.zsh
[27.273s] -- Installing: /home/ros2_ws/install/composition/share/composition/local_setup.dsv
[27.274s] -- Installing: /home/ros2_ws/install/composition/share/composition/package.dsv
[27.274s] -- Installing: /home/ros2_ws/install/composition/share/ament_index/resource_index/packages/composition
[27.274s] -- Installing: /home/ros2_ws/install/composition/share/ament_index/resource_index/rclcpp_components/composition
[27.274s] -- Installing: /home/ros2_ws/install/composition/share/composition/cmake/compositionConfig.cmake
[27.274s] -- Installing: /home/ros2_ws/install/composition/share/composition/cmake/compositionConfig-version.cmake
[27.274s] -- Installing: /home/ros2_ws/install/composition/share/composition/package.xml
[27.287s] Invoked command in '/home/ros2_ws/build/composition' returned '0': CMAKE_PREFIX_PATH=/opt/ros/foxy /usr/bin/cmake --install /home/ros2_ws/build/composition
