[0.273s] Invoking command in '/home/ros2_ws/src/demos/action_tutorials/action_tutorials_py': AMENT_PREFIX_PATH=/home/ros2_ws/install/action_tutorials_interfaces:${AMENT_PREFIX_PATH} CMAKE_PREFIX_PATH=/home/ros2_ws/install/action_tutorials_interfaces LD_LIBRARY_PATH=/home/ros2_ws/install/action_tutorials_interfaces/lib:${LD_LIBRARY_PATH} PYTHONPATH=/home/ros2_ws/install/action_tutorials_py/lib/python3.8/site-packages:/home/ros2_ws/install/action_tutorials_interfaces/lib/python3.8/site-packages:${PYTHONPATH} /usr/bin/python3 setup.py egg_info --egg-base ../../../../build/action_tutorials_py build --build-base /home/ros2_ws/build/action_tutorials_py/build install --prefix /home/ros2_ws/install/action_tutorials_py --record /home/ros2_ws/build/action_tutorials_py/install.log --single-version-externally-managed
[0.460s] running egg_info
[0.462s] creating ../../../../build/action_tutorials_py/action_tutorials_py.egg-info
[0.466s] writing ../../../../build/action_tutorials_py/action_tutorials_py.egg-info/PKG-INFO
[0.468s] writing dependency_links to ../../../../build/action_tutorials_py/action_tutorials_py.egg-info/dependency_links.txt
[0.470s] writing entry points to ../../../../build/action_tutorials_py/action_tutorials_py.egg-info/entry_points.txt
[0.472s] writing requirements to ../../../../build/action_tutorials_py/action_tutorials_py.egg-info/requires.txt
[0.472s] writing top-level names to ../../../../build/action_tutorials_py/action_tutorials_py.egg-info/top_level.txt
[0.476s] writing manifest file '../../../../build/action_tutorials_py/action_tutorials_py.egg-info/SOURCES.txt'
[0.520s] reading manifest file '../../../../build/action_tutorials_py/action_tutorials_py.egg-info/SOURCES.txt'
[0.523s] writing manifest file '../../../../build/action_tutorials_py/action_tutorials_py.egg-info/SOURCES.txt'
[0.525s] running build
[0.527s] running build_py
[0.529s] creating /home/ros2_ws/build/action_tutorials_py/build
[0.531s] creating /home/ros2_ws/build/action_tutorials_py/build/lib
[0.533s] creating /home/ros2_ws/build/action_tutorials_py/build/lib/action_tutorials_py
[0.535s] copying action_tutorials_py/fibonacci_action_server.py -> /home/ros2_ws/build/action_tutorials_py/build/lib/action_tutorials_py
[0.535s] copying action_tutorials_py/__init__.py -> /home/ros2_ws/build/action_tutorials_py/build/lib/action_tutorials_py
[0.538s] copying action_tutorials_py/fibonacci_action_client.py -> /home/ros2_ws/build/action_tutorials_py/build/lib/action_tutorials_py
[0.538s] running install
[0.544s] running install_lib
[0.547s] creating /home/ros2_ws/install/action_tutorials_py/lib/python3.8/site-packages/action_tutorials_py
[0.549s] copying /home/ros2_ws/build/action_tutorials_py/build/lib/action_tutorials_py/fibonacci_action_server.py -> /home/ros2_ws/install/action_tutorials_py/lib/python3.8/site-packages/action_tutorials_py
[0.551s] copying /home/ros2_ws/build/action_tutorials_py/build/lib/action_tutorials_py/__init__.py -> /home/ros2_ws/install/action_tutorials_py/lib/python3.8/site-packages/action_tutorials_py
[0.551s] copying /home/ros2_ws/build/action_tutorials_py/build/lib/action_tutorials_py/fibonacci_action_client.py -> /home/ros2_ws/install/action_tutorials_py/lib/python3.8/site-packages/action_tutorials_py
[0.554s] byte-compiling /home/ros2_ws/install/action_tutorials_py/lib/python3.8/site-packages/action_tutorials_py/fibonacci_action_server.py to fibonacci_action_server.cpython-38.pyc
[0.560s] byte-compiling /home/ros2_ws/install/action_tutorials_py/lib/python3.8/site-packages/action_tutorials_py/__init__.py to __init__.cpython-38.pyc
[0.562s] byte-compiling /home/ros2_ws/install/action_tutorials_py/lib/python3.8/site-packages/action_tutorials_py/fibonacci_action_client.py to fibonacci_action_client.cpython-38.pyc
[0.564s] running install_data
[0.567s] creating /home/ros2_ws/install/action_tutorials_py/share/ament_index
[0.573s] creating /home/ros2_ws/install/action_tutorials_py/share/ament_index/resource_index
[0.574s] creating /home/ros2_ws/install/action_tutorials_py/share/ament_index/resource_index/packages
[0.574s] copying resource/action_tutorials_py -> /home/ros2_ws/install/action_tutorials_py/share/ament_index/resource_index/packages
[0.574s] copying package.xml -> /home/ros2_ws/install/action_tutorials_py/share/action_tutorials_py
[0.577s] running install_egg_info
[0.577s] Copying ../../../../build/action_tutorials_py/action_tutorials_py.egg-info to /home/ros2_ws/install/action_tutorials_py/lib/python3.8/site-packages/action_tutorials_py-0.9.3-py3.8.egg-info
[0.577s] running install_scripts
[0.596s] Installing fibonacci_action_client script to /home/ros2_ws/install/action_tutorials_py/lib/action_tutorials_py
[0.597s] Installing fibonacci_action_server script to /home/ros2_ws/install/action_tutorials_py/lib/action_tutorials_py
[0.597s] writing list of installed files to '/home/ros2_ws/build/action_tutorials_py/install.log'
[0.626s] Invoked command in '/home/ros2_ws/src/demos/action_tutorials/action_tutorials_py' returned '0': AMENT_PREFIX_PATH=/home/ros2_ws/install/action_tutorials_interfaces:${AMENT_PREFIX_PATH} CMAKE_PREFIX_PATH=/home/ros2_ws/install/action_tutorials_interfaces LD_LIBRARY_PATH=/home/ros2_ws/install/action_tutorials_interfaces/lib:${LD_LIBRARY_PATH} PYTHONPATH=/home/ros2_ws/install/action_tutorials_py/lib/python3.8/site-packages:/home/ros2_ws/install/action_tutorials_interfaces/lib/python3.8/site-packages:${PYTHONPATH} /usr/bin/python3 setup.py egg_info --egg-base ../../../../build/action_tutorials_py build --build-base /home/ros2_ws/build/action_tutorials_py/build install --prefix /home/ros2_ws/install/action_tutorials_py --record /home/ros2_ws/build/action_tutorials_py/install.log --single-version-externally-managed
