[0.027s] Invoking command in '/home/ros2_ws/build/intra_process_demo': CMAKE_PREFIX_PATH=/opt/ros/foxy /usr/bin/cmake /home/ros2_ws/src/demos/intra_process_demo -DCMAKE_INSTALL_PREFIX=/home/ros2_ws/install/intra_process_demo
[0.247s] -- The C compiler identification is GNU 9.3.0
[0.410s] -- The CXX compiler identification is GNU 9.3.0
[0.415s] -- Check for working C compiler: /usr/bin/cc
[0.686s] -- Check for working C compiler: /usr/bin/cc -- works
[0.687s] -- Detecting C compiler ABI info
[0.867s] -- Detecting C compiler ABI info - done
[0.887s] -- Detecting C compile features
[0.892s] -- Detecting C compile features - done
[0.899s] -- Check for working CXX compiler: /usr/bin/c++
[1.133s] -- Check for working CXX compiler: /usr/bin/c++ -- works
[1.136s] -- Detecting CXX compiler ABI info
[1.369s] -- Detecting CXX compiler ABI info - done
[1.382s] -- Detecting CXX compile features
[1.383s] -- Detecting CXX compile features - done
[1.389s] -- Found ament_cmake: 0.9.8 (/opt/ros/foxy/share/ament_cmake/cmake)
[1.425s] -- Found PythonInterp: /usr/bin/python3 (found suitable version "3.8.10", minimum required is "3") 
[1.426s] -- Using PYTHON_EXECUTABLE: /usr/bin/python3
[1.765s] -- Found rclcpp: 2.3.1 (/opt/ros/foxy/share/rclcpp/cmake)
[1.808s] -- Using all available rosidl_typesupport_c: rosidl_typesupport_fastrtps_c;rosidl_typesupport_introspection_c
[1.816s] -- Found rosidl_adapter: 1.2.1 (/opt/ros/foxy/share/rosidl_adapter/cmake)
[1.889s] -- Found OpenSSL: /usr/lib/x86_64-linux-gnu/libcrypto.so (found version "1.1.1f")  
[1.915s] -- Found FastRTPS: /opt/ros/foxy/include  
[2.022s] -- Using all available rosidl_typesupport_cpp: rosidl_typesupport_fastrtps_cpp;rosidl_typesupport_introspection_cpp
[2.094s] -- Found rmw_implementation_cmake: 1.0.3 (/opt/ros/foxy/share/rmw_implementation_cmake/cmake)
[2.097s] -- Using RMW implementation 'rmw_fastrtps_cpp' as default
[2.102s] -- Looking for pthread.h
[2.222s] -- Looking for pthread.h - found
[2.233s] -- Performing Test CMAKE_HAVE_LIBC_PTHREAD
[2.318s] -- Performing Test CMAKE_HAVE_LIBC_PTHREAD - Failed
[2.318s] -- Looking for pthread_create in pthreads
[2.388s] -- Looking for pthread_create in pthreads - not found
[2.388s] -- Looking for pthread_create in pthread
[2.476s] -- Looking for pthread_create in pthread - found
[2.477s] -- Found Threads: TRUE  
[2.638s] -- Found sensor_msgs: 2.0.4 (/opt/ros/foxy/share/sensor_msgs/cmake)
[2.778s] -- Found OpenCV: /usr (found version "4.2.0") 
[2.797s] -- Found ament_lint_auto: 0.9.6 (/opt/ros/foxy/share/ament_lint_auto/cmake)
[2.922s] -- Found python_cmake_module: 0.8.1 (/opt/ros/foxy/share/python_cmake_module/cmake)
[2.938s] -- Found PythonInterp: /usr/bin/python3 (found suitable version "3.8.10", minimum required is "3.5") 
[2.943s] -- Found PythonLibs: /usr/lib/x86_64-linux-gnu/libpython3.8.so (found suitable version "3.8.10", minimum required is "3.5") 
[2.944s] -- Using PYTHON_EXECUTABLE: /usr/bin/python3
[2.944s] -- Using PYTHON_INCLUDE_DIRS: /usr/include/python3.8
[2.944s] -- Using PYTHON_LIBRARIES: /usr/lib/x86_64-linux-gnu/libpython3.8.so
[2.962s] -- Found PythonExtra: .so  
[3.114s] -- Added test 'copyright' to check source files copyright and LICENSE
[3.118s] -- Added test 'cppcheck' to perform static code analysis on C / C++ code
[3.120s] -- Configured cppcheck include dirs: /home/ros2_ws/src/demos/intra_process_demo/include
[3.120s] -- Configured cppcheck exclude dirs and/or files: 
[3.124s] -- Added test 'cpplint' to check C / C++ code against the Google style
[3.124s] -- Configured cpplint exclude dirs and/or files: 
[3.128s] -- Added test 'lint_cmake' to check CMake code style
[3.132s] -- Added test 'uncrustify' to check C / C++ code style
[3.132s] -- Configured uncrustify additional arguments: 
[3.135s] -- Added test 'xmllint' to check XML markup files
[3.153s] -- Configuring done
[3.252s] -- Generating done
[3.253s] -- Build files have been written to: /home/ros2_ws/build/intra_process_demo
[3.254s] Invoked command in '/home/ros2_ws/build/intra_process_demo' returned '0': CMAKE_PREFIX_PATH=/opt/ros/foxy /usr/bin/cmake /home/ros2_ws/src/demos/intra_process_demo -DCMAKE_INSTALL_PREFIX=/home/ros2_ws/install/intra_process_demo
[3.257s] Invoking command in '/home/ros2_ws/build/intra_process_demo': CMAKE_PREFIX_PATH=/opt/ros/foxy /usr/bin/cmake --build /home/ros2_ws/build/intra_process_demo -- -j4 -l4
[3.314s] [35m[1mScanning dependencies of target two_node_pipeline[0m
[3.398s] [  7%] [32mBuilding CXX object CMakeFiles/two_node_pipeline.dir/src/two_node_pipeline/two_node_pipeline.cpp.o[0m
[8.805s] [ 14%] [32m[1mLinking CXX executable two_node_pipeline[0m
[9.131s] [ 14%] Built target two_node_pipeline
[9.140s] [35m[1mScanning dependencies of target image_pipeline_with_two_image_view[0m
[9.259s] [ 21%] [32mBuilding CXX object CMakeFiles/image_pipeline_with_two_image_view.dir/src/image_pipeline/image_pipeline_with_two_image_view.cpp.o[0m
[16.976s] [ 28%] [32m[1mLinking CXX executable image_pipeline_with_two_image_view[0m
[17.942s] [ 28%] Built target image_pipeline_with_two_image_view
[17.955s] [35m[1mScanning dependencies of target watermark_node[0m
[18.079s] [ 35%] [32mBuilding CXX object CMakeFiles/watermark_node.dir/src/image_pipeline/watermark_node.cpp.o[0m
[25.017s] [ 42%] [32m[1mLinking CXX executable watermark_node[0m
[25.667s] [ 42%] Built target watermark_node
[25.676s] [35m[1mScanning dependencies of target image_view_node[0m
[25.734s] [ 50%] [32mBuilding CXX object CMakeFiles/image_view_node.dir/src/image_pipeline/image_view_node.cpp.o[0m
[33.061s] [ 57%] [32m[1mLinking CXX executable image_view_node[0m
[33.790s] [ 57%] Built target image_view_node
[33.800s] [35m[1mScanning dependencies of target camera_node[0m
[33.858s] [ 64%] [32mBuilding CXX object CMakeFiles/camera_node.dir/src/image_pipeline/camera_node.cpp.o[0m
[38.497s] [ 71%] [32m[1mLinking CXX executable camera_node[0m
[39.049s] [ 71%] Built target camera_node
[39.059s] [35m[1mScanning dependencies of target image_pipeline_all_in_one[0m
[39.137s] [ 78%] [32mBuilding CXX object CMakeFiles/image_pipeline_all_in_one.dir/src/image_pipeline/image_pipeline_all_in_one.cpp.o[0m
[46.382s] [ 85%] [32m[1mLinking CXX executable image_pipeline_all_in_one[0m
[47.173s] [ 85%] Built target image_pipeline_all_in_one
[47.182s] [35m[1mScanning dependencies of target cyclic_pipeline[0m
[47.222s] [ 92%] [32mBuilding CXX object CMakeFiles/cyclic_pipeline.dir/src/cyclic_pipeline/cyclic_pipeline.cpp.o[0m
[52.390s] [100%] [32m[1mLinking CXX executable cyclic_pipeline[0m
[52.691s] [100%] Built target cyclic_pipeline
[52.718s] Invoked command in '/home/ros2_ws/build/intra_process_demo' returned '0': CMAKE_PREFIX_PATH=/opt/ros/foxy /usr/bin/cmake --build /home/ros2_ws/build/intra_process_demo -- -j4 -l4
[52.790s] Invoking command in '/home/ros2_ws/build/intra_process_demo': CMAKE_PREFIX_PATH=/opt/ros/foxy /usr/bin/cmake --install /home/ros2_ws/build/intra_process_demo
[52.801s] -- Install configuration: ""
[52.805s] -- Installing: /home/ros2_ws/install/intra_process_demo/lib/intra_process_demo/two_node_pipeline
[52.807s] -- Set runtime path of "/home/ros2_ws/install/intra_process_demo/lib/intra_process_demo/two_node_pipeline" to ""
[52.807s] -- Installing: /home/ros2_ws/install/intra_process_demo/lib/intra_process_demo/cyclic_pipeline
[52.809s] -- Set runtime path of "/home/ros2_ws/install/intra_process_demo/lib/intra_process_demo/cyclic_pipeline" to ""
[52.809s] -- Installing: /home/ros2_ws/install/intra_process_demo/lib/intra_process_demo/image_pipeline_all_in_one
[52.811s] -- Set runtime path of "/home/ros2_ws/install/intra_process_demo/lib/intra_process_demo/image_pipeline_all_in_one" to ""
[52.812s] -- Installing: /home/ros2_ws/install/intra_process_demo/lib/intra_process_demo/image_pipeline_with_two_image_view
[52.814s] -- Set runtime path of "/home/ros2_ws/install/intra_process_demo/lib/intra_process_demo/image_pipeline_with_two_image_view" to ""
[52.814s] -- Installing: /home/ros2_ws/install/intra_process_demo/lib/intra_process_demo/camera_node
[52.815s] -- Set runtime path of "/home/ros2_ws/install/intra_process_demo/lib/intra_process_demo/camera_node" to ""
[52.815s] -- Installing: /home/ros2_ws/install/intra_process_demo/lib/intra_process_demo/watermark_node
[52.817s] -- Set runtime path of "/home/ros2_ws/install/intra_process_demo/lib/intra_process_demo/watermark_node" to ""
[52.817s] -- Installing: /home/ros2_ws/install/intra_process_demo/lib/intra_process_demo/image_view_node
[52.839s] -- Set runtime path of "/home/ros2_ws/install/intra_process_demo/lib/intra_process_demo/image_view_node" to ""
[52.849s] -- Installing: /home/ros2_ws/install/intra_process_demo/include
[52.849s] -- Installing: /home/ros2_ws/install/intra_process_demo/include/image_pipeline
[52.849s] -- Installing: /home/ros2_ws/install/intra_process_demo/include/image_pipeline/watermark_node.hpp
[52.849s] -- Installing: /home/ros2_ws/install/intra_process_demo/include/image_pipeline/common.hpp
[52.849s] -- Installing: /home/ros2_ws/install/intra_process_demo/include/image_pipeline/camera_node.hpp
[52.849s] -- Installing: /home/ros2_ws/install/intra_process_demo/include/image_pipeline/image_view_node.hpp
[52.849s] -- Installing: /home/ros2_ws/install/intra_process_demo/share/ament_index/resource_index/package_run_dependencies/intra_process_demo
[52.849s] -- Installing: /home/ros2_ws/install/intra_process_demo/share/ament_index/resource_index/parent_prefix_path/intra_process_demo
[52.849s] -- Installing: /home/ros2_ws/install/intra_process_demo/share/intra_process_demo/environment/ament_prefix_path.sh
[52.850s] -- Installing: /home/ros2_ws/install/intra_process_demo/share/intra_process_demo/environment/ament_prefix_path.dsv
[52.850s] -- Installing: /home/ros2_ws/install/intra_process_demo/share/intra_process_demo/environment/path.sh
[52.850s] -- Installing: /home/ros2_ws/install/intra_process_demo/share/intra_process_demo/environment/path.dsv
[52.850s] -- Installing: /home/ros2_ws/install/intra_process_demo/share/intra_process_demo/local_setup.bash
[52.850s] -- Installing: /home/ros2_ws/install/intra_process_demo/share/intra_process_demo/local_setup.sh
[52.850s] -- Installing: /home/ros2_ws/install/intra_process_demo/share/intra_process_demo/local_setup.zsh
[52.850s] -- Installing: /home/ros2_ws/install/intra_process_demo/share/intra_process_demo/local_setup.dsv
[52.850s] -- Installing: /home/ros2_ws/install/intra_process_demo/share/intra_process_demo/package.dsv
[52.850s] -- Installing: /home/ros2_ws/install/intra_process_demo/share/ament_index/resource_index/packages/intra_process_demo
[52.850s] -- Installing: /home/ros2_ws/install/intra_process_demo/share/intra_process_demo/cmake/ament_cmake_export_include_directories-extras.cmake
[52.850s] -- Installing: /home/ros2_ws/install/intra_process_demo/share/intra_process_demo/cmake/intra_process_demoConfig.cmake
[52.850s] -- Installing: /home/ros2_ws/install/intra_process_demo/share/intra_process_demo/cmake/intra_process_demoConfig-version.cmake
[52.850s] -- Installing: /home/ros2_ws/install/intra_process_demo/share/intra_process_demo/package.xml
[52.851s] Invoked command in '/home/ros2_ws/build/intra_process_demo' returned '0': CMAKE_PREFIX_PATH=/opt/ros/foxy /usr/bin/cmake --install /home/ros2_ws/build/intra_process_demo
