[0.014s] Invoking command in '/root/ros2_ws/build/tutorial_topic': AMENT_PREFIX_PATH=/root/ros2_ws/install/tutorial_interfaces:${AMENT_PREFIX_PATH} CMAKE_PREFIX_PATH=/root/ros2_ws/install/tutorial_interfaces:/opt/ros/foxy LD_LIBRARY_PATH=/root/ros2_ws/install/tutorial_interfaces/lib:${LD_LIBRARY_PATH} PYTHONPATH=/root/ros2_ws/install/tutorial_interfaces/lib/python3.8/site-packages:${PYTHONPATH} /usr/bin/cmake --build /root/ros2_ws/build/tutorial_topic -- -j4 -l4
[0.056s] [35m[1mScanning dependencies of target subscriber_async[0m
[0.073s] [ 40%] Built target subscriber_custom
[0.073s] [ 40%] Built target publisher
[0.086s] [ 60%] Built target subscriber
[0.093s] [ 70%] [32mBuilding CXX object CMakeFiles/subscriber_async.dir/src/subscriber_async.cpp.o[0m
[0.099s] [ 90%] Built target publisher_custom
[4.226s] [100%] [32m[1mLinking CXX executable subscriber_async[0m
[4.453s] [100%] Built target subscriber_async
[4.463s] Invoked command in '/root/ros2_ws/build/tutorial_topic' returned '0': AMENT_PREFIX_PATH=/root/ros2_ws/install/tutorial_interfaces:${AMENT_PREFIX_PATH} CMAKE_PREFIX_PATH=/root/ros2_ws/install/tutorial_interfaces:/opt/ros/foxy LD_LIBRARY_PATH=/root/ros2_ws/install/tutorial_interfaces/lib:${LD_LIBRARY_PATH} PYTHONPATH=/root/ros2_ws/install/tutorial_interfaces/lib/python3.8/site-packages:${PYTHONPATH} /usr/bin/cmake --build /root/ros2_ws/build/tutorial_topic -- -j4 -l4
[4.501s] Invoking command in '/root/ros2_ws/build/tutorial_topic': AMENT_PREFIX_PATH=/root/ros2_ws/install/tutorial_interfaces:${AMENT_PREFIX_PATH} CMAKE_PREFIX_PATH=/root/ros2_ws/install/tutorial_interfaces:/opt/ros/foxy LD_LIBRARY_PATH=/root/ros2_ws/install/tutorial_interfaces/lib:${LD_LIBRARY_PATH} PYTHONPATH=/root/ros2_ws/install/tutorial_interfaces/lib/python3.8/site-packages:${PYTHONPATH} /usr/bin/cmake --install /root/ros2_ws/build/tutorial_topic
[4.508s] -- Install configuration: ""
[4.509s] -- Installing: /root/ros2_ws/install/tutorial_topic/lib/tutorial_topic/publisher
[4.512s] -- Set runtime path of "/root/ros2_ws/install/tutorial_topic/lib/tutorial_topic/publisher" to ""
[4.512s] -- Installing: /root/ros2_ws/install/tutorial_topic/lib/tutorial_topic/subscriber
[4.513s] -- Set runtime path of "/root/ros2_ws/install/tutorial_topic/lib/tutorial_topic/subscriber" to ""
[4.514s] -- Installing: /root/ros2_ws/install/tutorial_topic/lib/tutorial_topic/publisher_custom
[4.515s] -- Set runtime path of "/root/ros2_ws/install/tutorial_topic/lib/tutorial_topic/publisher_custom" to ""
[4.515s] -- Installing: /root/ros2_ws/install/tutorial_topic/lib/tutorial_topic/subscriber_custom
[4.517s] -- Set runtime path of "/root/ros2_ws/install/tutorial_topic/lib/tutorial_topic/subscriber_custom" to ""
[4.517s] -- Installing: /root/ros2_ws/install/tutorial_topic/lib/tutorial_topic/subscriber_async
[4.520s] -- Set runtime path of "/root/ros2_ws/install/tutorial_topic/lib/tutorial_topic/subscriber_async" to ""
[4.523s] -- Up-to-date: /root/ros2_ws/install/tutorial_topic/share/ament_index/resource_index/package_run_dependencies/tutorial_topic
[4.524s] -- Installing: /root/ros2_ws/install/tutorial_topic/share/ament_index/resource_index/parent_prefix_path/tutorial_topic
[4.524s] -- Installing: /root/ros2_ws/install/tutorial_topic/share/tutorial_topic/environment/ament_prefix_path.sh
[4.524s] -- Installing: /root/ros2_ws/install/tutorial_topic/share/tutorial_topic/environment/ament_prefix_path.dsv
[4.524s] -- Installing: /root/ros2_ws/install/tutorial_topic/share/tutorial_topic/environment/path.sh
[4.525s] -- Installing: /root/ros2_ws/install/tutorial_topic/share/tutorial_topic/environment/path.dsv
[4.525s] -- Up-to-date: /root/ros2_ws/install/tutorial_topic/share/tutorial_topic/local_setup.bash
[4.525s] -- Up-to-date: /root/ros2_ws/install/tutorial_topic/share/tutorial_topic/local_setup.sh
[4.525s] -- Up-to-date: /root/ros2_ws/install/tutorial_topic/share/tutorial_topic/local_setup.zsh
[4.525s] -- Installing: /root/ros2_ws/install/tutorial_topic/share/tutorial_topic/local_setup.dsv
[4.525s] -- Installing: /root/ros2_ws/install/tutorial_topic/share/tutorial_topic/package.dsv
[4.525s] -- Up-to-date: /root/ros2_ws/install/tutorial_topic/share/ament_index/resource_index/packages/tutorial_topic
[4.526s] -- Up-to-date: /root/ros2_ws/install/tutorial_topic/share/tutorial_topic/cmake/tutorial_topicConfig.cmake
[4.526s] -- Up-to-date: /root/ros2_ws/install/tutorial_topic/share/tutorial_topic/cmake/tutorial_topicConfig-version.cmake
[4.526s] -- Up-to-date: /root/ros2_ws/install/tutorial_topic/share/tutorial_topic/package.xml
[4.526s] Invoked command in '/root/ros2_ws/build/tutorial_topic' returned '0': AMENT_PREFIX_PATH=/root/ros2_ws/install/tutorial_interfaces:${AMENT_PREFIX_PATH} CMAKE_PREFIX_PATH=/root/ros2_ws/install/tutorial_interfaces:/opt/ros/foxy LD_LIBRARY_PATH=/root/ros2_ws/install/tutorial_interfaces/lib:${LD_LIBRARY_PATH} PYTHONPATH=/root/ros2_ws/install/tutorial_interfaces/lib/python3.8/site-packages:${PYTHONPATH} /usr/bin/cmake --install /root/ros2_ws/build/tutorial_topic
